{"/Users/memico/Documents/GitHub/seo_agency/src/App.jsx": {"path":"/Users/memico/Documents/GitHub/seo_agency/src/App.jsx","statementMap":{"0":{"start":{"line":18,"column":26},"end":{"line":18,"column":40}},"1":{"start":{"line":19,"column":32},"end":{"line":19,"column":46}},"2":{"start":{"line":21,"column":2},"end":{"line":36,"column":8}},"3":{"start":{"line":23,"column":4},"end":{"line":26,"column":6}},"4":{"start":{"line":24,"column":6},"end":{"line":24,"column":36}},"5":{"start":{"line":25,"column":6},"end":{"line":25,"column":23}},"6":{"start":{"line":31,"column":8},"end":{"line":33,"column":6}},"7":{"start":{"line":32,"column":6},"end":{"line":32,"column":36}},"8":{"start":{"line":35,"column":4},"end":{"line":35,"column":43}},"9":{"start":{"line":35,"column":17},"end":{"line":35,"column":43}},"10":{"start":{"line":38,"column":2},"end":{"line":45,"column":3}},"11":{"start":{"line":39,"column":4},"end":{"line":44,"column":5}},"12":{"start":{"line":47,"column":2},"end":{"line":67,"column":3}}},"fnMap":{"0":{"name":"App","decl":{"start":{"line":17,"column":9},"end":{"line":17,"column":12}},"loc":{"start":{"line":17,"column":15},"end":{"line":68,"column":1}},"line":17},"1":{"name":"(anonymous_1)","decl":{"start":{"line":21,"column":12},"end":{"line":21,"column":13}},"loc":{"start":{"line":21,"column":18},"end":{"line":36,"column":3}},"line":21},"2":{"name":"(anonymous_2)","decl":{"start":{"line":23,"column":36},"end":{"line":23,"column":37}},"loc":{"start":{"line":23,"column":63},"end":{"line":26,"column":5}},"line":23},"3":{"name":"(anonymous_3)","decl":{"start":{"line":31,"column":40},"end":{"line":31,"column":41}},"loc":{"start":{"line":31,"column":61},"end":{"line":33,"column":5}},"line":31},"4":{"name":"(anonymous_4)","decl":{"start":{"line":35,"column":11},"end":{"line":35,"column":12}},"loc":{"start":{"line":35,"column":17},"end":{"line":35,"column":43}},"line":35}},"branchMap":{"0":{"loc":{"start":{"line":24,"column":14},"end":{"line":24,"column":35}},"type":"binary-expr","locations":[{"start":{"line":24,"column":14},"end":{"line":24,"column":27}},{"start":{"line":24,"column":31},"end":{"line":24,"column":35}}],"line":24},"1":{"loc":{"start":{"line":32,"column":14},"end":{"line":32,"column":35}},"type":"binary-expr","locations":[{"start":{"line":32,"column":14},"end":{"line":32,"column":27}},{"start":{"line":32,"column":31},"end":{"line":32,"column":35}}],"line":32},"2":{"loc":{"start":{"line":38,"column":2},"end":{"line":45,"column":3}},"type":"if","locations":[{"start":{"line":38,"column":2},"end":{"line":45,"column":3}},{"start":{},"end":{}}],"line":38},"3":{"loc":{"start":{"line":47,"column":9},"end":{"line":67,"column":3}},"type":"cond-expr","locations":[{"start":{"line":48,"column":4},"end":{"line":64,"column":10}},{"start":{"line":66,"column":4},"end":{"line":66,"column":12}}],"line":47}},"s":{"0":0,"1":0,"2":0,"3":0,"4":0,"5":0,"6":0,"7":0,"8":0,"9":0,"10":0,"11":0,"12":0},"f":{"0":0,"1":0,"2":0,"3":0,"4":0},"b":{"0":[0,0],"1":[0,0],"2":[0,0],"3":[0,0]}}
,"/Users/memico/Documents/GitHub/seo_agency/src/main.jsx": {"path":"/Users/memico/Documents/GitHub/seo_agency/src/main.jsx","statementMap":{"0":{"start":{"line":7,"column":0},"end":{"line":13,"column":1}}},"fnMap":{},"branchMap":{},"s":{"0":0},"f":{},"b":{}}
,"/Users/memico/Documents/GitHub/seo_agency/src/components/AnalyticsDashboard.jsx": {"path":"/Users/memico/Documents/GitHub/seo_agency/src/components/AnalyticsDashboard.jsx","statementMap":{"0":{"start":{"line":5,"column":46},"end":{"line":5,"column":60}},"1":{"start":{"line":6,"column":52},"end":{"line":6,"column":69}},"2":{"start":{"line":8,"column":2},"end":{"line":206,"column":3}},"3":{"start":{"line":19,"column":58},"end":{"line":19,"column":91}}},"fnMap":{"0":{"name":"AnalyticsDashboard","decl":{"start":{"line":4,"column":24},"end":{"line":4,"column":42}},"loc":{"start":{"line":4,"column":53},"end":{"line":207,"column":1}},"line":4},"1":{"name":"(anonymous_1)","decl":{"start":{"line":19,"column":51},"end":{"line":19,"column":52}},"loc":{"start":{"line":19,"column":58},"end":{"line":19,"column":91}},"line":19}},"branchMap":{"0":{"loc":{"start":{"line":30,"column":31},"end":{"line":30,"column":80}},"type":"cond-expr","locations":[{"start":{"line":30,"column":67},"end":{"line":30,"column":75}},{"start":{"line":30,"column":78},"end":{"line":30,"column":80}}],"line":30},"1":{"loc":{"start":{"line":31,"column":31},"end":{"line":31,"column":80}},"type":"cond-expr","locations":[{"start":{"line":31,"column":67},"end":{"line":31,"column":75}},{"start":{"line":31,"column":78},"end":{"line":31,"column":80}}],"line":31},"2":{"loc":{"start":{"line":32,"column":31},"end":{"line":32,"column":84}},"type":"cond-expr","locations":[{"start":{"line":32,"column":71},"end":{"line":32,"column":79}},{"start":{"line":32,"column":82},"end":{"line":32,"column":84}}],"line":32},"3":{"loc":{"start":{"line":33,"column":31},"end":{"line":33,"column":84}},"type":"cond-expr","locations":[{"start":{"line":33,"column":71},"end":{"line":33,"column":79}},{"start":{"line":33,"column":82},"end":{"line":33,"column":84}}],"line":33},"4":{"loc":{"start":{"line":34,"column":31},"end":{"line":34,"column":81}},"type":"cond-expr","locations":[{"start":{"line":34,"column":68},"end":{"line":34,"column":76}},{"start":{"line":34,"column":79},"end":{"line":34,"column":81}}],"line":34},"5":{"loc":{"start":{"line":35,"column":31},"end":{"line":35,"column":83}},"type":"cond-expr","locations":[{"start":{"line":35,"column":70},"end":{"line":35,"column":78}},{"start":{"line":35,"column":81},"end":{"line":35,"column":83}}],"line":35}},"s":{"0":0,"1":0,"2":0,"3":0},"f":{"0":0,"1":0},"b":{"0":[0,0],"1":[0,0],"2":[0,0],"3":[0,0],"4":[0,0],"5":[0,0]}}
,"/Users/memico/Documents/GitHub/seo_agency/src/components/Auth.jsx": {"path":"/Users/memico/Documents/GitHub/seo_agency/src/components/Auth.jsx","statementMap":{"0":{"start":{"line":6,"column":32},"end":{"line":6,"column":46}},"1":{"start":{"line":7,"column":28},"end":{"line":7,"column":40}},"2":{"start":{"line":8,"column":34},"end":{"line":8,"column":46}},"3":{"start":{"line":9,"column":32},"end":{"line":9,"column":47}},"4":{"start":{"line":10,"column":32},"end":{"line":10,"column":64}},"5":{"start":{"line":12,"column":23},"end":{"line":49,"column":3}},"6":{"start":{"line":13,"column":4},"end":{"line":13,"column":22}},"7":{"start":{"line":14,"column":4},"end":{"line":14,"column":20}},"8":{"start":{"line":15,"column":4},"end":{"line":15,"column":38}},"9":{"start":{"line":17,"column":4},"end":{"line":48,"column":5}},"10":{"start":{"line":18,"column":6},"end":{"line":40,"column":7}},"11":{"start":{"line":20,"column":26},"end":{"line":23,"column":10}},"12":{"start":{"line":24,"column":8},"end":{"line":24,"column":30}},"13":{"start":{"line":24,"column":19},"end":{"line":24,"column":30}},"14":{"start":{"line":25,"column":8},"end":{"line":25,"column":66}},"15":{"start":{"line":28,"column":26},"end":{"line":36,"column":10}},"16":{"start":{"line":37,"column":8},"end":{"line":37,"column":30}},"17":{"start":{"line":37,"column":19},"end":{"line":37,"column":30}},"18":{"start":{"line":38,"column":8},"end":{"line":38,"column":84}},"19":{"start":{"line":39,"column":8},"end":{"line":39,"column":24}},"20":{"start":{"line":42,"column":6},"end":{"line":42,"column":18}},"21":{"start":{"line":43,"column":6},"end":{"line":43,"column":21}},"22":{"start":{"line":45,"column":6},"end":{"line":45,"column":56}},"23":{"start":{"line":47,"column":6},"end":{"line":47,"column":23}},"24":{"start":{"line":51,"column":2},"end":{"line":105,"column":3}},"25":{"start":{"line":63,"column":31},"end":{"line":63,"column":55}},"26":{"start":{"line":74,"column":31},"end":{"line":74,"column":58}},"27":{"start":{"line":96,"column":14},"end":{"line":96,"column":34}},"28":{"start":{"line":97,"column":14},"end":{"line":97,"column":48}}},"fnMap":{"0":{"name":"Auth","decl":{"start":{"line":5,"column":24},"end":{"line":5,"column":28}},"loc":{"start":{"line":5,"column":31},"end":{"line":106,"column":1}},"line":5},"1":{"name":"(anonymous_1)","decl":{"start":{"line":12,"column":23},"end":{"line":12,"column":24}},"loc":{"start":{"line":12,"column":36},"end":{"line":49,"column":3}},"line":12},"2":{"name":"(anonymous_2)","decl":{"start":{"line":63,"column":24},"end":{"line":63,"column":25}},"loc":{"start":{"line":63,"column":31},"end":{"line":63,"column":55}},"line":63},"3":{"name":"(anonymous_3)","decl":{"start":{"line":74,"column":24},"end":{"line":74,"column":25}},"loc":{"start":{"line":74,"column":31},"end":{"line":74,"column":58}},"line":74},"4":{"name":"(anonymous_4)","decl":{"start":{"line":95,"column":21},"end":{"line":95,"column":22}},"loc":{"start":{"line":95,"column":27},"end":{"line":98,"column":13}},"line":95}},"branchMap":{"0":{"loc":{"start":{"line":18,"column":6},"end":{"line":40,"column":7}},"type":"if","locations":[{"start":{"line":18,"column":6},"end":{"line":40,"column":7}},{"start":{"line":26,"column":13},"end":{"line":40,"column":7}}],"line":18},"1":{"loc":{"start":{"line":24,"column":8},"end":{"line":24,"column":30}},"type":"if","locations":[{"start":{"line":24,"column":8},"end":{"line":24,"column":30}},{"start":{},"end":{}}],"line":24},"2":{"loc":{"start":{"line":37,"column":8},"end":{"line":37,"column":30}},"type":"if","locations":[{"start":{"line":37,"column":8},"end":{"line":37,"column":30}},{"start":{},"end":{}}],"line":37},"3":{"loc":{"start":{"line":54,"column":13},"end":{"line":54,"column":42}},"type":"cond-expr","locations":[{"start":{"line":54,"column":23},"end":{"line":54,"column":30}},{"start":{"line":54,"column":33},"end":{"line":54,"column":42}}],"line":54},"4":{"loc":{"start":{"line":81,"column":13},"end":{"line":81,"column":70}},"type":"cond-expr","locations":[{"start":{"line":81,"column":23},"end":{"line":81,"column":38}},{"start":{"line":81,"column":41},"end":{"line":81,"column":70}}],"line":81},"5":{"loc":{"start":{"line":81,"column":41},"end":{"line":81,"column":70}},"type":"cond-expr","locations":[{"start":{"line":81,"column":51},"end":{"line":81,"column":58}},{"start":{"line":81,"column":61},"end":{"line":81,"column":70}}],"line":81},"6":{"loc":{"start":{"line":85,"column":9},"end":{"line":89,"column":9}},"type":"binary-expr","locations":[{"start":{"line":85,"column":9},"end":{"line":85,"column":21}},{"start":{"line":86,"column":10},"end":{"line":88,"column":16}}],"line":85},"7":{"loc":{"start":{"line":92,"column":11},"end":{"line":92,"column":76}},"type":"cond-expr","locations":[{"start":{"line":92,"column":21},"end":{"line":92,"column":46}},{"start":{"line":92,"column":49},"end":{"line":92,"column":76}}],"line":92},"8":{"loc":{"start":{"line":100,"column":13},"end":{"line":100,"column":42}},"type":"cond-expr","locations":[{"start":{"line":100,"column":23},"end":{"line":100,"column":32}},{"start":{"line":100,"column":35},"end":{"line":100,"column":42}}],"line":100}},"s":{"0":0,"1":0,"2":0,"3":0,"4":0,"5":0,"6":0,"7":0,"8":0,"9":0,"10":0,"11":0,"12":0,"13":0,"14":0,"15":0,"16":0,"17":0,"18":0,"19":0,"20":0,"21":0,"22":0,"23":0,"24":0,"25":0,"26":0,"27":0,"28":0},"f":{"0":0,"1":0,"2":0,"3":0,"4":0},"b":{"0":[0,0],"1":[0,0],"2":[0,0],"3":[0,0],"4":[0,0],"5":[0,0],"6":[0,0],"7":[0,0],"8":[0,0]}}
,"/Users/memico/Documents/GitHub/seo_agency/src/components/DomainAnalyticsForm.jsx": {"path":"/Users/memico/Documents/GitHub/seo_agency/src/components/DomainAnalyticsForm.jsx","statementMap":{"0":{"start":{"line":10,"column":34},"end":{"line":15,"column":4}},"1":{"start":{"line":16,"column":32},"end":{"line":16,"column":47}},"2":{"start":{"line":17,"column":32},"end":{"line":17,"column":64}},"3":{"start":{"line":18,"column":32},"end":{"line":18,"column":46}},"4":{"start":{"line":19,"column":40},"end":{"line":19,"column":55}},"5":{"start":{"line":21,"column":23},"end":{"line":26,"column":3}},"6":{"start":{"line":22,"column":4},"end":{"line":25,"column":6}},"7":{"start":{"line":28,"column":23},"end":{"line":123,"column":3}},"8":{"start":{"line":29,"column":4},"end":{"line":29,"column":22}},"9":{"start":{"line":30,"column":4},"end":{"line":30,"column":20}},"10":{"start":{"line":31,"column":4},"end":{"line":31,"column":38}},"11":{"start":{"line":32,"column":4},"end":{"line":32,"column":25}},"12":{"start":{"line":33,"column":4},"end":{"line":33,"column":20}},"13":{"start":{"line":36,"column":4},"end":{"line":122,"column":5}},"14":{"start":{"line":38,"column":24},"end":{"line":38,"column":32}},"15":{"start":{"line":41,"column":38},"end":{"line":49,"column":10}},"16":{"start":{"line":51,"column":6},"end":{"line":51,"column":42}},"17":{"start":{"line":51,"column":24},"end":{"line":51,"column":42}},"18":{"start":{"line":54,"column":26},"end":{"line":60,"column":8}},"19":{"start":{"line":63,"column":85},"end":{"line":63,"column":96}},"20":{"start":{"line":66,"column":6},"end":{"line":66,"column":32}},"21":{"start":{"line":67,"column":6},"end":{"line":67,"column":26}},"22":{"start":{"line":70,"column":6},"end":{"line":70,"column":69}},"23":{"start":{"line":73,"column":34},"end":{"line":73,"column":58}},"24":{"start":{"line":74,"column":30},"end":{"line":74,"column":50}},"25":{"start":{"line":77,"column":6},"end":{"line":85,"column":28}},"26":{"start":{"line":88,"column":29},"end":{"line":88,"column":57}},"27":{"start":{"line":89,"column":26},"end":{"line":98,"column":8}},"28":{"start":{"line":101,"column":30},"end":{"line":101,"column":98}},"29":{"start":{"line":102,"column":6},"end":{"line":112,"column":7}},"30":{"start":{"line":103,"column":8},"end":{"line":106,"column":10}},"31":{"start":{"line":108,"column":8},"end":{"line":111,"column":10}},"32":{"start":{"line":115,"column":6},"end":{"line":115,"column":36}},"33":{"start":{"line":116,"column":6},"end":{"line":119,"column":8}},"34":{"start":{"line":121,"column":6},"end":{"line":121,"column":23}},"35":{"start":{"line":125,"column":26},"end":{"line":135,"column":3}},"36":{"start":{"line":126,"column":4},"end":{"line":131,"column":6}},"37":{"start":{"line":132,"column":4},"end":{"line":132,"column":25}},"38":{"start":{"line":133,"column":4},"end":{"line":133,"column":20}},"39":{"start":{"line":134,"column":4},"end":{"line":134,"column":38}},"40":{"start":{"line":137,"column":29},"end":{"line":139,"column":3}},"41":{"start":{"line":138,"column":4},"end":{"line":138,"column":25}},"42":{"start":{"line":141,"column":2},"end":{"line":242,"column":3}}},"fnMap":{"0":{"name":"DomainAnalyticsForm","decl":{"start":{"line":9,"column":24},"end":{"line":9,"column":43}},"loc":{"start":{"line":9,"column":54},"end":{"line":243,"column":1}},"line":9},"1":{"name":"(anonymous_1)","decl":{"start":{"line":21,"column":23},"end":{"line":21,"column":24}},"loc":{"start":{"line":21,"column":30},"end":{"line":26,"column":3}},"line":21},"2":{"name":"(anonymous_2)","decl":{"start":{"line":28,"column":23},"end":{"line":28,"column":24}},"loc":{"start":{"line":28,"column":36},"end":{"line":123,"column":3}},"line":28},"3":{"name":"(anonymous_3)","decl":{"start":{"line":125,"column":26},"end":{"line":125,"column":27}},"loc":{"start":{"line":125,"column":32},"end":{"line":135,"column":3}},"line":125},"4":{"name":"(anonymous_4)","decl":{"start":{"line":137,"column":29},"end":{"line":137,"column":30}},"loc":{"start":{"line":137,"column":35},"end":{"line":139,"column":3}},"line":137}},"branchMap":{"0":{"loc":{"start":{"line":51,"column":6},"end":{"line":51,"column":42}},"type":"if","locations":[{"start":{"line":51,"column":6},"end":{"line":51,"column":42}},{"start":{},"end":{}}],"line":51},"1":{"loc":{"start":{"line":88,"column":29},"end":{"line":88,"column":57}},"type":"binary-expr","locations":[{"start":{"line":88,"column":29},"end":{"line":88,"column":43}},{"start":{"line":88,"column":47},"end":{"line":88,"column":57}}],"line":88},"2":{"loc":{"start":{"line":102,"column":6},"end":{"line":112,"column":7}},"type":"if","locations":[{"start":{"line":102,"column":6},"end":{"line":112,"column":7}},{"start":{"line":107,"column":13},"end":{"line":112,"column":7}}],"line":102},"3":{"loc":{"start":{"line":117,"column":14},"end":{"line":117,"column":114}},"type":"binary-expr","locations":[{"start":{"line":117,"column":14},"end":{"line":117,"column":27}},{"start":{"line":117,"column":31},"end":{"line":117,"column":114}}],"line":117},"4":{"loc":{"start":{"line":207,"column":11},"end":{"line":211,"column":11}},"type":"binary-expr","locations":[{"start":{"line":207,"column":11},"end":{"line":207,"column":23}},{"start":{"line":208,"column":12},"end":{"line":210,"column":21}}],"line":207},"5":{"loc":{"start":{"line":209,"column":15},"end":{"line":209,"column":64}},"type":"cond-expr","locations":[{"start":{"line":209,"column":25},"end":{"line":209,"column":41}},{"start":{"line":209,"column":44},"end":{"line":209,"column":64}}],"line":209},"6":{"loc":{"start":{"line":215,"column":9},"end":{"line":219,"column":9}},"type":"binary-expr","locations":[{"start":{"line":215,"column":9},"end":{"line":215,"column":21}},{"start":{"line":216,"column":10},"end":{"line":218,"column":16}}],"line":215},"7":{"loc":{"start":{"line":222,"column":9},"end":{"line":228,"column":9}},"type":"binary-expr","locations":[{"start":{"line":222,"column":9},"end":{"line":222,"column":20}},{"start":{"line":223,"column":10},"end":{"line":227,"column":16}}],"line":222},"8":{"loc":{"start":{"line":232,"column":7},"end":{"line":240,"column":7}},"type":"binary-expr","locations":[{"start":{"line":232,"column":7},"end":{"line":232,"column":18}},{"start":{"line":232,"column":22},"end":{"line":232,"column":29}},{"start":{"line":233,"column":8},"end":{"line":239,"column":14}}],"line":232},"9":{"loc":{"start":{"line":235,"column":21},"end":{"line":235,"column":71}},"type":"cond-expr","locations":[{"start":{"line":235,"column":46},"end":{"line":235,"column":53}},{"start":{"line":235,"column":56},"end":{"line":235,"column":71}}],"line":235},"10":{"loc":{"start":{"line":237,"column":26},"end":{"line":237,"column":50}},"type":"binary-expr","locations":[{"start":{"line":237,"column":26},"end":{"line":237,"column":42}},{"start":{"line":237,"column":46},"end":{"line":237,"column":50}}],"line":237}},"s":{"0":0,"1":0,"2":0,"3":0,"4":0,"5":0,"6":0,"7":0,"8":0,"9":0,"10":0,"11":0,"12":0,"13":0,"14":0,"15":0,"16":0,"17":0,"18":0,"19":0,"20":0,"21":0,"22":0,"23":0,"24":0,"25":0,"26":0,"27":0,"28":0,"29":0,"30":0,"31":0,"32":0,"33":0,"34":0,"35":0,"36":0,"37":0,"38":0,"39":0,"40":0,"41":0,"42":0},"f":{"0":0,"1":0,"2":0,"3":0,"4":0},"b":{"0":[0,0],"1":[0,0],"2":[0,0],"3":[0,0],"4":[0,0],"5":[0,0],"6":[0,0],"7":[0,0],"8":[0,0,0],"9":[0,0],"10":[0,0]}}
,"/Users/memico/Documents/GitHub/seo_agency/src/components/DomainAnalyticsResults.jsx": {"path":"/Users/memico/Documents/GitHub/seo_agency/src/components/DomainAnalyticsResults.jsx","statementMap":{"0":{"start":{"line":3,"column":26},"end":{"line":5,"column":3}},"1":{"start":{"line":4,"column":4},"end":{"line":4,"column":54}},"2":{"start":{"line":7,"column":37},"end":{"line":9,"column":3}},"3":{"start":{"line":8,"column":4},"end":{"line":8,"column":47}},"4":{"start":{"line":12,"column":2},"end":{"line":157,"column":3}},"5":{"start":{"line":13,"column":4},"end":{"line":23,"column":5}},"6":{"start":{"line":14,"column":6},"end":{"line":22,"column":7}},"7":{"start":{"line":25,"column":4},"end":{"line":156,"column":5}},"8":{"start":{"line":35,"column":27},"end":{"line":35,"column":84}},"9":{"start":{"line":36,"column":38},"end":{"line":36,"column":92}},"10":{"start":{"line":38,"column":12},"end":{"line":149,"column":13}},"11":{"start":{"line":160,"column":2},"end":{"line":168,"column":3}},"12":{"start":{"line":174,"column":29},"end":{"line":176,"column":3}},"13":{"start":{"line":175,"column":4},"end":{"line":175,"column":45}},"14":{"start":{"line":179,"column":23},"end":{"line":181,"column":3}},"15":{"start":{"line":180,"column":4},"end":{"line":180,"column":45}},"16":{"start":{"line":183,"column":2},"end":{"line":185,"column":3}},"17":{"start":{"line":184,"column":4},"end":{"line":184,"column":15}},"18":{"start":{"line":187,"column":2},"end":{"line":392,"column":3}},"19":{"start":{"line":212,"column":14},"end":{"line":237,"column":20}},"20":{"start":{"line":248,"column":16},"end":{"line":259,"column":22}},"21":{"start":{"line":271,"column":16},"end":{"line":279,"column":22}},"22":{"start":{"line":347,"column":20},"end":{"line":363,"column":25}},"23":{"start":{"line":375,"column":58},"end":{"line":375,"column":63}},"24":{"start":{"line":380,"column":16},"end":{"line":384,"column":17}}},"fnMap":{"0":{"name":"DomainAnalyticsResults","decl":{"start":{"line":1,"column":24},"end":{"line":1,"column":46}},"loc":{"start":{"line":1,"column":90},"end":{"line":169,"column":1}},"line":1},"1":{"name":"(anonymous_1)","decl":{"start":{"line":3,"column":26},"end":{"line":3,"column":27}},"loc":{"start":{"line":3,"column":50},"end":{"line":5,"column":3}},"line":3},"2":{"name":"(anonymous_2)","decl":{"start":{"line":7,"column":37},"end":{"line":7,"column":38}},"loc":{"start":{"line":7,"column":54},"end":{"line":9,"column":3}},"line":7},"3":{"name":"(anonymous_3)","decl":{"start":{"line":33,"column":23},"end":{"line":33,"column":24}},"loc":{"start":{"line":33,"column":42},"end":{"line":150,"column":11}},"line":33},"4":{"name":"EnhancedAnalysisSection","decl":{"start":{"line":172,"column":9},"end":{"line":172,"column":32}},"loc":{"start":{"line":172,"column":51},"end":{"line":393,"column":1}},"line":172},"5":{"name":"(anonymous_5)","decl":{"start":{"line":174,"column":29},"end":{"line":174,"column":30}},"loc":{"start":{"line":174,"column":41},"end":{"line":176,"column":3}},"line":174},"6":{"name":"(anonymous_6)","decl":{"start":{"line":179,"column":23},"end":{"line":179,"column":24}},"loc":{"start":{"line":179,"column":32},"end":{"line":181,"column":3}},"line":179},"7":{"name":"(anonymous_7)","decl":{"start":{"line":211,"column":48},"end":{"line":211,"column":49}},"loc":{"start":{"line":212,"column":14},"end":{"line":237,"column":20}},"line":212},"8":{"name":"(anonymous_8)","decl":{"start":{"line":247,"column":57},"end":{"line":247,"column":58}},"loc":{"start":{"line":248,"column":16},"end":{"line":259,"column":22}},"line":248},"9":{"name":"(anonymous_9)","decl":{"start":{"line":270,"column":59},"end":{"line":270,"column":60}},"loc":{"start":{"line":271,"column":16},"end":{"line":279,"column":22}},"line":271},"10":{"name":"(anonymous_10)","decl":{"start":{"line":346,"column":63},"end":{"line":346,"column":64}},"loc":{"start":{"line":347,"column":20},"end":{"line":363,"column":25}},"line":347},"11":{"name":"(anonymous_11)","decl":{"start":{"line":375,"column":49},"end":{"line":375,"column":50}},"loc":{"start":{"line":375,"column":58},"end":{"line":375,"column":63}},"line":375},"12":{"name":"(anonymous_12)","decl":{"start":{"line":379,"column":55},"end":{"line":379,"column":56}},"loc":{"start":{"line":380,"column":16},"end":{"line":384,"column":17}},"line":380}},"branchMap":{"0":{"loc":{"start":{"line":1,"column":67},"end":{"line":1,"column":86}},"type":"default-arg","locations":[{"start":{"line":1,"column":82},"end":{"line":1,"column":86}}],"line":1},"1":{"loc":{"start":{"line":4,"column":11},"end":{"line":4,"column":54}},"type":"cond-expr","locations":[{"start":{"line":4,"column":31},"end":{"line":4,"column":50}},{"start":{"line":4,"column":53},"end":{"line":4,"column":54}}],"line":4},"2":{"loc":{"start":{"line":8,"column":11},"end":{"line":8,"column":47}},"type":"cond-expr","locations":[{"start":{"line":8,"column":24},"end":{"line":8,"column":43}},{"start":{"line":8,"column":46},"end":{"line":8,"column":47}}],"line":8},"3":{"loc":{"start":{"line":12,"column":2},"end":{"line":157,"column":3}},"type":"if","locations":[{"start":{"line":12,"column":2},"end":{"line":157,"column":3}},{"start":{},"end":{}}],"line":12},"4":{"loc":{"start":{"line":12,"column":6},"end":{"line":12,"column":39}},"type":"binary-expr","locations":[{"start":{"line":12,"column":6},"end":{"line":12,"column":13}},{"start":{"line":12,"column":17},"end":{"line":12,"column":39}}],"line":12},"5":{"loc":{"start":{"line":13,"column":4},"end":{"line":23,"column":5}},"type":"if","locations":[{"start":{"line":13,"column":4},"end":{"line":23,"column":5}},{"start":{},"end":{}}],"line":13},"6":{"loc":{"start":{"line":52,"column":23},"end":{"line":52,"column":93}},"type":"cond-expr","locations":[{"start":{"line":52,"column":40},"end":{"line":52,"column":85}},{"start":{"line":52,"column":88},"end":{"line":52,"column":93}}],"line":52},"7":{"loc":{"start":{"line":58,"column":23},"end":{"line":58,"column":93}},"type":"cond-expr","locations":[{"start":{"line":58,"column":40},"end":{"line":58,"column":85}},{"start":{"line":58,"column":88},"end":{"line":58,"column":93}}],"line":58},"8":{"loc":{"start":{"line":64,"column":23},"end":{"line":64,"column":93}},"type":"cond-expr","locations":[{"start":{"line":64,"column":40},"end":{"line":64,"column":85}},{"start":{"line":64,"column":88},"end":{"line":64,"column":93}}],"line":64},"9":{"loc":{"start":{"line":112,"column":23},"end":{"line":112,"column":67}},"type":"cond-expr","locations":[{"start":{"line":112,"column":36},"end":{"line":112,"column":59}},{"start":{"line":112,"column":62},"end":{"line":112,"column":67}}],"line":112},"10":{"loc":{"start":{"line":118,"column":23},"end":{"line":118,"column":101}},"type":"cond-expr","locations":[{"start":{"line":118,"column":47},"end":{"line":118,"column":93}},{"start":{"line":118,"column":96},"end":{"line":118,"column":101}}],"line":118},"11":{"loc":{"start":{"line":154,"column":9},"end":{"line":154,"column":80}},"type":"binary-expr","locations":[{"start":{"line":154,"column":9},"end":{"line":154,"column":21}},{"start":{"line":154,"column":25},"end":{"line":154,"column":80}}],"line":154},"12":{"loc":{"start":{"line":175,"column":11},"end":{"line":175,"column":45}},"type":"cond-expr","locations":[{"start":{"line":175,"column":36},"end":{"line":175,"column":39}},{"start":{"line":175,"column":42},"end":{"line":175,"column":45}}],"line":175},"13":{"loc":{"start":{"line":180,"column":11},"end":{"line":180,"column":45}},"type":"cond-expr","locations":[{"start":{"line":180,"column":17},"end":{"line":180,"column":37}},{"start":{"line":180,"column":40},"end":{"line":180,"column":45}}],"line":180},"14":{"loc":{"start":{"line":183,"column":2},"end":{"line":185,"column":3}},"type":"if","locations":[{"start":{"line":183,"column":2},"end":{"line":185,"column":3}},{"start":{},"end":{}}],"line":183},"15":{"loc":{"start":{"line":183,"column":6},"end":{"line":183,"column":43}},"type":"binary-expr","locations":[{"start":{"line":183,"column":6},"end":{"line":183,"column":19}},{"start":{"line":183,"column":23},"end":{"line":183,"column":43}}],"line":183},"16":{"loc":{"start":{"line":208,"column":9},"end":{"line":240,"column":9}},"type":"binary-expr","locations":[{"start":{"line":208,"column":9},"end":{"line":208,"column":64}},{"start":{"line":208,"column":68},"end":{"line":208,"column":109}},{"start":{"line":209,"column":10},"end":{"line":239,"column":16}}],"line":208},"17":{"loc":{"start":{"line":243,"column":9},"end":{"line":263,"column":9}},"type":"binary-expr","locations":[{"start":{"line":243,"column":9},"end":{"line":243,"column":64}},{"start":{"line":243,"column":68},"end":{"line":243,"column":103}},{"start":{"line":244,"column":10},"end":{"line":262,"column":16}}],"line":243},"18":{"loc":{"start":{"line":251,"column":67},"end":{"line":251,"column":110}},"type":"binary-expr","locations":[{"start":{"line":251,"column":67},"end":{"line":251,"column":101}},{"start":{"line":251,"column":105},"end":{"line":251,"column":110}}],"line":251},"19":{"loc":{"start":{"line":266,"column":9},"end":{"line":283,"column":9}},"type":"binary-expr","locations":[{"start":{"line":266,"column":9},"end":{"line":266,"column":66}},{"start":{"line":266,"column":70},"end":{"line":266,"column":107}},{"start":{"line":267,"column":10},"end":{"line":282,"column":16}}],"line":266},"20":{"loc":{"start":{"line":286,"column":9},"end":{"line":312,"column":9}},"type":"binary-expr","locations":[{"start":{"line":286,"column":9},"end":{"line":286,"column":62}},{"start":{"line":286,"column":66},"end":{"line":286,"column":112}},{"start":{"line":287,"column":10},"end":{"line":311,"column":16}}],"line":286},"21":{"loc":{"start":{"line":308,"column":46},"end":{"line":308,"column":121}},"type":"binary-expr","locations":[{"start":{"line":308,"column":46},"end":{"line":308,"column":112}},{"start":{"line":308,"column":116},"end":{"line":308,"column":121}}],"line":308},"22":{"loc":{"start":{"line":315,"column":9},"end":{"line":326,"column":9}},"type":"binary-expr","locations":[{"start":{"line":315,"column":9},"end":{"line":315,"column":61}},{"start":{"line":315,"column":65},"end":{"line":315,"column":121}},{"start":{"line":316,"column":10},"end":{"line":325,"column":16}}],"line":315},"23":{"loc":{"start":{"line":329,"column":9},"end":{"line":372,"column":9}},"type":"binary-expr","locations":[{"start":{"line":329,"column":9},"end":{"line":329,"column":66}},{"start":{"line":329,"column":70},"end":{"line":329,"column":107}},{"start":{"line":330,"column":10},"end":{"line":371,"column":16}}],"line":329},"24":{"loc":{"start":{"line":351,"column":25},"end":{"line":351,"column":75}},"type":"cond-expr","locations":[{"start":{"line":351,"column":39},"end":{"line":351,"column":67}},{"start":{"line":351,"column":70},"end":{"line":351,"column":75}}],"line":351},"25":{"loc":{"start":{"line":354,"column":63},"end":{"line":354,"column":96}},"type":"binary-expr","locations":[{"start":{"line":354,"column":63},"end":{"line":354,"column":87}},{"start":{"line":354,"column":91},"end":{"line":354,"column":96}}],"line":354},"26":{"loc":{"start":{"line":355,"column":27},"end":{"line":355,"column":60}},"type":"binary-expr","locations":[{"start":{"line":355,"column":27},"end":{"line":355,"column":51}},{"start":{"line":355,"column":55},"end":{"line":355,"column":60}}],"line":355},"27":{"loc":{"start":{"line":361,"column":25},"end":{"line":361,"column":76}},"type":"cond-expr","locations":[{"start":{"line":361,"column":50},"end":{"line":361,"column":68}},{"start":{"line":361,"column":71},"end":{"line":361,"column":76}}],"line":361},"28":{"loc":{"start":{"line":368,"column":13},"end":{"line":370,"column":13}},"type":"binary-expr","locations":[{"start":{"line":368,"column":13},"end":{"line":368,"column":51}},{"start":{"line":369,"column":14},"end":{"line":369,"column":109}}],"line":368},"29":{"loc":{"start":{"line":375,"column":9},"end":{"line":388,"column":9}},"type":"binary-expr","locations":[{"start":{"line":375,"column":9},"end":{"line":375,"column":64}},{"start":{"line":376,"column":10},"end":{"line":387,"column":16}}],"line":375},"30":{"loc":{"start":{"line":380,"column":16},"end":{"line":384,"column":17}},"type":"binary-expr","locations":[{"start":{"line":380,"column":16},"end":{"line":380,"column":21}},{"start":{"line":381,"column":18},"end":{"line":383,"column":24}}],"line":380}},"s":{"0":0,"1":0,"2":0,"3":0,"4":0,"5":0,"6":0,"7":0,"8":0,"9":0,"10":0,"11":0,"12":0,"13":0,"14":0,"15":0,"16":0,"17":0,"18":0,"19":0,"20":0,"21":0,"22":0,"23":0,"24":0},"f":{"0":0,"1":0,"2":0,"3":0,"4":0,"5":0,"6":0,"7":0,"8":0,"9":0,"10":0,"11":0,"12":0},"b":{"0":[0],"1":[0,0],"2":[0,0],"3":[0,0],"4":[0,0],"5":[0,0],"6":[0,0],"7":[0,0],"8":[0,0],"9":[0,0],"10":[0,0],"11":[0,0],"12":[0,0],"13":[0,0],"14":[0,0],"15":[0,0],"16":[0,0,0],"17":[0,0,0],"18":[0,0],"19":[0,0,0],"20":[0,0,0],"21":[0,0],"22":[0,0,0],"23":[0,0,0],"24":[0,0],"25":[0,0],"26":[0,0],"27":[0,0],"28":[0,0],"29":[0,0],"30":[0,0]}}
,"/Users/memico/Documents/GitHub/seo_agency/src/components/FormContainer.jsx": {"path":"/Users/memico/Documents/GitHub/seo_agency/src/components/FormContainer.jsx","statementMap":{"0":{"start":{"line":6,"column":36},"end":{"line":6,"column":64}},"1":{"start":{"line":8,"column":2},"end":{"line":35,"column":3}},"2":{"start":{"line":14,"column":25},"end":{"line":14,"column":57}},"3":{"start":{"line":20,"column":25},"end":{"line":20,"column":57}}},"fnMap":{"0":{"name":"FormContainer","decl":{"start":{"line":5,"column":24},"end":{"line":5,"column":37}},"loc":{"start":{"line":5,"column":48},"end":{"line":36,"column":1}},"line":5},"1":{"name":"(anonymous_1)","decl":{"start":{"line":14,"column":19},"end":{"line":14,"column":20}},"loc":{"start":{"line":14,"column":25},"end":{"line":14,"column":57}},"line":14},"2":{"name":"(anonymous_2)","decl":{"start":{"line":20,"column":19},"end":{"line":20,"column":20}},"loc":{"start":{"line":20,"column":25},"end":{"line":20,"column":57}},"line":20}},"branchMap":{"0":{"loc":{"start":{"line":13,"column":32},"end":{"line":13,"column":80}},"type":"cond-expr","locations":[{"start":{"line":13,"column":67},"end":{"line":13,"column":75}},{"start":{"line":13,"column":78},"end":{"line":13,"column":80}}],"line":13},"1":{"loc":{"start":{"line":19,"column":32},"end":{"line":19,"column":80}},"type":"cond-expr","locations":[{"start":{"line":19,"column":67},"end":{"line":19,"column":75}},{"start":{"line":19,"column":78},"end":{"line":19,"column":80}}],"line":19},"2":{"loc":{"start":{"line":28,"column":9},"end":{"line":32,"column":9}},"type":"cond-expr","locations":[{"start":{"line":29,"column":10},"end":{"line":29,"column":36}},{"start":{"line":31,"column":10},"end":{"line":31,"column":45}}],"line":28}},"s":{"0":0,"1":0,"2":0,"3":0},"f":{"0":0,"1":0,"2":0},"b":{"0":[0,0],"1":[0,0],"2":[0,0]}}
,"/Users/memico/Documents/GitHub/seo_agency/src/components/GenerativePlayground.jsx": {"path":"/Users/memico/Documents/GitHub/seo_agency/src/components/GenerativePlayground.jsx","statementMap":{"0":{"start":{"line":5,"column":50},"end":{"line":5,"column":77}},"1":{"start":{"line":6,"column":46},"end":{"line":6,"column":62}},"2":{"start":{"line":8,"column":2},"end":{"line":363,"column":3}},"3":{"start":{"line":19,"column":25},"end":{"line":19,"column":50}},"4":{"start":{"line":25,"column":25},"end":{"line":25,"column":51}},"5":{"start":{"line":31,"column":25},"end":{"line":31,"column":52}},"6":{"start":{"line":37,"column":25},"end":{"line":37,"column":51}},"7":{"start":{"line":102,"column":31},"end":{"line":102,"column":66}}},"fnMap":{"0":{"name":"GenerativePlayground","decl":{"start":{"line":4,"column":24},"end":{"line":4,"column":44}},"loc":{"start":{"line":4,"column":55},"end":{"line":364,"column":1}},"line":4},"1":{"name":"(anonymous_1)","decl":{"start":{"line":19,"column":19},"end":{"line":19,"column":20}},"loc":{"start":{"line":19,"column":25},"end":{"line":19,"column":50}},"line":19},"2":{"name":"(anonymous_2)","decl":{"start":{"line":25,"column":19},"end":{"line":25,"column":20}},"loc":{"start":{"line":25,"column":25},"end":{"line":25,"column":51}},"line":25},"3":{"name":"(anonymous_3)","decl":{"start":{"line":31,"column":19},"end":{"line":31,"column":20}},"loc":{"start":{"line":31,"column":25},"end":{"line":31,"column":52}},"line":31},"4":{"name":"(anonymous_4)","decl":{"start":{"line":37,"column":19},"end":{"line":37,"column":20}},"loc":{"start":{"line":37,"column":25},"end":{"line":37,"column":51}},"line":37},"5":{"name":"(anonymous_5)","decl":{"start":{"line":102,"column":24},"end":{"line":102,"column":25}},"loc":{"start":{"line":102,"column":31},"end":{"line":102,"column":66}},"line":102}},"branchMap":{"0":{"loc":{"start":{"line":18,"column":21},"end":{"line":18,"column":62}},"type":"cond-expr","locations":[{"start":{"line":18,"column":49},"end":{"line":18,"column":57}},{"start":{"line":18,"column":60},"end":{"line":18,"column":62}}],"line":18},"1":{"loc":{"start":{"line":24,"column":21},"end":{"line":24,"column":63}},"type":"cond-expr","locations":[{"start":{"line":24,"column":50},"end":{"line":24,"column":58}},{"start":{"line":24,"column":61},"end":{"line":24,"column":63}}],"line":24},"2":{"loc":{"start":{"line":30,"column":21},"end":{"line":30,"column":64}},"type":"cond-expr","locations":[{"start":{"line":30,"column":51},"end":{"line":30,"column":59}},{"start":{"line":30,"column":62},"end":{"line":30,"column":64}}],"line":30},"3":{"loc":{"start":{"line":36,"column":21},"end":{"line":36,"column":63}},"type":"cond-expr","locations":[{"start":{"line":36,"column":50},"end":{"line":36,"column":58}},{"start":{"line":36,"column":61},"end":{"line":36,"column":63}}],"line":36},"4":{"loc":{"start":{"line":166,"column":13},"end":{"line":200,"column":13}},"type":"binary-expr","locations":[{"start":{"line":166,"column":13},"end":{"line":166,"column":38}},{"start":{"line":167,"column":14},"end":{"line":199,"column":20}}],"line":166},"5":{"loc":{"start":{"line":202,"column":13},"end":{"line":221,"column":13}},"type":"binary-expr","locations":[{"start":{"line":202,"column":13},"end":{"line":202,"column":39}},{"start":{"line":203,"column":14},"end":{"line":220,"column":20}}],"line":202},"6":{"loc":{"start":{"line":223,"column":13},"end":{"line":279,"column":13}},"type":"binary-expr","locations":[{"start":{"line":223,"column":13},"end":{"line":223,"column":40}},{"start":{"line":224,"column":14},"end":{"line":278,"column":20}}],"line":223},"7":{"loc":{"start":{"line":281,"column":13},"end":{"line":335,"column":13}},"type":"binary-expr","locations":[{"start":{"line":281,"column":13},"end":{"line":281,"column":39}},{"start":{"line":282,"column":14},"end":{"line":334,"column":20}}],"line":281}},"s":{"0":0,"1":0,"2":0,"3":0,"4":0,"5":0,"6":0,"7":0},"f":{"0":0,"1":0,"2":0,"3":0,"4":0,"5":0},"b":{"0":[0,0],"1":[0,0],"2":[0,0],"3":[0,0],"4":[0,0],"5":[0,0],"6":[0,0],"7":[0,0]}}
,"/Users/memico/Documents/GitHub/seo_agency/src/components/Header.jsx": {"path":"/Users/memico/Documents/GitHub/seo_agency/src/components/Header.jsx","statementMap":{"0":{"start":{"line":5,"column":23},"end":{"line":7,"column":3}},"1":{"start":{"line":6,"column":4},"end":{"line":6,"column":33}},"2":{"start":{"line":9,"column":2},"end":{"line":21,"column":3}}},"fnMap":{"0":{"name":"Header","decl":{"start":{"line":4,"column":24},"end":{"line":4,"column":30}},"loc":{"start":{"line":4,"column":41},"end":{"line":22,"column":1}},"line":4},"1":{"name":"(anonymous_1)","decl":{"start":{"line":5,"column":23},"end":{"line":5,"column":24}},"loc":{"start":{"line":5,"column":35},"end":{"line":7,"column":3}},"line":5}},"branchMap":{},"s":{"0":0,"1":0,"2":0},"f":{"0":0,"1":0},"b":{}}
,"/Users/memico/Documents/GitHub/seo_agency/src/components/NewsDashboard.jsx": {"path":"/Users/memico/Documents/GitHub/seo_agency/src/components/NewsDashboard.jsx","statementMap":{"0":{"start":{"line":8,"column":32},"end":{"line":8,"column":46}},"1":{"start":{"line":9,"column":36},"end":{"line":9,"column":51}},"2":{"start":{"line":10,"column":28},"end":{"line":10,"column":42}},"3":{"start":{"line":11,"column":46},"end":{"line":11,"column":57}},"4":{"start":{"line":12,"column":26},"end":{"line":12,"column":38}},"5":{"start":{"line":14,"column":23},"end":{"line":64,"column":3}},"6":{"start":{"line":15,"column":4},"end":{"line":15,"column":22}},"7":{"start":{"line":16,"column":4},"end":{"line":16,"column":18}},"8":{"start":{"line":17,"column":4},"end":{"line":17,"column":20}},"9":{"start":{"line":18,"column":4},"end":{"line":18,"column":42}},"10":{"start":{"line":20,"column":4},"end":{"line":63,"column":5}},"11":{"start":{"line":22,"column":21},"end":{"line":24,"column":31}},"12":{"start":{"line":26,"column":6},"end":{"line":26,"column":49}},"13":{"start":{"line":27,"column":6},"end":{"line":27,"column":53}},"14":{"start":{"line":29,"column":23},"end":{"line":35,"column":8}},"15":{"start":{"line":37,"column":19},"end":{"line":37,"column":40}},"16":{"start":{"line":38,"column":6},"end":{"line":38,"column":44}},"17":{"start":{"line":40,"column":6},"end":{"line":42,"column":7}},"18":{"start":{"line":41,"column":8},"end":{"line":41,"column":81}},"19":{"start":{"line":44,"column":6},"end":{"line":46,"column":7}},"20":{"start":{"line":45,"column":8},"end":{"line":45,"column":56}},"21":{"start":{"line":48,"column":6},"end":{"line":48,"column":22}},"22":{"start":{"line":51,"column":6},"end":{"line":53,"column":7}},"23":{"start":{"line":52,"column":8},"end":{"line":52,"column":50}},"24":{"start":{"line":56,"column":6},"end":{"line":56,"column":41}},"25":{"start":{"line":56,"column":32},"end":{"line":56,"column":40}},"26":{"start":{"line":59,"column":6},"end":{"line":59,"column":50}},"27":{"start":{"line":60,"column":6},"end":{"line":60,"column":27}},"28":{"start":{"line":62,"column":6},"end":{"line":62,"column":25}},"29":{"start":{"line":66,"column":30},"end":{"line":71,"column":3}},"30":{"start":{"line":68,"column":4},"end":{"line":70,"column":5}},"31":{"start":{"line":69,"column":6},"end":{"line":69,"column":37}},"32":{"start":{"line":73,"column":2},"end":{"line":119,"column":3}}},"fnMap":{"0":{"name":"NewsDashboard","decl":{"start":{"line":7,"column":24},"end":{"line":7,"column":37}},"loc":{"start":{"line":7,"column":48},"end":{"line":120,"column":1}},"line":7},"1":{"name":"(anonymous_1)","decl":{"start":{"line":14,"column":23},"end":{"line":14,"column":24}},"loc":{"start":{"line":14,"column":47},"end":{"line":64,"column":3}},"line":14},"2":{"name":"(anonymous_2)","decl":{"start":{"line":56,"column":24},"end":{"line":56,"column":25}},"loc":{"start":{"line":56,"column":32},"end":{"line":56,"column":40}},"line":56},"3":{"name":"(anonymous_3)","decl":{"start":{"line":66,"column":30},"end":{"line":66,"column":31}},"loc":{"start":{"line":66,"column":47},"end":{"line":71,"column":3}},"line":66}},"branchMap":{"0":{"loc":{"start":{"line":22,"column":21},"end":{"line":24,"column":31}},"type":"cond-expr","locations":[{"start":{"line":23,"column":10},"end":{"line":23,"column":52}},{"start":{"line":24,"column":10},"end":{"line":24,"column":31}}],"line":22},"1":{"loc":{"start":{"line":40,"column":6},"end":{"line":42,"column":7}},"type":"if","locations":[{"start":{"line":40,"column":6},"end":{"line":42,"column":7}},{"start":{},"end":{}}],"line":40},"2":{"loc":{"start":{"line":41,"column":24},"end":{"line":41,"column":80}},"type":"binary-expr","locations":[{"start":{"line":41,"column":24},"end":{"line":41,"column":36}},{"start":{"line":41,"column":40},"end":{"line":41,"column":80}}],"line":41},"3":{"loc":{"start":{"line":44,"column":6},"end":{"line":46,"column":7}},"type":"if","locations":[{"start":{"line":44,"column":6},"end":{"line":46,"column":7}},{"start":{},"end":{}}],"line":44},"4":{"loc":{"start":{"line":45,"column":24},"end":{"line":45,"column":55}},"type":"binary-expr","locations":[{"start":{"line":45,"column":24},"end":{"line":45,"column":34}},{"start":{"line":45,"column":38},"end":{"line":45,"column":55}}],"line":45},"5":{"loc":{"start":{"line":51,"column":6},"end":{"line":53,"column":7}},"type":"if","locations":[{"start":{"line":51,"column":6},"end":{"line":53,"column":7}},{"start":{},"end":{}}],"line":51},"6":{"loc":{"start":{"line":51,"column":10},"end":{"line":51,"column":40}},"type":"binary-expr","locations":[{"start":{"line":51,"column":10},"end":{"line":51,"column":14}},{"start":{"line":51,"column":18},"end":{"line":51,"column":40}}],"line":51},"7":{"loc":{"start":{"line":68,"column":4},"end":{"line":70,"column":5}},"type":"if","locations":[{"start":{"line":68,"column":4},"end":{"line":70,"column":5}},{"start":{},"end":{}}],"line":68},"8":{"loc":{"start":{"line":68,"column":8},"end":{"line":68,"column":42}},"type":"binary-expr","locations":[{"start":{"line":68,"column":8},"end":{"line":68,"column":19}},{"start":{"line":68,"column":23},"end":{"line":68,"column":42}}],"line":68},"9":{"loc":{"start":{"line":85,"column":11},"end":{"line":90,"column":11}},"type":"binary-expr","locations":[{"start":{"line":85,"column":11},"end":{"line":85,"column":20}},{"start":{"line":86,"column":12},"end":{"line":89,"column":18}}],"line":85},"10":{"loc":{"start":{"line":92,"column":11},"end":{"line":96,"column":11}},"type":"binary-expr","locations":[{"start":{"line":92,"column":11},"end":{"line":92,"column":16}},{"start":{"line":93,"column":12},"end":{"line":95,"column":18}}],"line":92},"11":{"loc":{"start":{"line":98,"column":11},"end":{"line":100,"column":11}},"type":"binary-expr","locations":[{"start":{"line":98,"column":11},"end":{"line":98,"column":18}},{"start":{"line":98,"column":22},"end":{"line":98,"column":32}},{"start":{"line":99,"column":12},"end":{"line":99,"column":45}}],"line":98},"12":{"loc":{"start":{"line":102,"column":11},"end":{"line":107,"column":11}},"type":"binary-expr","locations":[{"start":{"line":102,"column":11},"end":{"line":102,"column":19}},{"start":{"line":102,"column":23},"end":{"line":102,"column":33}},{"start":{"line":102,"column":37},"end":{"line":102,"column":43}},{"start":{"line":103,"column":12},"end":{"line":106,"column":18}}],"line":102}},"s":{"0":0,"1":0,"2":0,"3":0,"4":0,"5":0,"6":0,"7":0,"8":0,"9":0,"10":0,"11":0,"12":0,"13":0,"14":0,"15":0,"16":0,"17":0,"18":0,"19":0,"20":0,"21":0,"22":0,"23":0,"24":0,"25":0,"26":0,"27":0,"28":0,"29":0,"30":0,"31":0,"32":0},"f":{"0":0,"1":0,"2":0,"3":0},"b":{"0":[0,0],"1":[0,0],"2":[0,0],"3":[0,0],"4":[0,0],"5":[0,0],"6":[0,0],"7":[0,0],"8":[0,0],"9":[0,0],"10":[0,0],"11":[0,0,0],"12":[0,0,0,0]}}
,"/Users/memico/Documents/GitHub/seo_agency/src/components/NewsModule.jsx": {"path":"/Users/memico/Documents/GitHub/seo_agency/src/components/NewsModule.jsx","statementMap":{"0":{"start":{"line":6,"column":2},"end":{"line":15,"column":3}}},"fnMap":{"0":{"name":"NewsModule","decl":{"start":{"line":5,"column":24},"end":{"line":5,"column":34}},"loc":{"start":{"line":5,"column":45},"end":{"line":16,"column":1}},"line":5}},"branchMap":{},"s":{"0":0},"f":{"0":0},"b":{}}
,"/Users/memico/Documents/GitHub/seo_agency/src/components/NewsResults.jsx": {"path":"/Users/memico/Documents/GitHub/seo_agency/src/components/NewsResults.jsx","statementMap":{"0":{"start":{"line":5,"column":50},"end":{"line":5,"column":69}},"1":{"start":{"line":6,"column":36},"end":{"line":6,"column":56}},"2":{"start":{"line":8,"column":2},"end":{"line":10,"column":3}},"3":{"start":{"line":9,"column":4},"end":{"line":9,"column":15}},"4":{"start":{"line":12,"column":19},"end":{"line":12,"column":26}},"5":{"start":{"line":15,"column":24},"end":{"line":15,"column":57}},"6":{"start":{"line":16,"column":24},"end":{"line":16,"column":56}},"7":{"start":{"line":17,"column":19},"end":{"line":17,"column":51}},"8":{"start":{"line":18,"column":19},"end":{"line":18,"column":51}},"9":{"start":{"line":19,"column":18},"end":{"line":19,"column":49}},"10":{"start":{"line":20,"column":17},"end":{"line":20,"column":51}},"11":{"start":{"line":23,"column":26},"end":{"line":23,"column":93}},"12":{"start":{"line":24,"column":26},"end":{"line":24,"column":93}},"13":{"start":{"line":25,"column":25},"end":{"line":25,"column":91}},"14":{"start":{"line":27,"column":33},"end":{"line":35,"column":3}},"15":{"start":{"line":28,"column":24},"end":{"line":28,"column":49}},"16":{"start":{"line":29,"column":4},"end":{"line":33,"column":5}},"17":{"start":{"line":30,"column":6},"end":{"line":30,"column":31}},"18":{"start":{"line":32,"column":6},"end":{"line":32,"column":28}},"19":{"start":{"line":34,"column":4},"end":{"line":34,"column":36}},"20":{"start":{"line":37,"column":24},"end":{"line":47,"column":3}},"21":{"start":{"line":38,"column":20},"end":{"line":38,"column":49}},"22":{"start":{"line":39,"column":20},"end":{"line":39,"column":87}},"23":{"start":{"line":41,"column":34},"end":{"line":41,"column":95}},"24":{"start":{"line":43,"column":24},"end":{"line":43,"column":51}},"25":{"start":{"line":44,"column":4},"end":{"line":44,"column":45}},"26":{"start":{"line":45,"column":4},"end":{"line":45,"column":63}},"27":{"start":{"line":46,"column":4},"end":{"line":46,"column":23}},"28":{"start":{"line":49,"column":2},"end":{"line":289,"column":3}},"29":{"start":{"line":61,"column":25},"end":{"line":61,"column":49}},"30":{"start":{"line":67,"column":25},"end":{"line":67,"column":49}},"31":{"start":{"line":73,"column":25},"end":{"line":73,"column":49}},"32":{"start":{"line":156,"column":14},"end":{"line":216,"column":20}},"33":{"start":{"line":165,"column":37},"end":{"line":165,"column":66}},"34":{"start":{"line":193,"column":28},"end":{"line":193,"column":52}},"35":{"start":{"line":232,"column":18},"end":{"line":232,"column":48}},"36":{"start":{"line":244,"column":18},"end":{"line":252,"column":24}}},"fnMap":{"0":{"name":"NewsResults","decl":{"start":{"line":4,"column":24},"end":{"line":4,"column":35}},"loc":{"start":{"line":4,"column":49},"end":{"line":290,"column":1}},"line":4},"1":{"name":"(anonymous_1)","decl":{"start":{"line":27,"column":33},"end":{"line":27,"column":34}},"loc":{"start":{"line":27,"column":44},"end":{"line":35,"column":3}},"line":27},"2":{"name":"(anonymous_2)","decl":{"start":{"line":37,"column":24},"end":{"line":37,"column":25}},"loc":{"start":{"line":37,"column":30},"end":{"line":47,"column":3}},"line":37},"3":{"name":"(anonymous_3)","decl":{"start":{"line":61,"column":19},"end":{"line":61,"column":20}},"loc":{"start":{"line":61,"column":25},"end":{"line":61,"column":49}},"line":61},"4":{"name":"(anonymous_4)","decl":{"start":{"line":67,"column":19},"end":{"line":67,"column":20}},"loc":{"start":{"line":67,"column":25},"end":{"line":67,"column":49}},"line":67},"5":{"name":"(anonymous_5)","decl":{"start":{"line":73,"column":19},"end":{"line":73,"column":20}},"loc":{"start":{"line":73,"column":25},"end":{"line":73,"column":49}},"line":73},"6":{"name":"(anonymous_6)","decl":{"start":{"line":155,"column":41},"end":{"line":155,"column":42}},"loc":{"start":{"line":156,"column":14},"end":{"line":216,"column":20}},"line":156},"7":{"name":"(anonymous_7)","decl":{"start":{"line":165,"column":31},"end":{"line":165,"column":32}},"loc":{"start":{"line":165,"column":37},"end":{"line":165,"column":66}},"line":165},"8":{"name":"(anonymous_8)","decl":{"start":{"line":192,"column":59},"end":{"line":192,"column":60}},"loc":{"start":{"line":193,"column":28},"end":{"line":193,"column":52}},"line":193},"9":{"name":"(anonymous_9)","decl":{"start":{"line":231,"column":39},"end":{"line":231,"column":40}},"loc":{"start":{"line":232,"column":18},"end":{"line":232,"column":48}},"line":232},"10":{"name":"(anonymous_10)","decl":{"start":{"line":243,"column":83},"end":{"line":243,"column":84}},"loc":{"start":{"line":244,"column":18},"end":{"line":252,"column":24}},"line":244}},"branchMap":{"0":{"loc":{"start":{"line":8,"column":2},"end":{"line":10,"column":3}},"type":"if","locations":[{"start":{"line":8,"column":2},"end":{"line":10,"column":3}},{"start":{},"end":{}}],"line":8},"1":{"loc":{"start":{"line":8,"column":6},"end":{"line":8,"column":31}},"type":"binary-expr","locations":[{"start":{"line":8,"column":6},"end":{"line":8,"column":14}},{"start":{"line":8,"column":18},"end":{"line":8,"column":31}}],"line":8},"2":{"loc":{"start":{"line":15,"column":24},"end":{"line":15,"column":57}},"type":"binary-expr","locations":[{"start":{"line":15,"column":24},"end":{"line":15,"column":51}},{"start":{"line":15,"column":55},"end":{"line":15,"column":57}}],"line":15},"3":{"loc":{"start":{"line":16,"column":24},"end":{"line":16,"column":56}},"type":"binary-expr","locations":[{"start":{"line":16,"column":24},"end":{"line":16,"column":51}},{"start":{"line":16,"column":55},"end":{"line":16,"column":56}}],"line":16},"4":{"loc":{"start":{"line":17,"column":19},"end":{"line":17,"column":51}},"type":"binary-expr","locations":[{"start":{"line":17,"column":19},"end":{"line":17,"column":46}},{"start":{"line":17,"column":50},"end":{"line":17,"column":51}}],"line":17},"5":{"loc":{"start":{"line":18,"column":19},"end":{"line":18,"column":51}},"type":"binary-expr","locations":[{"start":{"line":18,"column":19},"end":{"line":18,"column":46}},{"start":{"line":18,"column":50},"end":{"line":18,"column":51}}],"line":18},"6":{"loc":{"start":{"line":19,"column":18},"end":{"line":19,"column":49}},"type":"binary-expr","locations":[{"start":{"line":19,"column":18},"end":{"line":19,"column":44}},{"start":{"line":19,"column":48},"end":{"line":19,"column":49}}],"line":19},"7":{"loc":{"start":{"line":20,"column":17},"end":{"line":20,"column":51}},"type":"binary-expr","locations":[{"start":{"line":20,"column":17},"end":{"line":20,"column":46}},{"start":{"line":20,"column":50},"end":{"line":20,"column":51}}],"line":20},"8":{"loc":{"start":{"line":23,"column":26},"end":{"line":23,"column":93}},"type":"cond-expr","locations":[{"start":{"line":23,"column":46},"end":{"line":23,"column":89}},{"start":{"line":23,"column":92},"end":{"line":23,"column":93}}],"line":23},"9":{"loc":{"start":{"line":24,"column":26},"end":{"line":24,"column":93}},"type":"cond-expr","locations":[{"start":{"line":24,"column":46},"end":{"line":24,"column":89}},{"start":{"line":24,"column":92},"end":{"line":24,"column":93}}],"line":24},"10":{"loc":{"start":{"line":25,"column":25},"end":{"line":25,"column":91}},"type":"cond-expr","locations":[{"start":{"line":25,"column":45},"end":{"line":25,"column":87}},{"start":{"line":25,"column":90},"end":{"line":25,"column":91}}],"line":25},"11":{"loc":{"start":{"line":29,"column":4},"end":{"line":33,"column":5}},"type":"if","locations":[{"start":{"line":29,"column":4},"end":{"line":33,"column":5}},{"start":{"line":31,"column":11},"end":{"line":33,"column":5}}],"line":29},"12":{"loc":{"start":{"line":60,"column":28},"end":{"line":60,"column":68}},"type":"cond-expr","locations":[{"start":{"line":60,"column":55},"end":{"line":60,"column":63}},{"start":{"line":60,"column":66},"end":{"line":60,"column":68}}],"line":60},"13":{"loc":{"start":{"line":66,"column":28},"end":{"line":66,"column":68}},"type":"cond-expr","locations":[{"start":{"line":66,"column":55},"end":{"line":66,"column":63}},{"start":{"line":66,"column":66},"end":{"line":66,"column":68}}],"line":66},"14":{"loc":{"start":{"line":72,"column":28},"end":{"line":72,"column":68}},"type":"cond-expr","locations":[{"start":{"line":72,"column":55},"end":{"line":72,"column":63}},{"start":{"line":72,"column":66},"end":{"line":72,"column":68}}],"line":72},"15":{"loc":{"start":{"line":79,"column":7},"end":{"line":150,"column":7}},"type":"binary-expr","locations":[{"start":{"line":79,"column":7},"end":{"line":79,"column":31}},{"start":{"line":80,"column":8},"end":{"line":149,"column":14}}],"line":79},"16":{"loc":{"start":{"line":104,"column":15},"end":{"line":110,"column":15}},"type":"binary-expr","locations":[{"start":{"line":104,"column":15},"end":{"line":104,"column":27}},{"start":{"line":105,"column":16},"end":{"line":109,"column":18}}],"line":104},"17":{"loc":{"start":{"line":111,"column":15},"end":{"line":117,"column":15}},"type":"binary-expr","locations":[{"start":{"line":111,"column":15},"end":{"line":111,"column":26}},{"start":{"line":112,"column":16},"end":{"line":116,"column":18}}],"line":111},"18":{"loc":{"start":{"line":118,"column":15},"end":{"line":124,"column":15}},"type":"binary-expr","locations":[{"start":{"line":118,"column":15},"end":{"line":118,"column":27}},{"start":{"line":119,"column":16},"end":{"line":123,"column":18}}],"line":118},"19":{"loc":{"start":{"line":127,"column":13},"end":{"line":131,"column":13}},"type":"binary-expr","locations":[{"start":{"line":127,"column":13},"end":{"line":127,"column":23}},{"start":{"line":128,"column":14},"end":{"line":130,"column":18}}],"line":127},"20":{"loc":{"start":{"line":129,"column":36},"end":{"line":129,"column":57}},"type":"cond-expr","locations":[{"start":{"line":129,"column":49},"end":{"line":129,"column":52}},{"start":{"line":129,"column":55},"end":{"line":129,"column":57}}],"line":129},"21":{"loc":{"start":{"line":135,"column":11},"end":{"line":140,"column":11}},"type":"binary-expr","locations":[{"start":{"line":135,"column":11},"end":{"line":135,"column":31}},{"start":{"line":136,"column":12},"end":{"line":139,"column":18}}],"line":135},"22":{"loc":{"start":{"line":143,"column":11},"end":{"line":148,"column":11}},"type":"binary-expr","locations":[{"start":{"line":143,"column":11},"end":{"line":143,"column":33}},{"start":{"line":144,"column":12},"end":{"line":147,"column":18}}],"line":143},"23":{"loc":{"start":{"line":152,"column":7},"end":{"line":222,"column":7}},"type":"binary-expr","locations":[{"start":{"line":152,"column":7},"end":{"line":152,"column":31}},{"start":{"line":153,"column":8},"end":{"line":221,"column":14}}],"line":152},"24":{"loc":{"start":{"line":154,"column":11},"end":{"line":220,"column":11}},"type":"cond-expr","locations":[{"start":{"line":155,"column":12},"end":{"line":217,"column":14}},{"start":{"line":219,"column":12},"end":{"line":219,"column":39}}],"line":154},"25":{"loc":{"start":{"line":154,"column":11},"end":{"line":154,"column":74}},"type":"binary-expr","locations":[{"start":{"line":154,"column":11},"end":{"line":154,"column":35}},{"start":{"line":154,"column":39},"end":{"line":154,"column":74}}],"line":154},"26":{"loc":{"start":{"line":158,"column":23},"end":{"line":158,"column":50}},"type":"binary-expr","locations":[{"start":{"line":158,"column":23},"end":{"line":158,"column":36}},{"start":{"line":158,"column":40},"end":{"line":158,"column":50}}],"line":158},"27":{"loc":{"start":{"line":160,"column":56},"end":{"line":160,"column":91}},"type":"binary-expr","locations":[{"start":{"line":160,"column":56},"end":{"line":160,"column":78}},{"start":{"line":160,"column":82},"end":{"line":160,"column":91}}],"line":160},"28":{"loc":{"start":{"line":161,"column":23},"end":{"line":161,"column":58}},"type":"binary-expr","locations":[{"start":{"line":161,"column":23},"end":{"line":161,"column":45}},{"start":{"line":161,"column":49},"end":{"line":161,"column":58}}],"line":161},"29":{"loc":{"start":{"line":167,"column":23},"end":{"line":167,"column":62}},"type":"cond-expr","locations":[{"start":{"line":167,"column":53},"end":{"line":167,"column":56}},{"start":{"line":167,"column":59},"end":{"line":167,"column":62}}],"line":167},"30":{"loc":{"start":{"line":176,"column":17},"end":{"line":209,"column":17}},"type":"binary-expr","locations":[{"start":{"line":176,"column":17},"end":{"line":176,"column":44}},{"start":{"line":176,"column":48},"end":{"line":176,"column":64}},{"start":{"line":177,"column":18},"end":{"line":208,"column":24}}],"line":176},"31":{"loc":{"start":{"line":178,"column":21},"end":{"line":182,"column":21}},"type":"binary-expr","locations":[{"start":{"line":178,"column":21},"end":{"line":178,"column":43}},{"start":{"line":179,"column":22},"end":{"line":181,"column":28}}],"line":178},"32":{"loc":{"start":{"line":183,"column":21},"end":{"line":187,"column":21}},"type":"binary-expr","locations":[{"start":{"line":183,"column":21},"end":{"line":183,"column":42}},{"start":{"line":184,"column":22},"end":{"line":186,"column":28}}],"line":183},"33":{"loc":{"start":{"line":188,"column":21},"end":{"line":197,"column":21}},"type":"binary-expr","locations":[{"start":{"line":188,"column":21},"end":{"line":188,"column":48}},{"start":{"line":188,"column":52},"end":{"line":188,"column":90}},{"start":{"line":189,"column":22},"end":{"line":196,"column":28}}],"line":188},"34":{"loc":{"start":{"line":198,"column":21},"end":{"line":202,"column":21}},"type":"binary-expr","locations":[{"start":{"line":198,"column":21},"end":{"line":198,"column":53}},{"start":{"line":199,"column":22},"end":{"line":201,"column":28}}],"line":198},"35":{"loc":{"start":{"line":203,"column":21},"end":{"line":207,"column":21}},"type":"binary-expr","locations":[{"start":{"line":203,"column":21},"end":{"line":203,"column":52}},{"start":{"line":204,"column":22},"end":{"line":206,"column":28}}],"line":203},"36":{"loc":{"start":{"line":211,"column":17},"end":{"line":215,"column":17}},"type":"binary-expr","locations":[{"start":{"line":211,"column":17},"end":{"line":211,"column":30}},{"start":{"line":212,"column":18},"end":{"line":214,"column":24}}],"line":211},"37":{"loc":{"start":{"line":224,"column":7},"end":{"line":287,"column":7}},"type":"binary-expr","locations":[{"start":{"line":224,"column":7},"end":{"line":224,"column":31}},{"start":{"line":225,"column":8},"end":{"line":286,"column":14}}],"line":224},"38":{"loc":{"start":{"line":227,"column":11},"end":{"line":236,"column":11}},"type":"binary-expr","locations":[{"start":{"line":227,"column":11},"end":{"line":227,"column":28}},{"start":{"line":227,"column":32},"end":{"line":227,"column":60}},{"start":{"line":228,"column":12},"end":{"line":235,"column":18}}],"line":227},"39":{"loc":{"start":{"line":239,"column":11},"end":{"line":256,"column":11}},"type":"binary-expr","locations":[{"start":{"line":239,"column":11},"end":{"line":239,"column":57}},{"start":{"line":240,"column":12},"end":{"line":255,"column":18}}],"line":239},"40":{"loc":{"start":{"line":259,"column":11},"end":{"line":264,"column":11}},"type":"binary-expr","locations":[{"start":{"line":259,"column":11},"end":{"line":259,"column":26}},{"start":{"line":260,"column":12},"end":{"line":263,"column":18}}],"line":259},"41":{"loc":{"start":{"line":272,"column":41},"end":{"line":272,"column":99}},"type":"cond-expr","locations":[{"start":{"line":272,"column":67},"end":{"line":272,"column":82}},{"start":{"line":272,"column":85},"end":{"line":272,"column":99}}],"line":272},"42":{"loc":{"start":{"line":278,"column":15},"end":{"line":283,"column":15}},"type":"binary-expr","locations":[{"start":{"line":278,"column":15},"end":{"line":278,"column":29}},{"start":{"line":279,"column":16},"end":{"line":282,"column":22}}],"line":278}},"s":{"0":0,"1":0,"2":0,"3":0,"4":0,"5":0,"6":0,"7":0,"8":0,"9":0,"10":0,"11":0,"12":0,"13":0,"14":0,"15":0,"16":0,"17":0,"18":0,"19":0,"20":0,"21":0,"22":0,"23":0,"24":0,"25":0,"26":0,"27":0,"28":0,"29":0,"30":0,"31":0,"32":0,"33":0,"34":0,"35":0,"36":0},"f":{"0":0,"1":0,"2":0,"3":0,"4":0,"5":0,"6":0,"7":0,"8":0,"9":0,"10":0},"b":{"0":[0,0],"1":[0,0],"2":[0,0],"3":[0,0],"4":[0,0],"5":[0,0],"6":[0,0],"7":[0,0],"8":[0,0],"9":[0,0],"10":[0,0],"11":[0,0],"12":[0,0],"13":[0,0],"14":[0,0],"15":[0,0],"16":[0,0],"17":[0,0],"18":[0,0],"19":[0,0],"20":[0,0],"21":[0,0],"22":[0,0],"23":[0,0],"24":[0,0],"25":[0,0],"26":[0,0],"27":[0,0],"28":[0,0],"29":[0,0],"30":[0,0,0],"31":[0,0],"32":[0,0],"33":[0,0,0],"34":[0,0],"35":[0,0],"36":[0,0],"37":[0,0],"38":[0,0,0],"39":[0,0],"40":[0,0],"41":[0,0],"42":[0,0]}}
,"/Users/memico/Documents/GitHub/seo_agency/src/components/NewsSearch.jsx": {"path":"/Users/memico/Documents/GitHub/seo_agency/src/components/NewsSearch.jsx","statementMap":{"0":{"start":{"line":6,"column":26},"end":{"line":6,"column":42}},"1":{"start":{"line":7,"column":28},"end":{"line":7,"column":40}},"2":{"start":{"line":8,"column":32},"end":{"line":8,"column":44}},"3":{"start":{"line":9,"column":28},"end":{"line":9,"column":40}},"4":{"start":{"line":12,"column":46},"end":{"line":12,"column":58}},"5":{"start":{"line":13,"column":50},"end":{"line":13,"column":62}},"6":{"start":{"line":14,"column":38},"end":{"line":14,"column":50}},"7":{"start":{"line":15,"column":42},"end":{"line":15,"column":61}},"8":{"start":{"line":16,"column":48},"end":{"line":16,"column":63}},"9":{"start":{"line":19,"column":2},"end":{"line":23,"column":12}},"10":{"start":{"line":20,"column":4},"end":{"line":22,"column":5}},"11":{"start":{"line":21,"column":6},"end":{"line":21,"column":27}},"12":{"start":{"line":26,"column":2},"end":{"line":30,"column":24}},"13":{"start":{"line":27,"column":4},"end":{"line":29,"column":5}},"14":{"start":{"line":28,"column":6},"end":{"line":28,"column":39}},"15":{"start":{"line":32,"column":30},"end":{"line":70,"column":3}},"16":{"start":{"line":33,"column":4},"end":{"line":33,"column":28}},"17":{"start":{"line":34,"column":4},"end":{"line":69,"column":5}},"18":{"start":{"line":36,"column":30},"end":{"line":40,"column":19}},"19":{"start":{"line":42,"column":6},"end":{"line":42,"column":28}},"20":{"start":{"line":42,"column":17},"end":{"line":42,"column":28}},"21":{"start":{"line":45,"column":30},"end":{"line":45,"column":32}},"22":{"start":{"line":46,"column":6},"end":{"line":57,"column":8}},"23":{"start":{"line":47,"column":8},"end":{"line":56,"column":9}},"24":{"start":{"line":48,"column":10},"end":{"line":53,"column":11}},"25":{"start":{"line":55,"column":10},"end":{"line":55,"column":49}},"26":{"start":{"line":60,"column":23},"end":{"line":62,"column":21}},"27":{"start":{"line":61,"column":24},"end":{"line":61,"column":71}},"28":{"start":{"line":64,"column":6},"end":{"line":64,"column":33}},"29":{"start":{"line":66,"column":6},"end":{"line":66,"column":61}},"30":{"start":{"line":68,"column":6},"end":{"line":68,"column":31}},"31":{"start":{"line":72,"column":26},"end":{"line":95,"column":3}},"32":{"start":{"line":73,"column":4},"end":{"line":73,"column":28}},"33":{"start":{"line":74,"column":4},"end":{"line":74,"column":21}},"34":{"start":{"line":75,"column":4},"end":{"line":75,"column":30}},"35":{"start":{"line":77,"column":4},"end":{"line":94,"column":5}},"36":{"start":{"line":78,"column":30},"end":{"line":82,"column":50}},"37":{"start":{"line":84,"column":6},"end":{"line":84,"column":28}},"38":{"start":{"line":84,"column":17},"end":{"line":84,"column":28}},"39":{"start":{"line":86,"column":6},"end":{"line":86,"column":31}},"40":{"start":{"line":88,"column":30},"end":{"line":88,"column":84}},"41":{"start":{"line":88,"column":69},"end":{"line":88,"column":76}},"42":{"start":{"line":89,"column":6},"end":{"line":89,"column":38}},"43":{"start":{"line":91,"column":6},"end":{"line":91,"column":57}},"44":{"start":{"line":93,"column":6},"end":{"line":93,"column":31}},"45":{"start":{"line":97,"column":29},"end":{"line":105,"column":3}},"46":{"start":{"line":98,"column":24},"end":{"line":98,"column":45}},"47":{"start":{"line":99,"column":4},"end":{"line":103,"column":5}},"48":{"start":{"line":100,"column":6},"end":{"line":100,"column":31}},"49":{"start":{"line":102,"column":6},"end":{"line":102,"column":28}},"50":{"start":{"line":104,"column":4},"end":{"line":104,"column":32}},"51":{"start":{"line":107,"column":24},"end":{"line":109,"column":3}},"52":{"start":{"line":108,"column":4},"end":{"line":108,"column":59}},"53":{"start":{"line":108,"column":50},"end":{"line":108,"column":56}},"54":{"start":{"line":111,"column":26},"end":{"line":113,"column":3}},"55":{"start":{"line":112,"column":4},"end":{"line":112,"column":30}},"56":{"start":{"line":115,"column":23},"end":{"line":149,"column":3}},"57":{"start":{"line":116,"column":4},"end":{"line":116,"column":22}},"58":{"start":{"line":118,"column":4},"end":{"line":148,"column":5}},"59":{"start":{"line":120,"column":6},"end":{"line":122,"column":7}},"60":{"start":{"line":121,"column":8},"end":{"line":121,"column":14}},"61":{"start":{"line":125,"column":30},"end":{"line":125,"column":80}},"62":{"start":{"line":125,"column":55},"end":{"line":125,"column":79}},"63":{"start":{"line":127,"column":27},"end":{"line":132,"column":7}},"64":{"start":{"line":130,"column":39},"end":{"line":130,"column":44}},"65":{"start":{"line":134,"column":6},"end":{"line":134,"column":28}},"66":{"start":{"line":137,"column":6},"end":{"line":139,"column":7}},"67":{"start":{"line":138,"column":8},"end":{"line":138,"column":14}},"68":{"start":{"line":141,"column":27},"end":{"line":145,"column":7}},"69":{"start":{"line":147,"column":6},"end":{"line":147,"column":28}},"70":{"start":{"line":151,"column":27},"end":{"line":160,"column":3}},"71":{"start":{"line":152,"column":4},"end":{"line":152,"column":20}},"72":{"start":{"line":154,"column":4},"end":{"line":154,"column":16}},"73":{"start":{"line":155,"column":4},"end":{"line":155,"column":18}},"74":{"start":{"line":157,"column":4},"end":{"line":157,"column":27}},"75":{"start":{"line":158,"column":4},"end":{"line":158,"column":21}},"76":{"start":{"line":159,"column":4},"end":{"line":159,"column":30}},"77":{"start":{"line":162,"column":21},"end":{"line":165,"column":3}},"78":{"start":{"line":163,"column":17},"end":{"line":163,"column":37}},"79":{"start":{"line":164,"column":4},"end":{"line":164,"column":112}},"80":{"start":{"line":167,"column":2},"end":{"line":332,"column":3}},"81":{"start":{"line":172,"column":25},"end":{"line":172,"column":49}},"82":{"start":{"line":179,"column":25},"end":{"line":179,"column":48}},"83":{"start":{"line":201,"column":35},"end":{"line":201,"column":70}},"84":{"start":{"line":207,"column":20},"end":{"line":209,"column":29}},"85":{"start":{"line":232,"column":20},"end":{"line":244,"column":26}},"86":{"start":{"line":237,"column":40},"end":{"line":237,"column":66}},"87":{"start":{"line":260,"column":31},"end":{"line":260,"column":55}},"88":{"start":{"line":277,"column":29},"end":{"line":277,"column":55}}},"fnMap":{"0":{"name":"NewsSearch","decl":{"start":{"line":5,"column":24},"end":{"line":5,"column":34}},"loc":{"start":{"line":5,"column":67},"end":{"line":333,"column":1}},"line":5},"1":{"name":"(anonymous_1)","decl":{"start":{"line":19,"column":12},"end":{"line":19,"column":13}},"loc":{"start":{"line":19,"column":18},"end":{"line":23,"column":3}},"line":19},"2":{"name":"(anonymous_2)","decl":{"start":{"line":26,"column":12},"end":{"line":26,"column":13}},"loc":{"start":{"line":26,"column":18},"end":{"line":30,"column":3}},"line":26},"3":{"name":"(anonymous_3)","decl":{"start":{"line":32,"column":30},"end":{"line":32,"column":31}},"loc":{"start":{"line":32,"column":42},"end":{"line":70,"column":3}},"line":32},"4":{"name":"(anonymous_4)","decl":{"start":{"line":46,"column":20},"end":{"line":46,"column":21}},"loc":{"start":{"line":46,"column":28},"end":{"line":57,"column":7}},"line":46},"5":{"name":"(anonymous_5)","decl":{"start":{"line":61,"column":14},"end":{"line":61,"column":15}},"loc":{"start":{"line":61,"column":24},"end":{"line":61,"column":71}},"line":61},"6":{"name":"(anonymous_6)","decl":{"start":{"line":72,"column":26},"end":{"line":72,"column":27}},"loc":{"start":{"line":72,"column":46},"end":{"line":95,"column":3}},"line":72},"7":{"name":"(anonymous_7)","decl":{"start":{"line":88,"column":61},"end":{"line":88,"column":62}},"loc":{"start":{"line":88,"column":69},"end":{"line":88,"column":76}},"line":88},"8":{"name":"(anonymous_8)","decl":{"start":{"line":97,"column":29},"end":{"line":97,"column":30}},"loc":{"start":{"line":97,"column":40},"end":{"line":105,"column":3}},"line":97},"9":{"name":"(anonymous_9)","decl":{"start":{"line":107,"column":24},"end":{"line":107,"column":25}},"loc":{"start":{"line":107,"column":30},"end":{"line":109,"column":3}},"line":107},"10":{"name":"(anonymous_10)","decl":{"start":{"line":108,"column":43},"end":{"line":108,"column":44}},"loc":{"start":{"line":108,"column":50},"end":{"line":108,"column":56}},"line":108},"11":{"name":"(anonymous_11)","decl":{"start":{"line":111,"column":26},"end":{"line":111,"column":27}},"loc":{"start":{"line":111,"column":32},"end":{"line":113,"column":3}},"line":111},"12":{"name":"(anonymous_12)","decl":{"start":{"line":115,"column":23},"end":{"line":115,"column":24}},"loc":{"start":{"line":115,"column":30},"end":{"line":149,"column":3}},"line":115},"13":{"name":"(anonymous_13)","decl":{"start":{"line":125,"column":48},"end":{"line":125,"column":49}},"loc":{"start":{"line":125,"column":55},"end":{"line":125,"column":79}},"line":125},"14":{"name":"(anonymous_14)","decl":{"start":{"line":130,"column":34},"end":{"line":130,"column":35}},"loc":{"start":{"line":130,"column":39},"end":{"line":130,"column":44}},"line":130},"15":{"name":"(anonymous_15)","decl":{"start":{"line":151,"column":27},"end":{"line":151,"column":28}},"loc":{"start":{"line":151,"column":40},"end":{"line":160,"column":3}},"line":151},"16":{"name":"(anonymous_16)","decl":{"start":{"line":162,"column":21},"end":{"line":162,"column":22}},"loc":{"start":{"line":162,"column":37},"end":{"line":165,"column":3}},"line":162},"17":{"name":"(anonymous_17)","decl":{"start":{"line":172,"column":19},"end":{"line":172,"column":20}},"loc":{"start":{"line":172,"column":25},"end":{"line":172,"column":49}},"line":172},"18":{"name":"(anonymous_18)","decl":{"start":{"line":179,"column":19},"end":{"line":179,"column":20}},"loc":{"start":{"line":179,"column":25},"end":{"line":179,"column":48}},"line":179},"19":{"name":"(anonymous_19)","decl":{"start":{"line":201,"column":28},"end":{"line":201,"column":29}},"loc":{"start":{"line":201,"column":35},"end":{"line":201,"column":70}},"line":201},"20":{"name":"(anonymous_20)","decl":{"start":{"line":206,"column":38},"end":{"line":206,"column":39}},"loc":{"start":{"line":207,"column":20},"end":{"line":209,"column":29}},"line":207},"21":{"name":"(anonymous_21)","decl":{"start":{"line":231,"column":34},"end":{"line":231,"column":35}},"loc":{"start":{"line":232,"column":20},"end":{"line":244,"column":26}},"line":232},"22":{"name":"(anonymous_22)","decl":{"start":{"line":237,"column":34},"end":{"line":237,"column":35}},"loc":{"start":{"line":237,"column":40},"end":{"line":237,"column":66}},"line":237},"23":{"name":"(anonymous_23)","decl":{"start":{"line":260,"column":24},"end":{"line":260,"column":25}},"loc":{"start":{"line":260,"column":31},"end":{"line":260,"column":55}},"line":260},"24":{"name":"(anonymous_24)","decl":{"start":{"line":277,"column":22},"end":{"line":277,"column":23}},"loc":{"start":{"line":277,"column":29},"end":{"line":277,"column":55}},"line":277}},"branchMap":{"0":{"loc":{"start":{"line":20,"column":4},"end":{"line":22,"column":5}},"type":"if","locations":[{"start":{"line":20,"column":4},"end":{"line":22,"column":5}},{"start":{},"end":{}}],"line":20},"1":{"loc":{"start":{"line":27,"column":4},"end":{"line":29,"column":5}},"type":"if","locations":[{"start":{"line":27,"column":4},"end":{"line":29,"column":5}},{"start":{},"end":{}}],"line":27},"2":{"loc":{"start":{"line":42,"column":6},"end":{"line":42,"column":28}},"type":"if","locations":[{"start":{"line":42,"column":6},"end":{"line":42,"column":28}},{"start":{},"end":{}}],"line":42},"3":{"loc":{"start":{"line":47,"column":8},"end":{"line":56,"column":9}},"type":"if","locations":[{"start":{"line":47,"column":8},"end":{"line":56,"column":9}},{"start":{"line":54,"column":15},"end":{"line":56,"column":9}}],"line":47},"4":{"loc":{"start":{"line":84,"column":6},"end":{"line":84,"column":28}},"type":"if","locations":[{"start":{"line":84,"column":6},"end":{"line":84,"column":28}},{"start":{},"end":{}}],"line":84},"5":{"loc":{"start":{"line":86,"column":20},"end":{"line":86,"column":30}},"type":"binary-expr","locations":[{"start":{"line":86,"column":20},"end":{"line":86,"column":24}},{"start":{"line":86,"column":28},"end":{"line":86,"column":30}}],"line":86},"6":{"loc":{"start":{"line":88,"column":38},"end":{"line":88,"column":83}},"type":"binary-expr","locations":[{"start":{"line":88,"column":38},"end":{"line":88,"column":77}},{"start":{"line":88,"column":81},"end":{"line":88,"column":83}}],"line":88},"7":{"loc":{"start":{"line":99,"column":4},"end":{"line":103,"column":5}},"type":"if","locations":[{"start":{"line":99,"column":4},"end":{"line":103,"column":5}},{"start":{"line":101,"column":11},"end":{"line":103,"column":5}}],"line":99},"8":{"loc":{"start":{"line":118,"column":4},"end":{"line":148,"column":5}},"type":"if","locations":[{"start":{"line":118,"column":4},"end":{"line":148,"column":5}},{"start":{"line":135,"column":11},"end":{"line":148,"column":5}}],"line":118},"9":{"loc":{"start":{"line":120,"column":6},"end":{"line":122,"column":7}},"type":"if","locations":[{"start":{"line":120,"column":6},"end":{"line":122,"column":7}},{"start":{},"end":{}}],"line":120},"10":{"loc":{"start":{"line":120,"column":10},"end":{"line":120,"column":54}},"type":"binary-expr","locations":[{"start":{"line":120,"column":10},"end":{"line":120,"column":27}},{"start":{"line":120,"column":31},"end":{"line":120,"column":54}}],"line":120},"11":{"loc":{"start":{"line":131,"column":17},"end":{"line":131,"column":39}},"type":"binary-expr","locations":[{"start":{"line":131,"column":17},"end":{"line":131,"column":31}},{"start":{"line":131,"column":35},"end":{"line":131,"column":39}}],"line":131},"12":{"loc":{"start":{"line":137,"column":6},"end":{"line":139,"column":7}},"type":"if","locations":[{"start":{"line":137,"column":6},"end":{"line":139,"column":7}},{"start":{},"end":{}}],"line":137},"13":{"loc":{"start":{"line":144,"column":17},"end":{"line":144,"column":39}},"type":"binary-expr","locations":[{"start":{"line":144,"column":17},"end":{"line":144,"column":31}},{"start":{"line":144,"column":35},"end":{"line":144,"column":39}}],"line":144},"14":{"loc":{"start":{"line":171,"column":33},"end":{"line":171,"column":64}},"type":"cond-expr","locations":[{"start":{"line":171,"column":51},"end":{"line":171,"column":59}},{"start":{"line":171,"column":62},"end":{"line":171,"column":64}}],"line":171},"15":{"loc":{"start":{"line":178,"column":33},"end":{"line":178,"column":63}},"type":"cond-expr","locations":[{"start":{"line":178,"column":50},"end":{"line":178,"column":58}},{"start":{"line":178,"column":61},"end":{"line":178,"column":63}}],"line":178},"16":{"loc":{"start":{"line":187,"column":9},"end":{"line":267,"column":9}},"type":"cond-expr","locations":[{"start":{"line":188,"column":10},"end":{"line":249,"column":13}},{"start":{"line":252,"column":10},"end":{"line":266,"column":16}}],"line":187},"17":{"loc":{"start":{"line":195,"column":15},"end":{"line":212,"column":15}},"type":"cond-expr","locations":[{"start":{"line":196,"column":16},"end":{"line":196,"column":82}},{"start":{"line":198,"column":16},"end":{"line":211,"column":25}}],"line":195},"18":{"loc":{"start":{"line":216,"column":13},"end":{"line":248,"column":13}},"type":"binary-expr","locations":[{"start":{"line":216,"column":13},"end":{"line":216,"column":29}},{"start":{"line":216,"column":33},"end":{"line":216,"column":54}},{"start":{"line":217,"column":14},"end":{"line":247,"column":20}}],"line":216},"19":{"loc":{"start":{"line":241,"column":52},"end":{"line":241,"column":75}},"type":"binary-expr","locations":[{"start":{"line":241,"column":52},"end":{"line":241,"column":61}},{"start":{"line":241,"column":65},"end":{"line":241,"column":75}}],"line":241},"20":{"loc":{"start":{"line":289,"column":14},"end":{"line":290,"column":96}},"type":"binary-expr","locations":[{"start":{"line":289,"column":14},"end":{"line":289,"column":23}},{"start":{"line":290,"column":15},"end":{"line":290,"column":95}}],"line":289},"21":{"loc":{"start":{"line":290,"column":15},"end":{"line":290,"column":95}},"type":"cond-expr","locations":[{"start":{"line":290,"column":34},"end":{"line":290,"column":78}},{"start":{"line":290,"column":82},"end":{"line":290,"column":95}}],"line":290},"22":{"loc":{"start":{"line":290,"column":34},"end":{"line":290,"column":78}},"type":"binary-expr","locations":[{"start":{"line":290,"column":34},"end":{"line":290,"column":51}},{"start":{"line":290,"column":55},"end":{"line":290,"column":78}}],"line":290},"23":{"loc":{"start":{"line":293,"column":13},"end":{"line":302,"column":13}},"type":"cond-expr","locations":[{"start":{"line":294,"column":14},"end":{"line":297,"column":17}},{"start":{"line":299,"column":14},"end":{"line":301,"column":17}}],"line":293},"24":{"loc":{"start":{"line":300,"column":28},"end":{"line":300,"column":82}},"type":"cond-expr","locations":[{"start":{"line":300,"column":46},"end":{"line":300,"column":73}},{"start":{"line":300,"column":76},"end":{"line":300,"column":82}}],"line":300},"25":{"loc":{"start":{"line":306,"column":9},"end":{"line":310,"column":9}},"type":"binary-expr","locations":[{"start":{"line":306,"column":9},"end":{"line":306,"column":14}},{"start":{"line":307,"column":10},"end":{"line":309,"column":16}}],"line":306},"26":{"loc":{"start":{"line":316,"column":11},"end":{"line":328,"column":11}},"type":"cond-expr","locations":[{"start":{"line":317,"column":12},"end":{"line":321,"column":15}},{"start":{"line":323,"column":12},"end":{"line":327,"column":15}}],"line":316}},"s":{"0":0,"1":0,"2":0,"3":0,"4":0,"5":0,"6":0,"7":0,"8":0,"9":0,"10":0,"11":0,"12":0,"13":0,"14":0,"15":0,"16":0,"17":0,"18":0,"19":0,"20":0,"21":0,"22":0,"23":0,"24":0,"25":0,"26":0,"27":0,"28":0,"29":0,"30":0,"31":0,"32":0,"33":0,"34":0,"35":0,"36":0,"37":0,"38":0,"39":0,"40":0,"41":0,"42":0,"43":0,"44":0,"45":0,"46":0,"47":0,"48":0,"49":0,"50":0,"51":0,"52":0,"53":0,"54":0,"55":0,"56":0,"57":0,"58":0,"59":0,"60":0,"61":0,"62":0,"63":0,"64":0,"65":0,"66":0,"67":0,"68":0,"69":0,"70":0,"71":0,"72":0,"73":0,"74":0,"75":0,"76":0,"77":0,"78":0,"79":0,"80":0,"81":0,"82":0,"83":0,"84":0
[...]
}},"type":"if","locations":[{"start":{"line":360,"column":2},"end":{"line":360,"column":37}},{"start":{},"end":{}}],"line":360},"34":{"loc":{"start":{"line":363,"column":2},"end":{"line":372,"column":3}},"type":"if","locations":[{"start":{"line":363,"column":2},"end":{"line":372,"column":3}},{"start":{},"end":{}}],"line":363},"35":{"loc":{"start":{"line":377,"column":21},"end":{"line":377,"column":47}},"type":"binary-expr","locations":[{"start":{"line":377,"column":21},"end":{"line":377,"column":42}},{"start":{"line":377,"column":46},"end":{"line":377,"column":47}}],"line":377},"36":{"loc":{"start":{"line":394,"column":2},"end":{"line":394,"column":52}},"type":"if","locations":[{"start":{"line":394,"column":2},"end":{"line":394,"column":52}},{"start":{},"end":{}}],"line":394},"37":{"loc":{"start":{"line":394,"column":29},"end":{"line":394,"column":51}},"type":"cond-expr","locations":[{"start":{"line":394,"column":44},"end":{"line":394,"column":47}},{"start":{"line":394,"column":50},"end":{"line":394,"column":51}}],"line":394},"38":{"loc":{"start":{"line":403,"column":2},"end":{"line":403,"column":69}},"type":"if","locations":[{"start":{"line":403,"column":2},"end":{"line":403,"column":69}},{"start":{},"end":{}}],"line":403},"39":{"loc":{"start":{"line":404,"column":2},"end":{"line":404,"column":63}},"type":"if","locations":[{"start":{"line":404,"column":2},"end":{"line":404,"column":63}},{"start":{},"end":{}}],"line":404},"40":{"loc":{"start":{"line":405,"column":2},"end":{"line":405,"column":61}},"type":"if","locations":[{"start":{"line":405,"column":2},"end":{"line":405,"column":61}},{"start":{},"end":{}}],"line":405}},"s":{"0":0,"1":0,"2":0,"3":0,"4":0,"5":0,"6":0,"7":0,"8":0,"9":0,"10":0,"11":0,"12":0,"13":0,"14":0,"15":0,"16":0,"17":0,"18":0,"19":0,"20":0,"21":0,"22":0,"23":0,"24":0,"25":0,"26":0,"27":0,"28":0,"29":0,"30":0,"31":0,"32":0,"33":0,"34":0,"35":0,"36":0,"37":0,"38":0,"39":0,"40":0,"41":0,"42":0,"43":0,"44":0,"45":0,"46":0,"47":0,"48":0,"49":0,"50":0,"51":0,"52":0,"53":0,"54":0,"55":0,"56":0,"57":0,"58":0,"59":0,"60":0,"61":0,"62":0,"63":0,"64":0,"65":0,"66":0,"67":0,"68":0,"69":0,"70":0,"71":0,"72":0,"73":0,"74":0,"75":0,"76":0,"77":0,"78":0,"79":0,"80":0,"81":0,"82":0,"83":0,"84":0,"85":0,"86":0,"87":0,"88":0,"89":0,"90":0,"91":0,"92":0,"93":0,"94":0,"95":0,"96":0,"97":0,"98":0,"99":0,"100":0,"101":0,"102":0,"103":0,"104":0,"105":0,"106":0,"107":0,"108":0,"109":0,"110":0,"111":0,"112":0,"113":0},"f":{"0":0,"1":0,"2":0,"3":0,"4":0,"5":0,"6":0,"7":0,"8":0,"9":0,"10":0,"11":0,"12":0,"13":0,"14":0,"15":0,"16":0},"b":{"0":[0],"1":[0,0],"2":[0,0],"3":[0,0],"4":[0,0],"5":[0,0],"6":[0,0],"7":[0,0],"8":[0,0],"9":[0,0],"10":[0],"11":[0,0],"12":[0,0],"13":[0,0],"14":[0,0],"15":[0,0],"16":[0,0],"17":[0,0],"18":[0,0],"19":[0,0],"20":[0,0],"21":[0,0],"22":[0],"23":[0],"24":[0,0],"25":[0,0],"26":[0,0],"27":[0,0],"28":[0,0],"29":[0,0],"30":[0,0],"31":[0,0],"32":[0,0],"33":[0,0],"34":[0,0],"35":[0,0],"36":[0,0],"37":[0,0],"38":[0,0],"39":[0,0],"40":[0,0]}}
,"/Users/memico/Documents/GitHub/seo_agency/src/utils/youtubeHelper.js": {"path":"/Users/memico/Documents/GitHub/seo_agency/src/utils/youtubeHelper.js","statementMap":{"0":{"start":{"line":8,"column":30},"end":{"line":45,"column":1}},"1":{"start":{"line":9,"column":2},"end":{"line":9,"column":50}},"2":{"start":{"line":9,"column":39},"end":{"line":9,"column":50}},"3":{"start":{"line":11,"column":2},"end":{"line":44,"column":3}},"4":{"start":{"line":13,"column":21},"end":{"line":13,"column":31}},"5":{"start":{"line":16,"column":25},"end":{"line":16,"column":73}},"6":{"start":{"line":17,"column":23},"end":{"line":17,"column":51}},"7":{"start":{"line":18,"column":4},"end":{"line":18,"column":40}},"8":{"start":{"line":18,"column":20},"end":{"line":18,"column":40}},"9":{"start":{"line":21,"column":25},"end":{"line":21,"column":61}},"10":{"start":{"line":22,"column":23},"end":{"line":22,"column":51}},"11":{"start":{"line":23,"column":4},"end":{"line":23,"column":40}},"12":{"start":{"line":23,"column":20},"end":{"line":23,"column":40}},"13":{"start":{"line":26,"column":25},"end":{"line":26,"column":71}},"14":{"start":{"line":27,"column":23},"end":{"line":27,"column":51}},"15":{"start":{"line":28,"column":4},"end":{"line":28,"column":40}},"16":{"start":{"line":28,"column":20},"end":{"line":28,"column":40}},"17":{"start":{"line":31,"column":26},"end":{"line":31,"column":77}},"18":{"start":{"line":32,"column":24},"end":{"line":32,"column":53}},"19":{"start":{"line":33,"column":4},"end":{"line":33,"column":42}},"20":{"start":{"line":33,"column":21},"end":{"line":33,"column":42}},"21":{"start":{"line":36,"column":21},"end":{"line":36,"column":63}},"22":{"start":{"line":37,"column":19},"end":{"line":37,"column":43}},"23":{"start":{"line":38,"column":4},"end":{"line":38,"column":32}},"24":{"start":{"line":38,"column":16},"end":{"line":38,"column":32}},"25":{"start":{"line":40,"column":4},"end":{"line":40,"column":15}},"26":{"start":{"line":42,"column":4},"end":{"line":42,"column":54}},"27":{"start":{"line":43,"column":4},"end":{"line":43,"column":15}},"28":{"start":{"line":52,"column":31},"end":{"line":68,"column":1}},"29":{"start":{"line":53,"column":2},"end":{"line":53,"column":51}},"30":{"start":{"line":53,"column":39},"end":{"line":53,"column":51}},"31":{"start":{"line":56,"column":2},"end":{"line":58,"column":3}},"32":{"start":{"line":57,"column":4},"end":{"line":57,"column":16}},"33":{"start":{"line":61,"column":2},"end":{"line":63,"column":3}},"34":{"start":{"line":62,"column":4},"end":{"line":62,"column":16}},"35":{"start":{"line":66,"column":18},"end":{"line":66,"column":37}},"36":{"start":{"line":67,"column":2},"end":{"line":67,"column":50}},"37":{"start":{"line":75,"column":35},"end":{"line":80,"column":1}},"38":{"start":{"line":76,"column":18},"end":{"line":76,"column":37}},"39":{"start":{"line":77,"column":2},"end":{"line":77,"column":26}},"40":{"start":{"line":77,"column":16},"end":{"line":77,"column":26}},"41":{"start":{"line":79,"column":2},"end":{"line":79,"column":53}},"42":{"start":{"line":87,"column":36},"end":{"line":118,"column":1}},"43":{"start":{"line":88,"column":2},"end":{"line":88,"column":44}},"44":{"start":{"line":88,"column":35},"end":{"line":88,"column":44}},"45":{"start":{"line":91,"column":18},"end":{"line":91,"column":27}},"46":{"start":{"line":92,"column":26},"end":{"line":92,"column":28}},"47":{"start":{"line":94,"column":2},"end":{"line":115,"column":3}},"48":{"start":{"line":96,"column":4},"end":{"line":96,"column":38}},"49":{"start":{"line":96,"column":30},"end":{"line":96,"column":38}},"50":{"start":{"line":99,"column":4},"end":{"line":99,"column":45}},"51":{"start":{"line":99,"column":37},"end":{"line":99,"column":45}},"52":{"start":{"line":102,"column":20},"end":{"line":102,"column":45}},"53":{"start":{"line":103,"column":4},"end":{"line":103,"column":26}},"54":{"start":{"line":103,"column":18},"end":{"line":103,"column":26}},"55":{"start":{"line":106,"column":4},"end":{"line":106,"column":38}},"56":{"start":{"line":106,"column":30},"end":{"line":106,"column":38}},"57":{"start":{"line":107,"column":4},"end":{"line":107,"column":24}},"58":{"start":{"line":110,"column":4},"end":{"line":114,"column":6}},"59":{"start":{"line":117,"column":2},"end":{"line":117,"column":24}},"60":{"start":{"line":125,"column":33},"end":{"line":127,"column":1}},"61":{"start":{"line":126,"column":2},"end":{"line":126,"column":28}},"62":{"start":{"line":134,"column":32},"end":{"line":181,"column":1}},"63":{"start":{"line":135,"column":2},"end":{"line":135,"column":54}},"64":{"start":{"line":135,"column":43},"end":{"line":135,"column":54}},"65":{"start":{"line":137,"column":2},"end":{"line":180,"column":3}},"66":{"start":{"line":138,"column":23},"end":{"line":138,"column":35}},"67":{"start":{"line":141,"column":4},"end":{"line":143,"column":5}},"68":{"start":{"line":142,"column":6},"end":{"line":142,"column":23}},"69":{"start":{"line":146,"column":24},"end":{"line":146,"column":64}},"70":{"start":{"line":147,"column":4},"end":{"line":149,"column":5}},"71":{"start":{"line":148,"column":6},"end":{"line":148,"column":33}},"72":{"start":{"line":152,"column":27},"end":{"line":152,"column":72}},"73":{"start":{"line":153,"column":25},"end":{"line":153,"column":57}},"74":{"start":{"line":154,"column":4},"end":{"line":154,"column":44}},"75":{"start":{"line":154,"column":22},"end":{"line":154,"column":44}},"76":{"start":{"line":157,"column":26},"end":{"line":157,"column":65}},"77":{"start":{"line":158,"column":24},"end":{"line":158,"column":55}},"78":{"start":{"line":159,"column":4},"end":{"line":159,"column":48}},"79":{"start":{"line":159,"column":21},"end":{"line":159,"column":48}},"80":{"start":{"line":162,"column":24},"end":{"line":162,"column":66}},"81":{"start":{"line":163,"column":22},"end":{"line":163,"column":51}},"82":{"start":{"line":164,"column":4},"end":{"line":164,"column":44}},"83":{"start":{"line":164,"column":19},"end":{"line":164,"column":44}},"84":{"start":{"line":167,"column":22},"end":{"line":167,"column":60}},"85":{"start":{"line":168,"column":20},"end":{"line":168,"column":47}},"86":{"start":{"line":169,"column":4},"end":{"line":169,"column":40}},"87":{"start":{"line":169,"column":17},"end":{"line":169,"column":40}},"88":{"start":{"line":172,"column":33},"end":{"line":172,"column":81}},"89":{"start":{"line":173,"column":31},"end":{"line":173,"column":69}},"90":{"start":{"line":174,"column":4},"end":{"line":174,"column":56}},"91":{"start":{"line":174,"column":28},"end":{"line":174,"column":56}},"92":{"start":{"line":176,"column":4},"end":{"line":176,"column":15}},"93":{"start":{"line":178,"column":4},"end":{"line":178,"column":56}},"94":{"start":{"line":179,"column":4},"end":{"line":179,"column":15}},"95":{"start":{"line":188,"column":35},"end":{"line":194,"column":1}},"96":{"start":{"line":189,"column":2},"end":{"line":189,"column":55}},"97":{"start":{"line":189,"column":43},"end":{"line":189,"column":55}},"98":{"start":{"line":192,"column":20},"end":{"line":192,"column":43}},"99":{"start":{"line":193,"column":2},"end":{"line":193,"column":27}},"100":{"start":{"line":201,"column":37},"end":{"line":204,"column":1}},"101":{"start":{"line":202,"column":20},"end":{"line":202,"column":43}},"102":{"start":{"line":203,"column":2},"end":{"line":203,"column":27}}},"fnMap":{"0":{"name":"(anonymous_0)","decl":{"start":{"line":8,"column":30},"end":{"line":8,"column":31}},"loc":{"start":{"line":8,"column":39},"end":{"line":45,"column":1}},"line":8},"1":{"name":"(anonymous_1)","decl":{"start":{"line":52,"column":31},"end":{"line":52,"column":32}},"loc":{"start":{"line":52,"column":40},"end":{"line":68,"column":1}},"line":52},"2":{"name":"(anonymous_2)","decl":{"start":{"line":75,"column":35},"end":{"line":75,"column":36}},"loc":{"start":{"line":75,"column":44},"end":{"line":80,"column":1}},"line":75},"3":{"name":"(anonymous_3)","decl":{"start":{"line":87,"column":36},"end":{"line":87,"column":37}},"loc":{"start":{"line":87,"column":53},"end":{"line":118,"column":1}},"line":87},"4":{"name":"(anonymous_4)","decl":{"start":{"line":125,"column":33},"end":{"line":125,"column":34}},"loc":{"start":{"line":125,"column":42},"end":{"line":127,"column":1}},"line":125},"5":{"name":"(anonymous_5)","decl":{"start":{"line":134,"column":32},"end":{"line":134,"column":33}},"loc":{"start":{"line":134,"column":43},"end":{"line":181,"column":1}},"line":134},"6":{"name":"(anonymous_6)","decl":{"start":{"line":188,"column":35},"end":{"line":188,"column":36}},"loc":{"start":{"line":188,"column":46},"end":{"line":194,"column":1}},"line":188},"7":{"name":"(anonymous_7)","decl":{"start":{"line":201,"column":37},"end":{"line":201,"column":38}},"loc":{"start":{"line":201,"column":48},"end":{"line":204,"column":1}},"line":201}},"branchMap":{"0":{"loc":{"start":{"line":9,"column":2},"end":{"line":9,"column":50}},"type":"if","locations":[{"start":{"line":9,"column":2},"end":{"line":9,"column":50}},{"start":{},"end":{}}],"line":9},"1":{"loc":{"start":{"line":9,"column":6},"end":{"line":9,"column":37}},"type":"binary-expr","locations":[{"start":{"line":9,"column":6},"end":{"line":9,"column":10}},{"start":{"line":9,"column":14},"end":{"line":9,"column":37}}],"line":9},"2":{"loc":{"start":{"line":18,"column":4},"end":{"line":18,"column":40}},"type":"if","locations":[{"start":{"line":18,"column":4},"end":{"line":18,"column":40}},{"start":{},"end":{}}],"line":18},"3":{"loc":{"start":{"line":23,"column":4},"end":{"line":23,"column":40}},"type":"if","locations":[{"start":{"line":23,"column":4},"end":{"line":23,"column":40}},{"start":{},"end":{}}],"line":23},"4":{"loc":{"start":{"line":28,"column":4},"end":{"line":28,"column":40}},"type":"if","locations":[{"start":{"line":28,"column":4},"end":{"line":28,"column":40}},{"start":{},"end":{}}],"line":28},"5":{"loc":{"start":{"line":33,"column":4},"end":{"line":33,"column":42}},"type":"if","locations":[{"start":{"line":33,"column":4},"end":{"line":33,"column":42}},{"start":{},"end":{}}],"line":33},"6":{"loc":{"start":{"line":38,"column":4},"end":{"line":38,"column":32}},"type":"if","locations":[{"start":{"line":38,"column":4},"end":{"line":38,"column":32}},{"start":{},"end":{}}],"line":38},"7":{"loc":{"start":{"line":53,"column":2},"end":{"line":53,"column":51}},"type":"if","locations":[{"start":{"line":53,"column":2},"end":{"line":53,"column":51}},{"start":{},"end":{}}],"line":53},"8":{"loc":{"start":{"line":53,"column":6},"end":{"line":53,"column":37}},"type":"binary-expr","locations":[{"start":{"line":53,"column":6},"end":{"line":53,"column":10}},{"start":{"line":53,"column":14},"end":{"line":53,"column":37}}],"line":53},"9":{"loc":{"start":{"line":56,"column":2},"end":{"line":58,"column":3}},"type":"if","locations":[{"start":{"line":56,"column":2},"end":{"line":58,"column":3}},{"start":{},"end":{}}],"line":56},"10":{"loc":{"start":{"line":56,"column":6},"end":{"line":56,"column":76}},"type":"binary-expr","locations":[{"start":{"line":56,"column":6},"end":{"line":56,"column":31}},{"start":{"line":56,"column":35},"end":{"line":56,"column":53}},{"start":{"line":56,"column":57},"end":{"line":56,"column":76}}],"line":56},"11":{"loc":{"start":{"line":61,"column":2},"end":{"line":63,"column":3}},"type":"if","locations":[{"start":{"line":61,"column":2},"end":{"line":63,"column":3}},{"start":{},"end":{}}],"line":61},"12":{"loc":{"start":{"line":61,"column":6},"end":{"line":61,"column":56}},"type":"binary-expr","locations":[{"start":{"line":61,"column":6},"end":{"line":61,"column":31}},{"start":{"line":61,"column":35},"end":{"line":61,"column":56}}],"line":61},"13":{"loc":{"start":{"line":67,"column":9},"end":{"line":67,"column":50}},"type":"binary-expr","locations":[{"start":{"line":67,"column":9},"end":{"line":67,"column":25}},{"start":{"line":67,"column":29},"end":{"line":67,"column":50}}],"line":67},"14":{"loc":{"start":{"line":77,"column":2},"end":{"line":77,"column":26}},"type":"if","locations":[{"start":{"line":77,"column":2},"end":{"line":77,"column":26}},{"start":{},"end":{}}],"line":77},"15":{"loc":{"start":{"line":88,"column":2},"end":{"line":88,"column":44}},"type":"if","locations":[{"start":{"line":88,"column":2},"end":{"line":88,"column":44}},{"start":{},"end":{}}],"line":88},"16":{"loc":{"start":{"line":96,"column":4},"end":{"line":96,"column":38}},"type":"if","locations":[{"start":{"line":96,"column":4},"end":{"line":96,"column":38}},{"start":{},"end":{}}],"line":96},"17":{"loc":{"start":{"line":96,"column":8},"end":{"line":96,"column":28}},"type":"binary-expr","locations":[{"start":{"line":96,"column":8},"end":{"line":96,"column":14}},{"start":{"line":96,"column":18},"end":{"line":96,"column":28}}],"line":96},"18":{"loc":{"start":{"line":99,"column":4},"end":{"line":99,"column":45}},"type":"if","locations":[{"start":{"line":99,"column":4},"end":{"line":99,"column":45}},{"start":{},"end":{}}],"line":99},"19":{"loc":{"start":{"line":103,"column":4},"end":{"line":103,"column":26}},"type":"if","locations":[{"start":{"line":103,"column":4},"end":{"line":103,"column":26}},{"start":{},"end":{}}],"line":103},"20":{"loc":{"start":{"line":106,"column":4},"end":{"line":106,"column":38}},"type":"if","locations":[{"start":{"line":106,"column":4},"end":{"line":106,"column":38}},{"start":{},"end":{}}],"line":106},"21":{"loc":{"start":{"line":135,"column":2},"end":{"line":135,"column":54}},"type":"if","locations":[{"start":{"line":135,"column":2},"end":{"line":135,"column":54}},{"start":{},"end":{}}],"line":135},"22":{"loc":{"start":{"line":135,"column":6},"end":{"line":135,"column":41}},"type":"binary-expr","locations":[{"start":{"line":135,"column":6},"end":{"line":135,"column":12}},{"start":{"line":135,"column":16},"end":{"line":135,"column":41}}],"line":135},"23":{"loc":{"start":{"line":141,"column":4},"end":{"line":143,"column":5}},"type":"if","locations":[{"start":{"line":141,"column":4},"end":{"line":143,"column":5}},{"start":{},"end":{}}],"line":141},"24":{"loc":{"start":{"line":147,"column":4},"end":{"line":149,"column":5}},"type":"if","locations":[{"start":{"line":147,"column":4},"end":{"line":149,"column":5}},{"start":{},"end":{}}],"line":147},"25":{"loc":{"start":{"line":154,"column":4},"end":{"line":154,"column":44}},"type":"if","locations":[{"start":{"line":154,"column":4},"end":{"line":154,"column":44}},{"start":{},"end":{}}],"line":154},"26":{"loc":{"start":{"line":159,"column":4},"end":{"line":159,"column":48}},"type":"if","locations":[{"start":{"line":159,"column":4},"end":{"line":159,"column":48}},{"start":{},"end":{}}],"line":159},"27":{"loc":{"start":{"line":164,"column":4},"end":{"line":164,"column":44}},"type":"if","locations":[{"start":{"line":164,"column":4},"end":{"line":164,"column":44}},{"start":{},"end":{}}],"line":164},"28":{"loc":{"start":{"line":169,"column":4},"end":{"line":169,"column":40}},"type":"if","locations":[{"start":{"line":169,"column":4},"end":{"line":169,"column":40}},{"start":{},"end":{}}],"line":169},"29":{"loc":{"start":{"line":174,"column":4},"end":{"line":174,"column":56}},"type":"if","locations":[{"start":{"line":174,"column":4},"end":{"line":174,"column":56}},{"start":{},"end":{}}],"line":174},"30":{"loc":{"start":{"line":189,"column":2},"end":{"line":189,"column":55}},"type":"if","locations":[{"start":{"line":189,"column":2},"end":{"line":189,"column":55}},{"start":{},"end":{}}],"line":189},"31":{"loc":{"start":{"line":189,"column":6},"end":{"line":189,"column":41}},"type":"binary-expr","locations":[{"start":{"line":189,"column":6},"end":{"line":189,"column":12}},{"start":{"line":189,"column":16},"end":{"line":189,"column":41}}],"line":189},"32":{"loc":{"start":{"line":203,"column":9},"end":{"line":203,"column":27}},"type":"binary-expr","locations":[{"start":{"line":203,"column":9},"end":{"line":203,"column":18}},{"start":{"line":203,"column":22},"end":{"line":203,"column":27}}],"line":203}},"s":{"0":0,"1":0,"2":0,"3":0,"4":0,"5":0,"6":0,"7":0,"8":0,"9":0,"10":0,"11":0,"12":0,"13":0,"14":0,"15":0,"16":0,"17":0,"18":0,"19":0,"20":0,"21":0,"22":0,"23":0,"24":0,"25":0,"26":0,"27":0,"28":0,"29":0,"30":0,"31":0,"32":0,"33":0,"34":0,"35":0,"36":0,"37":0,"38":0,"39":0,"40":0,"41":0,"42":0,"43":0,"44":0,"45":0,"46":0,"47":0,"48":0,"49":0,"50":0,"51":0,"52":0,"53":0,"54":0,"55":0,"56":0,"57":0,"58":0,"59":0,"60":0,"61":0,"62":0,"63":0,"64":0,"65":0,"66":0,"67":0,"68":0,"69":0,"70":0,"71":0,"72":0,"73":0,"74":0,"75":0,"76":0,"77":0,"78":0,"79":0,"80":0,"81":0,"82":0,"83":0,"84":0,"85":0,"86":0,"87":0,"88":0,"89":0,"90":0,"91":0,"92":0,"93":0,"94":0,"95":0,"96":0,"97":0,"98":0,"99":0,"100":0,"101":0,"102":0},"f":{"0":0,"1":0,"2":0,"3":0,"4":0,"5":0,"6":0,"7":0},"b":{"0":[0,0],"1":[0,0],"2":[0,0],"3":[0,0],"4":[0,0],"5":[0,0],"6":[0,0],"7":[0,0],"8":[0,0],"9":[0,0],"10":[0,0,0],"11":[0,0],"12":[0,0],"13":[0,0],"14":[0,0],"15":[0,0],"16":[0,0],"17":[0,0],"18":[0,0],"19":[0,0],"20":[0,0],"21":[0,0],"22":[0,0],"23":[0,0],"24":[0,0],"25":[0,0],"26":[0,0],"27":[0,0],"28":[0,0],"29":[0,0],"30":[0,0],"31":[0,0],"32":[0,0]}}
}
