TN:
SF:src/App.jsx
FN:17,App
FN:21,(anonymous_1)
FN:23,(anonymous_2)
FN:31,(anonymous_3)
FN:35,(anonymous_4)
FNF:5
FNH:0
FNDA:0,App
FNDA:0,(anonymous_1)
FNDA:0,(anonymous_2)
FNDA:0,(anonymous_3)
FNDA:0,(anonymous_4)
DA:18,0
DA:19,0
DA:21,0
DA:23,0
DA:24,0
DA:25,0
DA:31,0
DA:32,0
DA:35,0
DA:38,0
DA:39,0
DA:47,0
LF:12
LH:0
BRDA:24,0,0,0
BRDA:24,0,1,0
BRDA:32,1,0,0
BRDA:32,1,1,0
BRDA:38,2,0,0
BRDA:38,2,1,0
BRDA:47,3,0,0
BRDA:47,3,1,0
BRF:8
BRH:0
end_of_record
TN:
SF:src/main.jsx
FNF:0
FNH:0
DA:7,0
LF:1
LH:0
BRF:0
BRH:0
end_of_record
TN:
SF:src/components/AnalyticsDashboard.jsx
FN:4,AnalyticsDashboard
FN:19,(anonymous_1)
FNF:2
FNH:0
FNDA:0,AnalyticsDashboard
FNDA:0,(anonymous_1)
DA:5,0
DA:6,0
DA:8,0
DA:19,0
LF:4
LH:0
BRDA:30,0,0,0
BRDA:30,0,1,0
BRDA:31,1,0,0
BRDA:31,1,1,0
BRDA:32,2,0,0
BRDA:32,2,1,0
BRDA:33,3,0,0
BRDA:33,3,1,0
BRDA:34,4,0,0
BRDA:34,4,1,0
BRDA:35,5,0,0
BRDA:35,5,1,0
BRF:12
BRH:0
end_of_record
TN:
SF:src/components/Auth.jsx
FN:5,Auth
FN:12,(anonymous_1)
FN:63,(anonymous_2)
FN:74,(anonymous_3)
FN:95,(anonymous_4)
FNF:5
FNH:0
FNDA:0,Auth
FNDA:0,(anonymous_1)
FNDA:0,(anonymous_2)
FNDA:0,(anonymous_3)
FNDA:0,(anonymous_4)
DA:6,0
DA:7,0
DA:8,0
DA:9,0
DA:10,0
DA:12,0
DA:13,0
DA:14,0
DA:15,0
DA:17,0
DA:18,0
DA:20,0
DA:24,0
DA:25,0
DA:28,0
DA:37,0
DA:38,0
DA:39,0
DA:42,0
DA:43,0
DA:45,0
DA:47,0
DA:51,0
DA:63,0
DA:74,0
DA:96,0
DA:97,0
LF:27
LH:0
BRDA:18,0,0,0
BRDA:18,0,1,0
BRDA:24,1,0,0
BRDA:24,1,1,0
BRDA:37,2,0,0
BRDA:37,2,1,0
BRDA:54,3,0,0
BRDA:54,3,1,0
BRDA:81,4,0,0
BRDA:81,4,1,0
BRDA:81,5,0,0
BRDA:81,5,1,0
BRDA:85,6,0,0
BRDA:85,6,1,0
BRDA:92,7,0,0
BRDA:92,7,1,0
BRDA:100,8,0,0
BRDA:100,8,1,0
BRF:18
BRH:0
end_of_record
TN:
SF:src/components/DomainAnalyticsForm.jsx
FN:9,DomainAnalyticsForm
FN:21,(anonymous_1)
FN:28,(anonymous_2)
FN:125,(anonymous_3)
FN:137,(anonymous_4)
FNF:5
FNH:0
FNDA:0,DomainAnalyticsForm
FNDA:0,(anonymous_1)
FNDA:0,(anonymous_2)
FNDA:0,(anonymous_3)
FNDA:0,(anonymous_4)
DA:10,0
DA:16,0
DA:17,0
DA:18,0
DA:19,0
DA:21,0
DA:22,0
DA:28,0
DA:29,0
DA:30,0
DA:31,0
DA:32,0
DA:33,0
DA:36,0
DA:38,0
DA:41,0
DA:51,0
DA:54,0
DA:63,0
DA:66,0
DA:67,0
DA:70,0
DA:73,0
DA:74,0
DA:77,0
DA:88,0
DA:89,0
DA:101,0
DA:102,0
DA:103,0
DA:108,0
DA:115,0
DA:116,0
DA:121,0
DA:125,0
DA:126,0
DA:132,0
DA:133,0
DA:134,0
DA:137,0
DA:138,0
DA:141,0
LF:42
LH:0
BRDA:51,0,0,0
BRDA:51,0,1,0
BRDA:88,1,0,0
BRDA:88,1,1,0
BRDA:102,2,0,0
BRDA:102,2,1,0
BRDA:117,3,0,0
BRDA:117,3,1,0
BRDA:207,4,0,0
BRDA:207,4,1,0
BRDA:209,5,0,0
BRDA:209,5,1,0
BRDA:215,6,0,0
BRDA:215,6,1,0
BRDA:222,7,0,0
BRDA:222,7,1,0
BRDA:232,8,0,0
BRDA:232,8,1,0
BRDA:232,8,2,0
BRDA:235,9,0,0
BRDA:235,9,1,0
BRDA:237,10,0,0
BRDA:237,10,1,0
BRF:23
BRH:0
end_of_record
TN:
SF:src/components/DomainAnalyticsResults.jsx
FN:1,DomainAnalyticsResults
FN:3,(anonymous_1)
FN:7,(anonymous_2)
FN:33,(anonymous_3)
FN:172,EnhancedAnalysisSection
FN:174,(anonymous_5)
FN:179,(anonymous_6)
FN:211,(anonymous_7)
FN:247,(anonymous_8)
FN:270,(anonymous_9)
FN:346,(anonymous_10)
FN:375,(anonymous_11)
FN:379,(anonymous_12)
FNF:13
FNH:0
FNDA:0,DomainAnalyticsResults
FNDA:0,(anonymous_1)
FNDA:0,(anonymous_2)
FNDA:0,(anonymous_3)
FNDA:0,EnhancedAnalysisSection
FNDA:0,(anonymous_5)
FNDA:0,(anonymous_6)
FNDA:0,(anonymous_7)
FNDA:0,(anonymous_8)
FNDA:0,(anonymous_9)
FNDA:0,(anonymous_10)
FNDA:0,(anonymous_11)
FNDA:0,(anonymous_12)
DA:3,0
DA:4,0
DA:7,0
DA:8,0
DA:12,0
DA:13,0
DA:14,0
DA:25,0
DA:35,0
DA:36,0
DA:38,0
DA:160,0
DA:174,0
DA:175,0
DA:179,0
DA:180,0
DA:183,0
DA:184,0
DA:187,0
DA:212,0
DA:248,0
DA:271,0
DA:347,0
DA:375,0
DA:380,0
LF:25
LH:0
BRDA:1,0,0,0
BRDA:4,1,0,0
BRDA:4,1,1,0
BRDA:8,2,0,0
BRDA:8,2,1,0
BRDA:12,3,0,0
BRDA:12,3,1,0
BRDA:12,4,0,0
BRDA:12,4,1,0
BRDA:13,5,0,0
BRDA:13,5,1,0
BRDA:52,6,0,0
BRDA:52,6,1,0
BRDA:58,7,0,0
BRDA:58,7,1,0
BRDA:64,8,0,0
BRDA:64,8,1,0
BRDA:112,9,0,0
BRDA:112,9,1,0
BRDA:118,10,0,0
BRDA:118,10,1,0
BRDA:154,11,0,0
BRDA:154,11,1,0
BRDA:175,12,0,0
BRDA:175,12,1,0
BRDA:180,13,0,0
BRDA:180,13,1,0
BRDA:183,14,0,0
BRDA:183,14,1,0
BRDA:183,15,0,0
BRDA:183,15,1,0
BRDA:208,16,0,0
BRDA:208,16,1,0
BRDA:208,16,2,0
BRDA:243,17,0,0
BRDA:243,17,1,0
BRDA:243,17,2,0
BRDA:251,18,0,0
BRDA:251,18,1,0
BRDA:266,19,0,0
BRDA:266,19,1,0
BRDA:266,19,2,0
BRDA:286,20,0,0
BRDA:286,20,1,0
BRDA:286,20,2,0
BRDA:308,21,0,0
BRDA:308,21,1,0
BRDA:315,22,0,0
BRDA:315,22,1,0
BRDA:315,22,2,0
BRDA:329,23,0,0
BRDA:329,23,1,0
BRDA:329,23,2,0
BRDA:351,24,0,0
BRDA:351,24,1,0
BRDA:354,25,0,0
BRDA:354,25,1,0
BRDA:355,26,0,0
BRDA:355,26,1,0
BRDA:361,27,0,0
BRDA:361,27,1,0
BRDA:368,28,0,0
BRDA:368,28,1,0
BRDA:375,29,0,0
BRDA:375,29,1,0
BRDA:380,30,0,0
BRDA:380,30,1,0
BRF:67
BRH:0
end_of_record
TN:
SF:src/components/FormContainer.jsx
FN:5,FormContainer
FN:14,(anonymous_1)
FN:20,(anonymous_2)
FNF:3
FNH:0
FNDA:0,FormContainer
FNDA:0,(anonymous_1)
FNDA:0,(anonymous_2)
DA:6,0
DA:8,0
DA:14,0
DA:20,0
LF:4
LH:0
BRDA:13,0,0,0
BRDA:13,0,1,0
BRDA:19,1,0,0
BRDA:19,1,1,0
BRDA:28,2,0,0
BRDA:28,2,1,0
BRF:6
BRH:0
end_of_record
TN:
SF:src/components/GenerativePlayground.jsx
FN:4,GenerativePlayground
FN:19,(anonymous_1)
FN:25,(anonymous_2)
FN:31,(anonymous_3)
FN:37,(anonymous_4)
FN:102,(anonymous_5)
FNF:6
FNH:0
FNDA:0,GenerativePlayground
FNDA:0,(anonymous_1)
FNDA:0,(anonymous_2)
FNDA:0,(anonymous_3)
FNDA:0,(anonymous_4)
FNDA:0,(anonymous_5)
DA:5,0
DA:6,0
DA:8,0
DA:19,0
DA:25,0
DA:31,0
DA:37,0
DA:102,0
LF:8
LH:0
BRDA:18,0,0,0
BRDA:18,0,1,0
BRDA:24,1,0,0
BRDA:24,1,1,0
BRDA:30,2,0,0
BRDA:30,2,1,0
BRDA:36,3,0,0
BRDA:36,3,1,0
BRDA:166,4,0,0
BRDA:166,4,1,0
BRDA:202,5,0,0
BRDA:202,5,1,0
BRDA:223,6,0,0
BRDA:223,6,1,0
BRDA:281,7,0,0
BRDA:281,7,1,0
BRF:16
BRH:0
end_of_record
TN:
SF:src/components/Header.jsx
FN:4,Header
FN:5,(anonymous_1)
FNF:2
FNH:0
FNDA:0,Header
FNDA:0,(anonymous_1)
DA:5,0
DA:6,0
DA:9,0
LF:3
LH:0
BRF:0
BRH:0
end_of_record
TN:
SF:src/components/NewsDashboard.jsx
FN:7,NewsDashboard
FN:14,(anonymous_1)
FN:56,(anonymous_2)
FN:66,(anonymous_3)
FNF:4
FNH:0
FNDA:0,NewsDashboard
FNDA:0,(anonymous_1)
FNDA:0,(anonymous_2)
FNDA:0,(anonymous_3)
DA:8,0
DA:9,0
DA:10,0
DA:11,0
DA:12,0
DA:14,0
DA:15,0
DA:16,0
DA:17,0
DA:18,0
DA:20,0
DA:22,0
DA:26,0
DA:27,0
DA:29,0
DA:37,0
DA:38,0
DA:40,0
DA:41,0
DA:44,0
DA:45,0
DA:48,0
DA:51,0
DA:52,0
DA:56,0
DA:59,0
DA:60,0
DA:62,0
DA:66,0
DA:68,0
DA:69,0
DA:73,0
LF:32
LH:0
BRDA:22,0,0,0
BRDA:22,0,1,0
BRDA:40,1,0,0
BRDA:40,1,1,0
BRDA:41,2,0,0
BRDA:41,2,1,0
BRDA:44,3,0,0
BRDA:44,3,1,0
BRDA:45,4,0,0
BRDA:45,4,1,0
BRDA:51,5,0,0
BRDA:51,5,1,0
BRDA:51,6,0,0
BRDA:51,6,1,0
BRDA:68,7,0,0
BRDA:68,7,1,0
BRDA:68,8,0,0
BRDA:68,8,1,0
BRDA:85,9,0,0
BRDA:85,9,1,0
BRDA:92,10,0,0
BRDA:92,10,1,0
BRDA:98,11,0,0
BRDA:98,11,1,0
BRDA:98,11,2,0
BRDA:102,12,0,0
BRDA:102,12,1,0
BRDA:102,12,2,0
BRDA:102,12,3,0
BRF:29
BRH:0
end_of_record
TN:
SF:src/components/NewsModule.jsx
FN:5,NewsModule
FNF:1
FNH:0
FNDA:0,NewsModule
DA:6,0
LF:1
LH:0
BRF:0
BRH:0
end_of_record
TN:
SF:src/components/NewsResults.jsx
FN:4,NewsResults
FN:27,(anonymous_1)
FN:37,(anonymous_2)
FN:61,(anonymous_3)
FN:67,(anonymous_4)
FN:73,(anonymous_5)
FN:155,(anonymous_6)
FN:165,(anonymous_7)
FN:192,(anonymous_8)
FN:231,(anonymous_9)
FN:243,(anonymous_10)
FNF:11
FNH:0
FNDA:0,NewsResults
FNDA:0,(anonymous_1)
FNDA:0,(anonymous_2)
FNDA:0,(anonymous_3)
FNDA:0,(anonymous_4)
FNDA:0,(anonymous_5)
FNDA:0,(anonymous_6)
FNDA:0,(anonymous_7)
FNDA:0,(anonymous_8)
FNDA:0,(anonymous_9)
FNDA:0,(anonymous_10)
DA:5,0
DA:6,0
DA:8,0
DA:9,0
DA:12,0
DA:15,0
DA:16,0
DA:17,0
DA:18,0
DA:19,0
DA:20,0
DA:23,0
DA:24,0
DA:25,0
DA:27,0
DA:28,0
DA:29,0
DA:30,0
DA:32,0
DA:34,0
DA:37,0
DA:38,0
DA:39,0
DA:41,0
DA:43,0
DA:44,0
DA:45,0
DA:46,0
DA:49,0
DA:61,0
DA:67,0
DA:73,0
DA:156,0
DA:165,0
DA:193,0
DA:232,0
DA:244,0
LF:37
LH:0
BRDA:8,0,0,0
BRDA:8,0,1,0
BRDA:8,1,0,0
BRDA:8,1,1,0
BRDA:15,2,0,0
BRDA:15,2,1,0
BRDA:16,3,0,0
BRDA:16,3,1,0
BRDA:17,4,0,0
BRDA:17,4,1,0
BRDA:18,5,0,0
BRDA:18,5,1,0
BRDA:19,6,0,0
BRDA:19,6,1,0
BRDA:20,7,0,0
BRDA:20,7,1,0
BRDA:23,8,0,0
BRDA:23,8,1,0
BRDA:24,9,0,0
BRDA:24,9,1,0
BRDA:25,10,0,0
BRDA:25,10,1,0
BRDA:29,11,0,0
BRDA:29,11,1,0
BRDA:60,12,0,0
BRDA:60,12,1,0
BRDA:66,13,0,0
BRDA:66,13,1,0
BRDA:72,14,0,0
BRDA:72,14,1,0
BRDA:79,15,0,0
BRDA:79,15,1,0
BRDA:104,16,0,0
BRDA:104,16,1,0
BRDA:111,17,0,0
BRDA:111,17,1,0
BRDA:118,18,0,0
BRDA:118,18,1,0
BRDA:127,19,0,0
BRDA:127,19,1,0
BRDA:129,20,0,0
BRDA:129,20,1,0
BRDA:135,21,0,0
BRDA:135,21,1,0
BRDA:143,22,0,0
BRDA:143,22,1,0
BRDA:152,23,0,0
BRDA:152,23,1,0
BRDA:154,24,0,0
BRDA:154,24,1,0
BRDA:154,25,0,0
BRDA:154,25,1,0
BRDA:158,26,0,0
BRDA:158,26,1,0
BRDA:160,27,0,0
BRDA:160,27,1,0
BRDA:161,28,0,0
BRDA:161,28,1,0
BRDA:167,29,0,0
BRDA:167,29,1,0
BRDA:176,30,0,0
BRDA:176,30,1,0
BRDA:176,30,2,0
BRDA:178,31,0,0
BRDA:178,31,1,0
BRDA:183,32,0,0
BRDA:183,32,1,0
BRDA:188,33,0,0
BRDA:188,33,1,0
BRDA:188,33,2,0
BRDA:198,34,0,0
BRDA:198,34,1,0
BRDA:203,35,0,0
BRDA:203,35,1,0
BRDA:211,36,0,0
BRDA:211,36,1,0
BRDA:224,37,0,0
BRDA:224,37,1,0
BRDA:227,38,0,0
BRDA:227,38,1,0
BRDA:227,38,2,0
BRDA:239,39,0,0
BRDA:239,39,1,0
BRDA:259,40,0,0
BRDA:259,40,1,0
BRDA:272,41,0,0
BRDA:272,41,1,0
BRDA:278,42,0,0
BRDA:278,42,1,0
BRF:89
BRH:0
end_of_record
TN:
SF:src/components/NewsSearch.jsx
FN:5,NewsSearch
FN:19,(anonymous_1)
FN:26,(anonymous_2)
FN:32,(anonymous_3)
FN:46,(anonymous_4)
FN:61,(anonymous_5)
FN:72,(anonymous_6)
FN:88,(anonymous_7)
FN:97,(anonymous_8)
FN:107,(anonymous_9)
FN:108,(anonymous_10)
FN:111,(anonymous_11)
FN:115,(anonymous_12)
FN:125,(anonymous_13)
FN:130,(anonymous_14)
FN:151,(anonymous_15)
FN:162,(anonymous_16)
FN:172,(anonymous_17)
FN:179,(anonymous_18)
FN:201,(anonymous_19)
FN:206,(anonymous_20)
FN:231,(anonymous_21)
FN:237,(anonymous_22)
FN:260,(anonymous_23)
FN:277,(anonymous_24)
FNF:25
FNH:0
FNDA:0,NewsSearch
FNDA:0,(anonymous_1)
FNDA:0,(anonymous_2)
FNDA:0,(anonymous_3)
FNDA:0,(anonymous_4)
FNDA:0,(anonymous_5)
FNDA:0,(anonymous_6)
FNDA:0,(anonymous_7)
FNDA:0,(anonymous_8)
FNDA:0,(anonymous_9)
FNDA:0,(anonymous_10)
FNDA:0,(anonymous_11)
FNDA:0,(anonymous_12)
FNDA:0,(anonymous_13)
FNDA:0,(anonymous_14)
FNDA:0,(anonymous_15)
FNDA:0,(anonymous_16)
FNDA:0,(anonymous_17)
FNDA:0,(anonymous_18)
FNDA:0,(anonymous_19)
FNDA:0,(anonymous_20)
FNDA:0,(anonymous_21)
FNDA:0,(anonymous_22)
FNDA:0,(anonymous_23)
FNDA:0,(anonymous_24)
DA:6,0
DA:7,0
DA:8,0
DA:9,0
DA:12,0
DA:13,0
DA:14,0
DA:15,0
DA:16,0
DA:19,0
DA:20,0
DA:21,0
DA:26,0
DA:27,0
DA:28,0
DA:32,0
DA:33,0
DA:34,0
DA:36,0
DA:42,0
DA:45,0
DA:46,0
DA:47,0
DA:48,0
DA:55,0
DA:60,0
DA:61,0
DA:64,0
DA:66,0
DA:68,0
DA:72,0
DA:73,0
DA:74,0
DA:75,0
DA:77,0
DA:78,0
DA:84,0
DA:86,0
DA:88,0
DA:89,0
DA:91,0
DA:93,0
DA:97,0
DA:98,0
DA:99,0
DA:100,0
DA:102,0
DA:104,0
DA:107,0
DA:108,0
DA:111,0
DA:112,0
DA:115,0
DA:116,0
DA:118,0
DA:120,0
DA:121,0
DA:125,0
DA:127,0
DA:130,0
DA:134,0
DA:137,0
DA:138,0
DA:141,0
DA:147,0
DA:151,0
DA:152,0
DA:154,0
DA:155,0
DA:157,0
DA:158,0
DA:159,0
DA:162,0
DA:163,0
DA:164,0
DA:167,0
DA:172,0
DA:179,0
DA:201,0
DA:207,0
DA:232,0
DA:237,0
DA:260,0
DA:277,0
LF:84
LH:0
BRDA:20,0,0,0
BRDA:20,0,1,0
BRDA:27,1,0,0
BRDA:27,1,1,0
BRDA:42,2,0,0
BRDA:42,2,1,0
BRDA:47,3,0,0
BRDA:47,3,1,0
BRDA:84,4,0,0
BRDA:84,4,1,0
BRDA:86,5,0,0
BRDA:86,5,1,0
BRDA:88,6,0,0
BRDA:88,6,1,0
BRDA:99,7,0,0
BRDA:99,7,1,0
BRDA:118,8,0,0
BRDA:118,8,1,0
BRDA:120,9,0,0
BRDA:120,9,1,0
BRDA:120,10,0,0
BRDA:120,10,1,0
BRDA:131,11,0,0
BRDA:131,11,1,0
BRDA:137,12,0,0
BRDA:137,12,1,0
BRDA:144,13,0,0
BRDA:144,13,1,0
BRDA:171,14,0,0
BRDA:171,14,1,0
BRDA:178,15,0,0
BRDA:178,15,1,0
BRDA:187,16,0,0
BRDA:187,16,1,0
BRDA:195,17,0,0
BRDA:195,17,1,0
BRDA:216,18,0,0
BRDA:216,18,1,0
BRDA:216,18,2,0
BRDA:241,19,0,0
BRDA:241,19,1,0
BRDA:289,20,0,0
BRDA:289,20,1,0
BRDA:290,21,0,0
BRDA:290,21,1,0
BRDA:290,22,0,0
BRDA:290,22,1,0
BRDA:293,23,0,0
BRDA:293,23,1,0
BRDA:300,24,0,0
BRDA:300,24,1,0
BRDA:306,25,0,0
BRDA:306,25,1,0
BRDA:316,26,0,0
BRDA:316,26,1,0
BRF:55
BRH:0
end_of_record
TN:
SF:src/components/NewsSearchHistory.jsx
FN:6,(anonymous_0)
FN:36,NewsSearchHistory
FN:41,(anonymous_2)
FN:47,(anonymous_3)
FN:69,(anonymous_4)
FN:84,(anonymous_5)
FN:94,(anonymous_6)
FN:99,(anonymous_7)
FN:137,(anonymous_8)
FN:150,(anonymous_9)
FN:186,(anonymous_10)
FN:192,(anonymous_11)
FNF:12
FNH:0
FNDA:0,(anonymous_0)
FNDA:0,NewsSearchHistory
FNDA:0,(anonymous_2)
FNDA:0,(anonymous_3)
FNDA:0,(anonymous_4)
FNDA:0,(anonymous_5)
FNDA:0,(anonymous_6)
FNDA:0,(anonymous_7)
FNDA:0,(anonymous_8)
FNDA:0,(anonymous_9)
FNDA:0,(anonymous_10)
FNDA:0,(anonymous_11)
DA:6,0
DA:7,0
DA:9,0
DA:10,0
DA:28,0
DA:29,0
DA:31,0
DA:32,0
DA:37,0
DA:38,0
DA:39,0
DA:41,0
DA:42,0
DA:43,0
DA:47,0
DA:48,0
DA:50,0
DA:51,0
DA:52,0
DA:59,0
DA:61,0
DA:63,0
DA:65,0
DA:69,0
DA:70,0
DA:71,0
DA:76,0
DA:78,0
DA:80,0
DA:84,0
DA:85,0
DA:86,0
DA:87,0
DA:89,0
DA:91,0
DA:94,0
DA:95,0
DA:96,0
DA:99,0
DA:100,0
DA:101,0
DA:102,0
DA:104,0
DA:105,0
DA:106,0
DA:109,0
DA:110,0
DA:118,0
DA:138,0
DA:150,0
DA:186,0
DA:192,0
LF:52
LH:0
BRDA:7,0,0,0
BRDA:7,0,1,0
BRDA:28,1,0,0
BRDA:28,1,1,0
BRDA:42,2,0,0
BRDA:42,2,1,0
BRDA:48,3,0,0
BRDA:48,3,1,0
BRDA:59,4,0,0
BRDA:59,4,1,0
BRDA:61,5,0,0
BRDA:61,5,1,0
BRDA:76,6,0,0
BRDA:76,6,1,0
BRDA:86,7,0,0
BRDA:86,7,1,0
BRDA:100,8,0,0
BRDA:100,8,1,0
BRDA:101,9,0,0
BRDA:101,9,1,0
BRDA:102,10,0,0
BRDA:102,10,1,0
BRDA:104,11,0,0
BRDA:104,11,1,0
BRDA:104,12,0,0
BRDA:104,12,1,0
BRDA:105,13,0,0
BRDA:105,13,1,0
BRDA:105,14,0,0
BRDA:105,14,1,0
BRDA:109,15,0,0
BRDA:109,15,1,0
BRDA:122,16,0,0
BRDA:122,16,1,0
BRDA:129,17,0,0
BRDA:129,17,1,0
BRDA:131,18,0,0
BRDA:131,18,1,0
BRDA:131,18,2,0
BRDA:135,19,0,0
BRDA:135,19,1,0
BRDA:135,19,2,0
BRDA:142,20,0,0
BRDA:142,20,1,0
BRDA:152,21,0,0
BRDA:152,21,1,0
BRDA:164,22,0,0
BRDA:164,22,1,0
BRDA:166,23,0,0
BRDA:166,23,1,0
BRDA:172,24,0,0
BRDA:172,24,1,0
BRDA:176,25,0,0
BRDA:176,25,1,0
BRDA:177,26,0,0
BRDA:177,26,1,0
BRDA:178,27,0,0
BRDA:178,27,1,0
BRF:58
BRH:0
end_of_record
TN:
SF:src/components/RedditDashboard.jsx
FN:4,RedditDashboard
FN:23,(anonymous_1)
FN:29,(anonymous_2)
FN:35,(anonymous_3)
FN:41,(anonymous_4)
FN:47,(anonymous_5)
FN:72,(anonymous_6)
FN:78,(anonymous_7)
FN:84,(anonymous_8)
FN:90,(anonymous_9)
FN:206,(anonymous_10)
FN:272,(anonymous_11)
FN:310,(anonymous_12)
FNF:13
FNH:7
FNDA:7,RedditDashboard
FNDA:30,(anonymous_1)
FNDA:2,(anonymous_2)
FNDA:1,(anonymous_3)
FNDA:0,(anonymous_4)
FNDA:5,(anonymous_5)
FNDA:0,(anonymous_6)
FNDA:0,(anonymous_7)
FNDA:1,(anonymous_8)
FNDA:0,(anonymous_9)
FNDA:0,(anonymous_10)
FNDA:1,(anonymous_11)
FNDA:0,(anonymous_12)
DA:10,7
DA:12,7
DA:13,1
DA:23,6
DA:24,30
DA:25,30
DA:26,30
DA:29,6
DA:30,2
DA:31,0
DA:32,0
DA:35,6
DA:36,1
DA:37,0
DA:38,0
DA:41,6
DA:42,0
DA:43,0
DA:44,0
DA:47,6
DA:48,5
DA:49,5
DA:50,0
DA:53,6
DA:72,0
DA:78,0
DA:84,1
DA:90,0
DA:207,0
DA:273,1
DA:276,1
DA:278,1
DA:311,0
LF:33
LH:20
BRDA:5,0,0,0
BRDA:8,1,0,1
BRDA:12,2,0,1
BRDA:12,2,1,6
BRDA:12,3,0,7
BRDA:12,3,1,7
BRDA:24,4,0,0
BRDA:24,4,1,30
BRDA:25,5,0,0
BRDA:25,5,1,30
BRDA:26,6,0,30
BRDA:26,6,1,0
BRDA:30,7,0,2
BRDA:30,7,1,0
BRDA:31,8,0,0
BRDA:31,8,1,0
BRDA:36,9,0,1
BRDA:36,9,1,0
BRDA:37,10,0,0
BRDA:37,10,1,0
BRDA:42,11,0,0
BRDA:42,11,1,0
BRDA:43,12,0,0
BRDA:43,12,1,0
BRDA:48,13,0,0
BRDA:48,13,1,5
BRDA:49,14,0,5
BRDA:49,14,1,0
BRDA:59,15,0,6
BRDA:59,15,1,1
BRDA:61,16,0,6
BRDA:61,16,1,0
BRDA:62,17,0,0
BRDA:62,17,1,0
BRDA:71,18,0,5
BRDA:71,18,1,1
BRDA:77,19,0,0
BRDA:77,19,1,6
BRDA:83,20,0,1
BRDA:83,20,1,5
BRDA:89,21,0,0
BRDA:89,21,1,6
BRDA:99,22,0,6
BRDA:99,22,1,5
BRDA:105,23,0,5
BRDA:105,23,1,0
BRDA:113,24,0,5
BRDA:113,24,1,0
BRDA:121,25,0,5
BRDA:121,25,1,0
BRDA:129,26,0,5
BRDA:129,26,1,0
BRDA:137,27,0,5
BRDA:137,27,1,0
BRDA:145,28,0,5
BRDA:145,28,1,0
BRDA:158,29,0,5
BRDA:158,29,1,0
BRDA:163,30,0,5
BRDA:163,30,1,0
BRDA:165,31,0,5
BRDA:165,31,1,0
BRDA:173,32,0,6
BRDA:173,32,1,0
BRDA:179,33,0,0
BRDA:179,33,1,0
BRDA:183,34,0,0
BRDA:183,34,1,0
BRDA:187,35,0,0
BRDA:187,35,1,0
BRDA:193,36,0,0
BRDA:193,36,1,0
BRDA:202,37,0,0
BRDA:202,37,1,0
BRDA:202,37,2,0
BRDA:220,38,0,6
BRDA:220,38,1,1
BRDA:228,39,0,1
BRDA:228,39,1,0
BRDA:230,40,0,1
BRDA:230,40,1,0
BRDA:230,41,0,0
BRDA:230,41,1,0
BRDA:236,42,0,1
BRDA:236,42,1,0
BRDA:238,43,0,1
BRDA:238,43,1,0
BRDA:241,44,0,1
BRDA:241,44,1,0
BRDA:248,45,0,1
BRDA:248,45,1,1
BRDA:256,46,0,1
BRDA:256,46,1,0
BRDA:261,47,0,1
BRDA:261,47,1,0
BRDA:266,48,0,1
BRDA:266,48,1,1
BRDA:273,49,0,1
BRDA:273,49,1,0
BRDA:274,50,0,1
BRDA:274,50,1,0
BRDA:275,51,0,1
BRDA:275,51,1,1
BRDA:276,52,0,0
BRDA:276,52,1,1
BRDA:303,53,0,6
BRDA:303,53,1,0
BRDA:306,54,0,0
BRDA:306,54,1,0
BRDA:306,54,2,0
BRDA:325,55,0,0
BRDA:325,55,1,0
BRDA:334,56,0,0
BRDA:334,56,1,0
BRDA:343,57,0,0
BRDA:343,57,1,0
BRDA:352,58,0,0
BRDA:352,58,1,0
BRDA:361,59,0,0
BRDA:361,59,1,0
BRDA:371,60,0,0
BRDA:371,60,1,0
BRDA:371,61,0,0
BRDA:371,61,1,0
BRDA:371,61,2,0
BRDA:371,61,3,0
BRF:126
BRH:52
end_of_record
TN:
SF:src/components/RedditResults.jsx
FN:4,RedditResults
FN:17,(anonymous_1)
FN:23,(anonymous_2)
FN:31,(anonymous_3)
FN:60,(anonymous_4)
FN:61,(anonymous_5)
FN:64,(anonymous_6)
FN:84,(anonymous_7)
FN:92,(anonymous_8)
FN:107,(anonymous_9)
FN:117,(anonymous_10)
FN:123,(anonymous_11)
FN:135,(anonymous_12)
FN:144,(anonymous_13)
FN:153,(anonymous_14)
FN:161,(anonymous_15)
FN:195,(anonymous_16)
FN:209,(anonymous_17)
FN:226,(anonymous_18)
FN:237,(anonymous_19)
FN:252,(anonymous_20)
FN:255,(anonymous_21)
FN:275,(anonymous_22)
FN:344,(anonymous_23)
FN:424,(anonymous_24)
FNF:25
FNH:16
FNDA:6,RedditResults
FNDA:20,(anonymous_1)
FNDA:10,(anonymous_2)
FNDA:10,(anonymous_3)
FNDA:10,(anonymous_4)
FNDA:10,(anonymous_5)
FNDA:0,(anonymous_6)
FNDA:10,(anonymous_7)
FNDA:4,(anonymous_8)
FNDA:0,(anonymous_9)
FNDA:18,(anonymous_10)
FNDA:9,(anonymous_11)
FNDA:9,(anonymous_12)
FNDA:9,(anonymous_13)
FNDA:9,(anonymous_14)
FNDA:9,(anonymous_15)
FNDA:0,(anonymous_16)
FNDA:1,(anonymous_17)
FNDA:0,(anonymous_18)
FNDA:0,(anonymous_19)
FNDA:0,(anonymous_20)
FNDA:0,(anonymous_21)
FNDA:9,(anonymous_22)
FNDA:0,(anonymous_23)
FNDA:0,(anonymous_24)
DA:11,6
DA:12,6
DA:13,6
DA:14,6
DA:17,6
DA:18,20
DA:19,20
DA:20,20
DA:23,6
DA:25,10
DA:26,0
DA:28,10
DA:31,6
DA:33,10
DA:59,6
DA:60,10
DA:61,10
DA:64,6
DA:65,0
DA:66,0
DA:67,0
DA:68,0
DA:71,6
DA:72,1
DA:83,5
DA:85,10
DA:86,2
DA:87,0
DA:88,0
DA:89,0
DA:90,0
DA:93,4
DA:95,4
DA:97,0
DA:99,0
DA:101,0
DA:103,0
DA:107,5
DA:108,0
DA:109,0
DA:110,0
DA:112,0
DA:114,0
DA:117,5
DA:118,18
DA:119,18
DA:120,18
DA:123,5
DA:124,9
DA:125,9
DA:126,9
DA:127,9
DA:129,9
DA:130,9
DA:131,9
DA:132,5
DA:135,5
DA:136,9
DA:137,9
DA:138,5
DA:139,0
DA:140,4
DA:144,5
DA:145,9
DA:146,9
DA:147,5
DA:148,0
DA:149,4
DA:153,5
DA:154,9
DA:155,9
DA:156,9
DA:157,9
DA:158,0
DA:161,5
DA:162,9
DA:163,0
DA:166,5
DA:195,0
DA:209,1
DA:226,0
DA:238,0
DA:239,0
DA:240,0
DA:241,0
DA:242,0
DA:243,0
DA:244,0
DA:253,0
DA:256,0
DA:260,0
DA:261,0
DA:262,0
DA:263,0
DA:264,0
DA:265,0
DA:276,9
DA:277,9
DA:344,0
DA:425,0
LF:100
LH:59
BRDA:5,0,0,0
BRDA:6,1,0,0
BRDA:25,2,0,0
BRDA:25,2,1,10
BRDA:36,3,0,10
BRDA:36,3,1,10
BRDA:36,3,2,0
BRDA:37,4,0,10
BRDA:37,4,1,10
BRDA:37,4,2,0
BRDA:38,5,0,10
BRDA:38,5,1,10
BRDA:38,5,2,0
BRDA:39,6,0,10
BRDA:39,6,1,10
BRDA:39,6,2,0
BRDA:40,7,0,10
BRDA:40,7,1,10
BRDA:40,7,2,0
BRDA:41,8,0,10
BRDA:41,8,1,10
BRDA:42,9,0,10
BRDA:42,9,1,10
BRDA:42,9,2,0
BRDA:44,10,0,10
BRDA:44,10,1,0
BRDA:45,11,0,0
BRDA:45,11,1,10
BRDA:46,12,0,10
BRDA:46,12,1,10
BRDA:46,12,2,10
BRDA:47,13,0,10
BRDA:47,13,1,10
BRDA:47,13,2,10
BRDA:48,14,0,10
BRDA:48,14,1,10
BRDA:48,14,2,10
BRDA:49,15,0,10
BRDA:49,15,1,10
BRDA:49,15,2,10
BRDA:50,16,0,10
BRDA:50,16,1,10
BRDA:51,17,0,10
BRDA:51,17,1,10
BRDA:51,18,0,0
BRDA:51,18,1,10
BRDA:51,19,0,10
BRDA:51,19,1,10
BRDA:52,20,0,10
BRDA:52,20,1,0
BRDA:52,21,0,0
BRDA:52,21,1,0
BRDA:54,22,0,10
BRDA:54,22,1,10
BRDA:66,23,0,0
BRDA:66,23,1,0
BRDA:71,24,0,1
BRDA:71,24,1,5
BRDA:71,25,0,6
BRDA:71,25,1,6
BRDA:85,26,0,8
BRDA:85,26,1,2
BRDA:86,27,0,2
BRDA:86,27,1,0
BRDA:87,28,0,0
BRDA:87,28,1,0
BRDA:88,29,0,0
BRDA:88,29,1,0
BRDA:89,30,0,0
BRDA:89,30,1,0
BRDA:93,31,0,4
BRDA:93,31,1,0
BRDA:93,31,2,0
BRDA:93,31,3,0
BRDA:93,31,4,0
BRDA:95,32,0,4
BRDA:95,32,1,0
BRDA:95,33,0,4
BRDA:95,33,1,0
BRDA:97,34,0,0
BRDA:97,34,1,0
BRDA:97,35,0,0
BRDA:97,35,1,0
BRDA:99,36,0,0
BRDA:99,36,1,0
BRDA:99,37,0,0
BRDA:99,37,1,0
BRDA:101,38,0,0
BRDA:101,38,1,0
BRDA:101,39,0,0
BRDA:101,39,1,0
BRDA:109,40,0,0
BRDA:109,40,1,0
BRDA:118,41,0,0
BRDA:118,41,1,18
BRDA:119,42,0,0
BRDA:119,42,1,18
BRDA:120,43,0,18
BRDA:120,43,1,0
BRDA:129,44,0,0
BRDA:129,44,1,9
BRDA:130,45,0,0
BRDA:130,45,1,9
BRDA:131,46,0,4
BRDA:131,46,1,5
BRDA:136,47,0,0
BRDA:136,47,1,9
BRDA:137,48,0,5
BRDA:137,48,1,0
BRDA:137,48,2,4
BRDA:145,49,0,0
BRDA:145,49,1,9
BRDA:146,50,0,5
BRDA:146,50,1,0
BRDA:146,50,2,4
BRDA:154,51,0,0
BRDA:154,51,1,9
BRDA:155,52,0,0
BRDA:155,52,1,9
BRDA:156,53,0,0
BRDA:156,53,1,9
BRDA:156,54,0,9
BRDA:156,54,1,9
BRDA:157,55,0,9
BRDA:157,55,1,0
BRDA:161,56,0,9
BRDA:162,57,0,9
BRDA:162,57,1,0
BRDA:162,58,0,9
BRDA:162,58,1,9
BRDA:172,59,0,5
BRDA:172,59,1,0
BRDA:173,60,0,0
BRDA:173,60,1,0
BRDA:177,61,0,5
BRDA:177,61,1,0
BRDA:220,62,0,5
BRDA:220,62,1,0
BRDA:256,63,0,0
BRDA:256,63,1,0
BRDA:276,64,0,9
BRDA:276,64,1,9
BRDA:278,65,0,9
BRDA:278,65,1,0
BRDA:285,66,0,9
BRDA:285,66,1,0
BRDA:316,67,0,9
BRDA:316,67,1,0
BRDA:317,68,0,9
BRDA:317,68,1,0
BRDA:318,69,0,9
BRDA:318,69,1,0
BRDA:319,70,0,9
BRDA:319,70,1,0
BRDA:337,71,0,9
BRDA:337,71,1,9
BRDA:340,72,0,0
BRDA:340,72,1,9
BRDA:342,73,0,9
BRDA:342,73,1,0
BRDA:347,74,0,0
BRDA:347,74,1,0
BRDA:354,75,0,9
BRDA:354,75,1,9
BRDA:354,75,2,0
BRDA:373,76,0,9
BRDA:373,76,1,0
BRDA:387,77,0,9
BRDA:387,77,1,0
BRDA:388,78,0,9
BRDA:388,78,1,9
BRDA:389,79,0,9
BRDA:389,79,1,0
BRDA:403,80,0,9
BRDA:403,80,1,9
BRDA:403,80,2,0
BRDA:418,81,0,9
BRDA:418,81,1,9
BRDA:418,81,2,0
BRDA:421,82,0,0
BRDA:421,82,1,0
BRDA:425,83,0,0
BRDA:425,83,1,0
BRDA:438,84,0,0
BRDA:438,84,1,0
BRDA:438,84,2,0
BRDA:441,85,0,0
BRDA:441,85,1,0
BRDA:441,86,0,0
BRDA:441,86,1,0
BRDA:443,87,0,0
BRDA:443,87,1,0
BRDA:445,88,0,0
BRDA:445,88,1,0
BRDA:450,89,0,0
BRDA:450,89,1,0
BRDA:471,90,0,5
BRDA:471,90,1,1
BRF:198
BRH:100
end_of_record
TN:
SF:src/components/RedditSearch.jsx
FN:4,RedditSearch
FN:22,(anonymous_1)
FN:36,(anonymous_2)
FN:68,(anonymous_3)
FN:80,(anonymous_4)
FN:94,(anonymous_5)
FN:108,(anonymous_6)
FN:146,(anonymous_7)
FN:158,(anonymous_8)
FN:170,(anonymous_9)
FN:190,(anonymous_10)
FN:207,(anonymous_11)
FN:225,(anonymous_12)
FN:244,(anonymous_13)
FN:263,(anonymous_14)
FN:276,(anonymous_15)
FNF:16
FNH:7
FNDA:12,RedditSearch
FNDA:9,(anonymous_1)
FNDA:3,(anonymous_2)
FNDA:0,(anonymous_3)
FNDA:12,(anonymous_4)
FNDA:12,(anonymous_5)
FNDA:2,(anonymous_6)
FNDA:0,(anonymous_7)
FNDA:0,(anonymous_8)
FNDA:0,(anonymous_9)
FNDA:2,(anonymous_10)
FNDA:0,(anonymous_11)
FNDA:0,(anonymous_12)
FNDA:0,(anonymous_13)
FNDA:0,(anonymous_14)
FNDA:0,(anonymous_15)
DA:11,12
DA:12,12
DA:13,12
DA:14,12
DA:15,12
DA:16,12
DA:17,12
DA:18,12
DA:19,12
DA:22,12
DA:23,9
DA:24,1
DA:25,1
DA:26,1
DA:27,1
DA:28,1
DA:29,1
DA:30,1
DA:31,1
DA:32,1
DA:36,12
DA:37,3
DA:40,3
DA:41,1
DA:42,1
DA:44,2
DA:45,0
DA:46,0
DA:48,2
DA:49,0
DA:50,0
DA:53,2
DA:65,2
DA:68,12
DA:69,0
DA:70,0
DA:71,0
DA:72,0
DA:73,0
DA:74,0
DA:75,0
DA:76,0
DA:80,12
DA:81,12
DA:83,12
DA:85,0
DA:87,0
DA:89,0
DA:94,12
DA:95,12
DA:97,12
DA:99,0
DA:101,0
DA:103,0
DA:108,12
DA:109,2
DA:111,2
DA:112,2
DA:114,0
DA:115,0
DA:117,0
DA:118,0
DA:122,12
DA:146,0
DA:158,0
DA:170,0
DA:190,2
DA:207,0
DA:225,0
DA:244,0
DA:263,0
DA:276,0
LF:72
LH:42
BRDA:8,0,0,4
BRDA:11,1,0,12
BRDA:11,1,1,11
BRDA:12,2,0,12
BRDA:12,2,1,11
BRDA:13,3,0,12
BRDA:13,3,1,12
BRDA:14,4,0,12
BRDA:14,4,1,12
BRDA:15,5,0,12
BRDA:15,5,1,11
BRDA:16,6,0,12
BRDA:16,6,1,12
BRDA:17,7,0,12
BRDA:17,7,1,11
BRDA:18,8,0,12
BRDA:18,8,1,12
BRDA:23,9,0,1
BRDA:23,9,1,8
BRDA:24,10,0,1
BRDA:24,10,1,0
BRDA:25,11,0,1
BRDA:25,11,1,0
BRDA:26,12,0,1
BRDA:26,12,1,1
BRDA:27,13,0,1
BRDA:27,13,1,1
BRDA:28,14,0,1
BRDA:28,14,1,0
BRDA:29,15,0,1
BRDA:29,15,1,1
BRDA:30,16,0,1
BRDA:30,16,1,0
BRDA:31,17,0,1
BRDA:31,17,1,1
BRDA:40,18,0,1
BRDA:40,18,1,2
BRDA:40,19,0,3
BRDA:40,19,1,3
BRDA:44,20,0,0
BRDA:44,20,1,2
BRDA:44,21,0,2
BRDA:44,21,1,0
BRDA:48,22,0,0
BRDA:48,22,1,2
BRDA:48,23,0,2
BRDA:48,23,1,0
BRDA:55,24,0,2
BRDA:55,24,1,0
BRDA:56,25,0,0
BRDA:56,25,1,2
BRDA:57,26,0,0
BRDA:57,26,1,2
BRDA:59,27,0,0
BRDA:59,27,1,2
BRDA:81,28,0,12
BRDA:81,28,1,0
BRDA:81,28,2,0
BRDA:81,28,3,0
BRDA:95,29,0,12
BRDA:95,29,1,0
BRDA:95,29,2,0
BRDA:95,29,3,0
BRDA:109,30,0,2
BRDA:109,30,1,0
BRDA:109,30,2,0
BRDA:124,31,0,12
BRDA:124,31,1,2
BRDA:182,32,0,12
BRDA:182,32,1,12
BRDA:183,33,0,12
BRDA:183,33,1,0
BRDA:184,34,0,12
BRDA:184,34,1,0
BRDA:195,35,0,12
BRDA:195,35,1,12
BRDA:196,36,0,12
BRDA:196,36,1,0
BRDA:197,37,0,12
BRDA:197,37,1,0
BRDA:213,38,0,12
BRDA:213,38,1,0
BRDA:219,39,0,12
BRDA:219,39,1,0
BRDA:270,40,0,12
BRDA:270,40,1,12
BRDA:292,41,0,2
BRDA:292,41,1,10
BRDA:299,42,0,10
BRDA:299,42,1,0
BRDA:300,43,0,0
BRDA:300,43,1,0
BRF:92
BRH:63
end_of_record
TN:
SF:src/components/RedditSearchHistory.jsx
FN:5,RedditSearchHistory
FN:12,(anonymous_1)
FN:64,(anonymous_2)
FN:69,(anonymous_3)
FN:86,(anonymous_4)
FN:93,(anonymous_5)
FN:103,(anonymous_6)
FN:110,(anonymous_7)
FN:117,(anonymous_8)
FN:134,(anonymous_9)
FN:187,(anonymous_10)
FN:189,(anonymous_11)
FN:261,(anonymous_12)
FN:269,(anonymous_13)
FNF:14
FNH:3
FNDA:8,RedditSearchHistory
FNDA:4,(anonymous_1)
FNDA:4,(anonymous_2)
FNDA:0,(anonymous_3)
FNDA:0,(anonymous_4)
FNDA:0,(anonymous_5)
FNDA:0,(anonymous_6)
FNDA:0,(anonymous_7)
FNDA:0,(anonymous_8)
FNDA:0,(anonymous_9)
FNDA:0,(anonymous_10)
FNDA:0,(anonymous_11)
FNDA:0,(anonymous_12)
FNDA:0,(anonymous_13)
DA:6,8
DA:7,8
DA:8,8
DA:9,8
DA:12,8
DA:13,4
DA:15,4
DA:16,4
DA:18,4
DA:19,4
DA:48,0
DA:49,0
DA:50,0
DA:51,0
DA:54,0
DA:56,4
DA:57,4
DA:59,4
DA:64,8
DA:65,4
DA:69,8
DA:70,0
DA:71,0
DA:72,0
DA:74,0
DA:75,0
DA:76,0
DA:77,0
DA:78,0
DA:79,0
DA:81,0
DA:86,8
DA:87,0
DA:88,0
DA:89,0
DA:93,8
DA:94,0
DA:95,0
DA:96,0
DA:97,0
DA:98,0
DA:103,8
DA:104,0
DA:105,0
DA:106,0
DA:110,8
DA:111,0
DA:112,0
DA:113,0
DA:117,8
DA:118,0
DA:130,0
DA:134,8
DA:135,0
DA:138,8
DA:139,0
DA:149,8
DA:188,0
DA:189,0
DA:261,0
DA:269,0
LF:61
LH:24
BRDA:13,0,0,0
BRDA:13,0,1,4
BRDA:48,1,0,0
BRDA:48,1,1,0
BRDA:54,2,0,0
BRDA:54,2,1,0
BRDA:74,3,0,0
BRDA:74,3,1,0
BRDA:76,4,0,0
BRDA:76,4,1,0
BRDA:78,5,0,0
BRDA:78,5,1,0
BRDA:87,6,0,0
BRDA:87,6,1,0
BRDA:88,7,0,0
BRDA:88,7,1,0
BRDA:89,8,0,0
BRDA:89,8,1,0
BRDA:94,9,0,0
BRDA:94,9,1,0
BRDA:94,9,2,0
BRDA:94,9,3,0
BRDA:104,10,0,0
BRDA:104,10,1,0
BRDA:105,11,0,0
BRDA:105,11,1,0
BRDA:111,12,0,0
BRDA:111,12,1,0
BRDA:112,13,0,0
BRDA:112,13,1,0
BRDA:120,14,0,0
BRDA:120,14,1,0
BRDA:121,15,0,0
BRDA:121,15,1,0
BRDA:122,16,0,0
BRDA:122,16,1,0
BRDA:123,17,0,0
BRDA:123,17,1,0
BRDA:124,18,0,0
BRDA:124,18,1,0
BRDA:125,19,0,0
BRDA:125,19,1,0
BRDA:126,20,0,0
BRDA:126,20,1,0
BRDA:135,21,0,0
BRDA:135,21,1,0
BRDA:138,22,0,0
BRDA:138,22,1,8
BRDA:158,23,0,0
BRDA:158,23,1,8
BRDA:162,24,0,8
BRDA:162,24,1,5
BRDA:171,25,0,8
BRDA:171,25,1,0
BRDA:171,25,2,0
BRDA:178,26,0,8
BRDA:178,26,1,8
BRDA:178,26,2,8
BRDA:178,26,3,3
BRDA:185,27,0,8
BRDA:185,27,1,0
BRDA:205,28,0,0
BRDA:205,28,1,0
BRDA:214,29,0,0
BRDA:214,29,1,0
BRDA:220,30,0,0
BRDA:220,30,1,0
BRDA:226,31,0,0
BRDA:226,31,1,0
BRDA:236,32,0,0
BRDA:236,32,1,0
BRDA:246,33,0,0
BRDA:246,33,1,0
BRDA:252,34,0,0
BRDA:252,34,1,0
BRDA:253,35,0,0
BRDA:253,35,1,0
BRDA:263,36,0,0
BRDA:263,36,1,0
BRDA:265,37,0,0
BRDA:265,37,1,0
BRDA:278,38,0,0
BRDA:278,38,1,0
BRDA:281,39,0,0
BRDA:281,39,1,0
BRDA:281,39,2,0
BRDA:288,40,0,0
BRDA:288,40,1,0
BRDA:288,40,2,0
BRDA:295,41,0,0
BRDA:295,41,1,0
BRDA:295,41,2,0
BRDA:307,42,0,0
BRDA:307,42,1,0
BRDA:316,43,0,0
BRDA:316,43,1,0
BRDA:319,44,0,0
BRDA:319,44,1,0
BRDA:322,45,0,0
BRDA:322,45,1,0
BRDA:328,46,0,0
BRDA:328,46,1,0
BRDA:328,46,2,0
BRDA:330,47,0,0
BRDA:330,47,1,0
BRDA:337,48,0,0
BRDA:337,48,1,0
BRDA:344,49,0,0
BRDA:344,49,1,0
BRDA:347,50,0,0
BRDA:347,50,1,0
BRDA:348,51,0,0
BRDA:348,51,1,0
BRDA:364,52,0,8
BRDA:364,52,1,0
BRF:115
BRH:12
end_of_record
TN:
SF:src/components/SearchForm.jsx
FN:12,SearchForm
FN:28,(anonymous_1)
FN:37,(anonymous_2)
FN:44,(anonymous_3)
FN:92,(anonymous_4)
FN:118,(anonymous_5)
FN:153,(anonymous_6)
FN:160,(anonymous_7)
FN:170,(anonymous_8)
FN:302,(anonymous_9)
FNF:10
FNH:0
FNDA:0,SearchForm
FNDA:0,(anonymous_1)
FNDA:0,(anonymous_2)
FNDA:0,(anonymous_3)
FNDA:0,(anonymous_4)
FNDA:0,(anonymous_5)
FNDA:0,(anonymous_6)
FNDA:0,(anonymous_7)
FNDA:0,(anonymous_8)
FNDA:0,(anonymous_9)
DA:9,0
DA:10,0
DA:13,0
DA:14,0
DA:21,0
DA:22,0
DA:23,0
DA:24,0
DA:25,0
DA:28,0
DA:29,0
DA:30,0
DA:31,0
DA:32,0
DA:33,0
DA:37,0
DA:38,0
DA:44,0
DA:45,0
DA:46,0
DA:47,0
DA:49,0
DA:51,0
DA:54,0
DA:65,0
DA:68,0
DA:78,0
DA:86,0
DA:88,0
DA:89,0
DA:90,0
DA:91,0
DA:92,0
DA:95,0
DA:107,0
DA:110,0
DA:111,0
DA:112,0
DA:114,0
DA:118,0
DA:119,0
DA:120,0
DA:121,0
DA:123,0
DA:124,0
DA:136,0
DA:138,0
DA:139,0
DA:140,0
DA:142,0
DA:145,0
DA:146,0
DA:147,0
DA:149,0
DA:153,0
DA:154,0
DA:155,0
DA:156,0
DA:157,0
DA:160,0
DA:161,0
DA:170,0
DA:172,0
DA:174,0
DA:181,0
DA:182,0
DA:183,0
DA:186,0
DA:188,0
DA:302,0
LF:70
LH:0
BRDA:9,0,0,0
BRDA:9,0,1,0
BRDA:10,1,0,0
BRDA:10,1,1,0
BRDA:30,2,0,0
BRDA:30,2,1,0
BRDA:30,3,0,0
BRDA:30,3,1,0
BRDA:33,4,0,0
BRDA:33,4,1,0
BRDA:65,5,0,0
BRDA:65,5,1,0
BRDA:73,6,0,0
BRDA:73,6,1,0
BRDA:88,7,0,0
BRDA:88,7,1,0
BRDA:88,8,0,0
BRDA:88,8,1,0
BRDA:89,9,0,0
BRDA:89,9,1,0
BRDA:107,10,0,0
BRDA:107,10,1,0
BRDA:111,11,0,0
BRDA:111,11,1,0
BRDA:132,12,0,0
BRDA:132,12,1,0
BRDA:138,13,0,0
BRDA:138,13,1,0
BRDA:138,14,0,0
BRDA:138,14,1,0
BRDA:139,15,0,0
BRDA:139,15,1,0
BRDA:142,16,0,0
BRDA:142,16,1,0
BRDA:146,17,0,0
BRDA:146,17,1,0
BRDA:165,18,0,0
BRDA:165,18,1,0
BRDA:186,19,0,0
BRDA:186,19,1,0
BRDA:186,19,2,0
BRDA:186,19,3,0
BRDA:259,20,0,0
BRDA:259,20,1,0
BRDA:259,20,2,0
BRDA:261,21,0,0
BRDA:261,21,1,0
BRDA:267,22,0,0
BRDA:267,22,1,0
BRDA:276,23,0,0
BRDA:276,23,1,0
BRDA:283,24,0,0
BRDA:283,24,1,0
BRDA:297,25,0,0
BRDA:297,25,1,0
BRDA:309,26,0,0
BRDA:309,26,1,0
BRDA:315,27,0,0
BRDA:315,27,1,0
BRDA:320,28,0,0
BRDA:320,28,1,0
BRF:61
BRH:0
end_of_record
TN:
SF:src/components/SearchHistory.jsx
FN:5,SearchHistory
FN:10,(anonymous_1)
FN:14,(anonymous_2)
FN:33,(anonymous_3)
FN:42,(anonymous_4)
FN:77,(anonymous_5)
FN:86,(anonymous_6)
FNF:7
FNH:0
FNDA:0,SearchHistory
FNDA:0,(anonymous_1)
FNDA:0,(anonymous_2)
FNDA:0,(anonymous_3)
FNDA:0,(anonymous_4)
FNDA:0,(anonymous_5)
FNDA:0,(anonymous_6)
DA:6,0
DA:7,0
DA:8,0
DA:10,0
DA:11,0
DA:14,0
DA:15,0
DA:16,0
DA:24,0
DA:25,0
DA:27,0
DA:29,0
DA:33,0
DA:34,0
DA:35,0
DA:42,0
DA:43,0
DA:44,0
DA:45,0
DA:47,0
DA:48,0
DA:50,0
DA:54,0
DA:55,0
DA:63,0
DA:78,0
DA:86,0
LF:27
LH:0
BRDA:24,0,0,0
BRDA:24,0,1,0
BRDA:25,1,0,0
BRDA:25,1,1,0
BRDA:54,2,0,0
BRDA:54,2,1,0
BRDA:66,3,0,0
BRDA:66,3,1,0
BRDA:89,4,0,0
BRDA:89,4,1,0
BRF:10
BRH:0
end_of_record
TN:
SF:src/components/SideNav.jsx
FN:5,(anonymous_0)
FN:12,(anonymous_1)
FN:18,(anonymous_2)
FN:46,(anonymous_3)
FN:52,(anonymous_4)
FN:58,(anonymous_5)
FN:67,(anonymous_6)
FN:76,(anonymous_7)
FN:137,SideNav
FN:141,(anonymous_9)
FN:154,(anonymous_10)
FN:162,(anonymous_11)
FN:181,(anonymous_12)
FN:189,(anonymous_13)
FNF:14
FNH:0
FNDA:0,(anonymous_0)
FNDA:0,(anonymous_1)
FNDA:0,(anonymous_2)
FNDA:0,(anonymous_3)
FNDA:0,(anonymous_4)
FNDA:0,(anonymous_5)
FNDA:0,(anonymous_6)
FNDA:0,(anonymous_7)
FNDA:0,SideNav
FNDA:0,(anonymous_9)
FNDA:0,(anonymous_10)
FNDA:0,(anonymous_11)
FNDA:0,(anonymous_12)
FNDA:0,(anonymous_13)
DA:5,0
DA:6,0
DA:12,0
DA:13,0
DA:18,0
DA:19,0
DA:46,0
DA:47,0
DA:52,0
DA:53,0
DA:58,0
DA:59,0
DA:67,0
DA:68,0
DA:76,0
DA:77,0
DA:83,0
DA:122,0
DA:138,0
DA:139,0
DA:141,0
DA:142,0
DA:145,0
DA:155,0
DA:156,0
DA:158,0
DA:162,0
DA:182,0
DA:183,0
DA:185,0
DA:189,0
LF:31
LH:0
BRDA:161,0,0,0
BRDA:161,0,1,0
BRDA:188,1,0,0
BRDA:188,1,1,0
BRF:4
BRH:0
end_of_record
TN:
SF:src/components/TwitterAccountEvolution.jsx
FN:13,(anonymous_0)
FN:24,(anonymous_1)
FN:28,(anonymous_2)
FN:42,(anonymous_3)
FN:76,(anonymous_4)
FN:82,(anonymous_5)
FN:88,(anonymous_6)
FN:93,(anonymous_7)
FN:138,(anonymous_8)
FN:143,(anonymous_9)
FN:175,(anonymous_10)
FN:178,(anonymous_11)
FN:309,(anonymous_12)
FNF:13
FNH:0
FNDA:0,(anonymous_0)
FNDA:0,(anonymous_1)
FNDA:0,(anonymous_2)
FNDA:0,(anonymous_3)
FNDA:0,(anonymous_4)
FNDA:0,(anonymous_5)
FNDA:0,(anonymous_6)
FNDA:0,(anonymous_7)
FNDA:0,(anonymous_8)
FNDA:0,(anonymous_9)
FNDA:0,(anonymous_10)
FNDA:0,(anonymous_11)
FNDA:0,(anonymous_12)
DA:13,0
DA:14,0
DA:15,0
DA:16,0
DA:17,0
DA:18,0
DA:19,0
DA:20,0
DA:21,0
DA:24,0
DA:25,0
DA:28,0
DA:29,0
DA:30,0
DA:31,0
DA:32,0
DA:33,0
DA:34,0
DA:38,0
DA:42,0
DA:43,0
DA:45,0
DA:46,0
DA:48,0
DA:49,0
DA:55,0
DA:56,0
DA:59,0
DA:60,0
DA:63,0
DA:64,0
DA:68,0
DA:69,0
DA:71,0
DA:76,0
DA:77,0
DA:78,0
DA:82,0
DA:83,0
DA:84,0
DA:85,0
DA:88,0
DA:89,0
DA:90,0
DA:93,0
DA:94,0
DA:95,0
DA:96,0
DA:97,0
DA:100,0
DA:101,0
DA:108,0
DA:109,0
DA:122,0
DA:138,0
DA:144,0
DA:176,0
DA:178,0
DA:310,0
LF:59
LH:0
BRDA:31,0,0,0
BRDA:31,0,1,0
BRDA:33,1,0,0
BRDA:33,1,1,0
BRDA:43,2,0,0
BRDA:43,2,1,0
BRDA:55,3,0,0
BRDA:55,3,1,0
BRDA:59,4,0,0
BRDA:59,4,1,0
BRDA:63,5,0,0
BRDA:63,5,1,0
BRDA:77,6,0,0
BRDA:77,6,1,0
BRDA:83,7,0,0
BRDA:83,7,1,0
BRDA:84,8,0,0
BRDA:84,8,1,0
BRDA:85,9,0,0
BRDA:85,9,1,0
BRDA:90,10,0,0
BRDA:90,10,1,0
BRDA:90,11,0,0
BRDA:90,11,1,0
BRDA:95,12,0,0
BRDA:95,12,1,0
BRDA:96,13,0,0
BRDA:96,13,1,0
BRDA:100,14,0,0
BRDA:100,14,1,0
BRDA:108,15,0,0
BRDA:108,15,1,0
BRDA:153,16,0,0
BRDA:153,16,1,0
BRDA:159,17,0,0
BRDA:159,17,1,0
BRDA:166,18,0,0
BRDA:166,18,1,0
BRDA:166,18,2,0
BRDA:180,19,0,0
BRDA:180,19,1,0
BRDA:193,20,0,0
BRDA:193,20,1,0
BRDA:193,20,2,0
BRDA:198,21,0,0
BRDA:198,21,1,0
BRDA:208,22,0,0
BRDA:208,22,1,0
BRDA:224,23,0,0
BRDA:224,23,1,0
BRDA:227,24,0,0
BRDA:227,24,1,0
BRDA:292,25,0,0
BRDA:292,25,1,0
BRDA:292,25,2,0
BRDA:318,26,0,0
BRDA:318,26,1,0
BRDA:331,27,0,0
BRDA:331,27,1,0
BRDA:332,28,0,0
BRDA:332,28,1,0
BRDA:347,29,0,0
BRDA:347,29,1,0
BRDA:347,29,2,0
BRDA:439,30,0,0
BRDA:439,30,1,0
BRDA:440,31,0,0
BRDA:440,31,1,0
BRDA:441,32,0,0
BRDA:441,32,1,0
BRF:70
BRH:0
end_of_record
TN:
SF:src/components/TwitterDashboard.jsx
FN:1,TwitterDashboard
FN:19,(anonymous_1)
FN:25,(anonymous_2)
FN:31,(anonymous_3)
FN:37,(anonymous_4)
FN:120,(anonymous_5)
FN:146,(anonymous_6)
FNF:7
FNH:0
FNDA:0,TwitterDashboard
FNDA:0,(anonymous_1)
FNDA:0,(anonymous_2)
FNDA:0,(anonymous_3)
FNDA:0,(anonymous_4)
FNDA:0,(anonymous_5)
FNDA:0,(anonymous_6)
DA:7,0
DA:16,0
DA:19,0
DA:20,0
DA:21,0
DA:22,0
DA:25,0
DA:26,0
DA:27,0
DA:28,0
DA:31,0
DA:32,0
DA:33,0
DA:34,0
DA:37,0
DA:38,0
DA:39,0
DA:40,0
DA:43,0
DA:44,0
DA:47,0
DA:121,0
DA:147,0
LF:23
LH:0
BRDA:2,0,0,0
BRDA:4,1,0,0
BRDA:20,2,0,0
BRDA:20,2,1,0
BRDA:21,3,0,0
BRDA:21,3,1,0
BRDA:26,4,0,0
BRDA:26,4,1,0
BRDA:27,5,0,0
BRDA:27,5,1,0
BRDA:32,6,0,0
BRDA:32,6,1,0
BRDA:33,7,0,0
BRDA:33,7,1,0
BRDA:38,8,0,0
BRDA:38,8,1,0
BRDA:39,9,0,0
BRDA:39,9,1,0
BRDA:43,10,0,0
BRDA:43,10,1,0
BRDA:50,11,0,0
BRDA:50,11,1,0
BRDA:116,12,0,0
BRDA:116,12,1,0
BRDA:138,13,0,0
BRDA:138,13,1,0
BRDA:152,14,0,0
BRDA:152,14,1,0
BRF:28
BRH:0
end_of_record
TN:
SF:src/components/TwitterResults.jsx
FN:3,TwitterResults
FN:19,(anonymous_1)
FN:20,(anonymous_2)
FN:32,(anonymous_3)
FN:38,(anonymous_4)
FN:47,(anonymous_5)
FN:56,(anonymous_6)
FN:65,(anonymous_7)
FN:72,(anonymous_8)
FN:79,(anonymous_9)
FN:99,(anonymous_10)
FN:111,(anonymous_11)
FN:122,(anonymous_12)
FN:124,(anonymous_13)
FN:126,(anonymous_14)
FN:127,(anonymous_15)
FN:128,(anonymous_16)
FN:130,(anonymous_17)
FN:131,(anonymous_18)
FN:145,(anonymous_19)
FN:147,(anonymous_20)
FN:148,(anonymous_21)
FN:181,(anonymous_22)
FN:183,(anonymous_23)
FN:184,(anonymous_24)
FN:185,(anonymous_25)
FN:220,(anonymous_26)
FN:230,(anonymous_27)
FN:248,(anonymous_28)
FN:326,(anonymous_29)
FN:341,(anonymous_30)
FN:342,(anonymous_31)
FN:355,(anonymous_32)
FN:395,(anonymous_33)
FN:409,(anonymous_34)
FN:413,(anonymous_35)
FN:439,(anonymous_36)
FN:449,(anonymous_37)
FNF:38
FNH:0
FNDA:0,TwitterResults
FNDA:0,(anonymous_1)
FNDA:0,(anonymous_2)
FNDA:0,(anonymous_3)
FNDA:0,(anonymous_4)
FNDA:0,(anonymous_5)
FNDA:0,(anonymous_6)
FNDA:0,(anonymous_7)
FNDA:0,(anonymous_8)
FNDA:0,(anonymous_9)
FNDA:0,(anonymous_10)
FNDA:0,(anonymous_11)
FNDA:0,(anonymous_12)
FNDA:0,(anonymous_13)
FNDA:0,(anonymous_14)
FNDA:0,(anonymous_15)
FNDA:0,(anonymous_16)
FNDA:0,(anonymous_17)
FNDA:0,(anonymous_18)
FNDA:0,(anonymous_19)
FNDA:0,(anonymous_20)
FNDA:0,(anonymous_21)
FNDA:0,(anonymous_22)
FNDA:0,(anonymous_23)
FNDA:0,(anonymous_24)
FNDA:0,(anonymous_25)
FNDA:0,(anonymous_26)
FNDA:0,(anonymous_27)
FNDA:0,(anonymous_28)
FNDA:0,(anonymous_29)
FNDA:0,(anonymous_30)
FNDA:0,(anonymous_31)
FNDA:0,(anonymous_32)
FNDA:0,(anonymous_33)
FNDA:0,(anonymous_34)
FNDA:0,(anonymous_35)
FNDA:0,(anonymous_36)
FNDA:0,(anonymous_37)
DA:9,0
DA:10,0
DA:11,0
DA:14,0
DA:15,0
DA:16,0
DA:19,0
DA:20,0
DA:21,0
DA:22,0
DA:23,0
DA:25,0
DA:27,0
DA:32,0
DA:33,0
DA:34,0
DA:35,0
DA:38,0
DA:39,0
DA:47,0
DA:48,0
DA:49,0
DA:50,0
DA:51,0
DA:52,0
DA:56,0
DA:57,0
DA:58,0
DA:59,0
DA:60,0
DA:61,0
DA:65,0
DA:66,0
DA:67,0
DA:68,0
DA:72,0
DA:73,0
DA:79,0
DA:98,0
DA:99,0
DA:102,0
DA:103,0
DA:104,0
DA:105,0
DA:106,0
DA:107,0
DA:108,0
DA:111,0
DA:112,0
DA:122,0
DA:124,0
DA:126,0
DA:127,0
DA:128,0
DA:130,0
DA:131,0
DA:135,0
DA:136,0
DA:137,0
DA:138,0
DA:139,0
DA:140,0
DA:141,0
DA:142,0
DA:145,0
DA:147,0
DA:148,0
DA:165,0
DA:166,0
DA:167,0
DA:170,0
DA:181,0
DA:183,0
DA:184,0
DA:185,0
DA:190,0
DA:191,0
DA:192,0
DA:193,0
DA:194,0
DA:195,0
DA:196,0
DA:197,0
DA:200,0
DA:201,0
DA:208,0
DA:220,0
DA:231,0
DA:249,0
DA:326,0
DA:341,0
DA:342,0
DA:356,0
DA:395,0
DA:410,0
DA:411,0
DA:414,0
DA:415,0
DA:439,0
DA:449,0
LF:100
LH:0
BRDA:4,0,0,0
BRDA:5,1,0,0
BRDA:22,2,0,0
BRDA:22,2,1,0
BRDA:33,3,0,0
BRDA:33,3,1,0
BRDA:34,4,0,0
BRDA:34,4,1,0
BRDA:48,5,0,0
BRDA:48,5,1,0
BRDA:48,5,2,0
BRDA:48,5,3,0
BRDA:57,6,0,0
BRDA:57,6,1,0
BRDA:57,6,2,0
BRDA:57,6,3,0
BRDA:66,7,0,0
BRDA:66,7,1,0
BRDA:67,8,0,0
BRDA:67,8,1,0
BRDA:83,9,0,0
BRDA:83,9,1,0
BRDA:84,10,0,0
BRDA:84,10,1,0
BRDA:85,11,0,0
BRDA:85,11,1,0
BRDA:89,12,0,0
BRDA:89,12,1,0
BRDA:92,13,0,0
BRDA:92,13,1,0
BRDA:93,14,0,0
BRDA:93,14,1,0
BRDA:93,14,2,0
BRDA:123,15,0,0
BRDA:123,15,1,0
BRDA:130,16,0,0
BRDA:130,16,1,0
BRDA:148,17,0,0
BRDA:148,17,1,0
BRDA:165,18,0,0
BRDA:165,18,1,0
BRDA:180,19,0,0
BRDA:180,19,1,0
BRDA:200,20,0,0
BRDA:200,20,1,0
BRDA:200,21,0,0
BRDA:200,21,1,0
BRDA:220,22,0,0
BRDA:220,22,1,0
BRDA:220,23,0,0
BRDA:220,23,1,0
BRDA:246,24,0,0
BRDA:246,24,1,0
BRDA:289,25,0,0
BRDA:289,25,1,0
BRDA:317,26,0,0
BRDA:317,26,1,0
BRDA:317,26,2,0
BRDA:346,27,0,0
BRDA:346,27,1,0
BRDA:351,28,0,0
BRDA:351,28,1,0
BRDA:355,29,0,0
BRDA:355,29,1,0
BRDA:376,30,0,0
BRDA:376,30,1,0
BRDA:377,31,0,0
BRDA:377,31,1,0
BRDA:393,32,0,0
BRDA:393,32,1,0
BRDA:418,33,0,0
BRDA:418,33,1,0
BRDA:429,34,0,0
BRDA:429,34,1,0
BRF:74
BRH:0
end_of_record
TN:
SF:src/components/TwitterResultsSeparated.jsx
FN:3,TwitterResultsSeparated
FN:20,(anonymous_1)
FN:21,(anonymous_2)
FN:28,(anonymous_3)
FN:29,(anonymous_4)
FN:41,(anonymous_5)
FN:49,(anonymous_6)
FN:60,(anonymous_7)
FN:98,(anonymous_8)
FN:176,(anonymous_9)
FN:177,(anonymous_10)
FN:185,(anonymous_11)
FN:247,(anonymous_12)
FN:268,(anonymous_13)
FN:296,(anonymous_14)
FN:296,(anonymous_15)
FN:317,(anonymous_16)
FN:317,(anonymous_17)
FNF:18
FNH:0
FNDA:0,TwitterResultsSeparated
FNDA:0,(anonymous_1)
FNDA:0,(anonymous_2)
FNDA:0,(anonymous_3)
FNDA:0,(anonymous_4)
FNDA:0,(anonymous_5)
FNDA:0,(anonymous_6)
FNDA:0,(anonymous_7)
FNDA:0,(anonymous_8)
FNDA:0,(anonymous_9)
FNDA:0,(anonymous_10)
FNDA:0,(anonymous_11)
FNDA:0,(anonymous_12)
FNDA:0,(anonymous_13)
FNDA:0,(anonymous_14)
FNDA:0,(anonymous_15)
FNDA:0,(anonymous_16)
FNDA:0,(anonymous_17)
DA:4,0
DA:10,0
DA:11,0
DA:17,0
DA:20,0
DA:21,0
DA:28,0
DA:29,0
DA:30,0
DA:31,0
DA:32,0
DA:34,0
DA:36,0
DA:41,0
DA:42,0
DA:43,0
DA:44,0
DA:45,0
DA:49,0
DA:50,0
DA:52,0
DA:53,0
DA:54,0
DA:55,0
DA:56,0
DA:57,0
DA:60,0
DA:61,0
DA:63,0
DA:69,0
DA:75,0
DA:81,0
DA:85,0
DA:87,0
DA:98,0
DA:176,0
DA:177,0
DA:186,0
DA:247,0
DA:269,0
DA:296,0
DA:317,0
DA:346,0
LF:43
LH:0
BRDA:31,0,0,0
BRDA:31,0,1,0
BRDA:42,1,0,0
BRDA:42,1,1,0
BRDA:43,2,0,0
BRDA:43,2,1,0
BRDA:44,3,0,0
BRDA:44,3,1,0
BRDA:50,4,0,0
BRDA:50,4,1,0
BRDA:61,5,0,0
BRDA:61,5,1,0
BRDA:61,5,2,0
BRDA:61,5,3,0
BRDA:102,6,0,0
BRDA:102,6,1,0
BRDA:115,7,0,0
BRDA:115,7,1,0
BRDA:128,8,0,0
BRDA:128,8,1,0
BRDA:135,9,0,0
BRDA:135,9,1,0
BRDA:139,10,0,0
BRDA:139,10,1,0
BRDA:142,11,0,0
BRDA:142,11,1,0
BRDA:144,12,0,0
BRDA:144,12,1,0
BRDA:154,13,0,0
BRDA:154,13,1,0
BRDA:163,14,0,0
BRDA:163,14,1,0
BRDA:175,15,0,0
BRDA:175,15,1,0
BRDA:176,16,0,0
BRDA:176,16,1,0
BRDA:183,17,0,0
BRDA:183,17,1,0
BRDA:198,18,0,0
BRDA:198,18,1,0
BRDA:224,19,0,0
BRDA:224,19,1,0
BRDA:245,20,0,0
BRDA:245,20,1,0
BRDA:245,20,2,0
BRDA:256,21,0,0
BRDA:256,21,1,0
BRDA:262,22,0,0
BRDA:262,22,1,0
BRDA:262,22,2,0
BRDA:288,23,0,0
BRDA:288,23,1,0
BRDA:304,24,0,0
BRDA:304,24,1,0
BRDA:306,25,0,0
BRDA:306,25,1,0
BRDA:325,26,0,0
BRDA:325,26,1,0
BRDA:327,27,0,0
BRDA:327,27,1,0
BRDA:349,28,0,0
BRDA:349,28,1,0
BRDA:378,29,0,0
BRDA:378,29,1,0
BRDA:379,30,0,0
BRDA:379,30,1,0
BRDA:380,31,0,0
BRDA:380,31,1,0
BRDA:383,32,0,0
BRDA:383,32,1,0
BRDA:383,32,2,0
BRDA:383,32,3,0
BRF:72
BRH:0
end_of_record
TN:
SF:src/components/TwitterSearch.jsx
FN:4,TwitterSearch
FN:21,(anonymous_1)
FN:23,(anonymous_2)
FN:54,(anonymous_3)
FN:56,(anonymous_4)
FN:75,(anonymous_5)
FN:83,(anonymous_6)
FN:96,(anonymous_7)
FN:119,(anonymous_8)
FN:157,(anonymous_9)
FN:180,(anonymous_10)
FN:184,(anonymous_11)
FN:196,(anonymous_12)
FN:208,(anonymous_13)
FN:208,(anonymous_14)
FN:236,(anonymous_15)
FN:242,(anonymous_16)
FN:244,(anonymous_17)
FN:248,(anonymous_18)
FN:255,(anonymous_19)
FN:256,(anonymous_20)
FN:258,(anonymous_21)
FN:264,(anonymous_22)
FN:275,(anonymous_23)
FN:278,(anonymous_24)
FN:284,(anonymous_25)
FN:290,(anonymous_26)
FN:292,(anonymous_27)
FN:301,(anonymous_28)
FN:304,(anonymous_29)
FN:307,(anonymous_30)
FN:318,(anonymous_31)
FN:324,(anonymous_32)
FN:331,(anonymous_33)
FN:336,(anonymous_34)
FN:341,(anonymous_35)
FN:356,(anonymous_36)
FN:366,(anonymous_37)
FN:367,(anonymous_38)
FN:376,(anonymous_39)
FN:380,(anonymous_40)
FN:382,(anonymous_41)
FN:386,(anonymous_42)
FN:391,(anonymous_43)
FN:413,(anonymous_44)
FN:420,(anonymous_45)
FN:450,(anonymous_46)
FN:521,(anonymous_47)
FN:525,(anonymous_48)
FN:553,(anonymous_49)
FN:558,(anonymous_50)
FN:566,(anonymous_51)
FN:674,(anonymous_52)
FN:692,(anonymous_53)
FN:732,(anonymous_54)
FN:735,(anonymous_55)
FN:736,(anonymous_56)
FN:791,(anonymous_57)
FN:837,(anonymous_58)
FN:861,(anonymous_59)
FN:889,(anonymous_60)
FN:958,(anonymous_61)
FN:962,(anonymous_62)
FNF:63
FNH:0
FNDA:0,TwitterSearch
FNDA:0,(anonymous_1)
FNDA:0,(anonymous_2)
FNDA:0,(anonymous_3)
FNDA:0,(anonymous_4)
FNDA:0,(anonymous_5)
FNDA:0,(anonymous_6)
FNDA:0,(anonymous_7)
FNDA:0,(anonymous_8)
FNDA:0,(anonymous_9)
FNDA:0,(anonymous_10)
FNDA:0,(anonymous_11)
FNDA:0,(anonymous_12)
FNDA:0,(anonymous_13)
FNDA:0,(anonymous_14)
FNDA:0,(anonymous_15)
FNDA:0,(anonymous_16)
FNDA:0,(anonymous_17)
FNDA:0,(anonymous_18)
FNDA:0,(anonymous_19)
FNDA:0,(anonymous_20)
FNDA:0,(anonymous_21)
FNDA:0,(anonymous_22)
FNDA:0,(anonymous_23)
FNDA:0,(anonymous_24)
FNDA:0,(anonymous_25)
FNDA:0,(anonymous_26)
FNDA:0,(anonymous_27)
FNDA:0,(anonymous_28)
FNDA:0,(anonymous_29)
FNDA:0,(anonymous_30)
FNDA:0,(anonymous_31)
FNDA:0,(anonymous_32)
FNDA:0,(anonymous_33)
FNDA:0,(anonymous_34)
FNDA:0,(anonymous_35)
FNDA:0,(anonymous_36)
FNDA:0,(anonymous_37)
FNDA:0,(anonymous_38)
FNDA:0,(anonymous_39)
FNDA:0,(anonymous_40)
FNDA:0,(anonymous_41)
FNDA:0,(anonymous_42)
FNDA:0,(anonymous_43)
FNDA:0,(anonymous_44)
FNDA:0,(anonymous_45)
FNDA:0,(anonymous_46)
FNDA:0,(anonymous_47)
FNDA:0,(anonymous_48)
FNDA:0,(anonymous_49)
FNDA:0,(anonymous_50)
FNDA:0,(anonymous_51)
FNDA:0,(anonymous_52)
FNDA:0,(anonymous_53)
FNDA:0,(anonymous_54)
FNDA:0,(anonymous_55)
FNDA:0,(anonymous_56)
FNDA:0,(anonymous_57)
FNDA:0,(anonymous_58)
FNDA:0,(anonymous_59)
FNDA:0,(anonymous_60)
FNDA:0,(anonymous_61)
FNDA:0,(anonymous_62)
DA:14,0
DA:15,0
DA:18,0
DA:19,0
DA:20,0
DA:21,0
DA:22,0
DA:23,0
DA:25,0
DA:29,0
DA:30,0
DA:31,0
DA:34,0
DA:53,0
DA:54,0
DA:55,0
DA:56,0
DA:57,0
DA:59,0
DA:61,0
DA:62,0
DA:63,0
DA:64,0
DA:65,0
DA:66,0
DA:67,0
DA:68,0
DA:69,0
DA:72,0
DA:75,0
DA:76,0
DA:77,0
DA:78,0
DA:79,0
DA:82,0
DA:83,0
DA:84,0
DA:86,0
DA:89,0
DA:90,0
DA:91,0
DA:92,0
DA:95,0
DA:96,0
DA:97,0
DA:100,0
DA:101,0
DA:102,0
DA:103,0
DA:104,0
DA:106,0
DA:109,0
DA:110,0
DA:114,0
DA:119,0
DA:120,0
DA:122,0
DA:123,0
DA:124,0
DA:126,0
DA:128,0
DA:134,0
DA:135,0
DA:136,0
DA:137,0
DA:138,0
DA:140,0
DA:142,0
DA:145,0
DA:147,0
DA:148,0
DA:149,0
DA:150,0
DA:152,0
DA:157,0
DA:158,0
DA:160,0
DA:161,0
DA:164,0
DA:166,0
DA:167,0
DA:168,0
DA:171,0
DA:172,0
DA:173,0
DA:174,0
DA:180,0
DA:181,0
DA:182,0
DA:183,0
DA:184,0
DA:187,0
DA:190,0
DA:192,0
DA:196,0
DA:197,0
DA:199,0
DA:200,0
DA:201,0
DA:205,0
DA:206,0
DA:207,0
DA:208,0
DA:209,0
DA:210,0
DA:214,0
DA:217,0
DA:220,0
DA:232,0
DA:236,0
DA:237,0
DA:238,0
DA:242,0
DA:243,0
DA:244,0
DA:248,0
DA:249,0
DA:250,0
DA:251,0
DA:255,0
DA:256,0
DA:257,0
DA:258,0
DA:264,0
DA:265,0
DA:266,0
DA:267,0
DA:268,0
DA:271,0
DA:272,0
DA:275,0
DA:277,0
DA:278,0
DA:279,0
DA:283,0
DA:284,0
DA:285,0
DA:290,0
DA:291,0
DA:292,0
DA:293,0
DA:301,0
DA:302,0
DA:304,0
DA:305,0
DA:307,0
DA:308,0
DA:309,0
DA:310,0
DA:313,0
DA:314,0
DA:315,0
DA:318,0
DA:319,0
DA:320,0
DA:321,0
DA:324,0
DA:325,0
DA:326,0
DA:327,0
DA:328,0
DA:331,0
DA:332,0
DA:334,0
DA:335,0
DA:336,0
DA:337,0
DA:339,0
DA:340,0
DA:341,0
DA:342,0
DA:343,0
DA:344,0
DA:345,0
DA:346,0
DA:347,0
DA:349,0
DA:350,0
DA:351,0
DA:356,0
DA:357,0
DA:358,0
DA:359,0
DA:360,0
DA:361,0
DA:366,0
DA:367,0
DA:368,0
DA:370,0
DA:371,0
DA:375,0
DA:376,0
DA:380,0
DA:381,0
DA:382,0
DA:383,0
DA:386,0
DA:391,0
DA:392,0
DA:393,0
DA:396,0
DA:414,0
DA:416,0
DA:417,0
DA:419,0
DA:420,0
DA:450,0
DA:522,0
DA:525,0
DA:554,0
DA:558,0
DA:566,0
DA:674,0
DA:693,0
DA:694,0
DA:695,0
DA:733,0
DA:735,0
DA:736,0
DA:792,0
DA:793,0
DA:794,0
DA:795,0
DA:837,0
DA:861,0
DA:889,0
DA:959,0
DA:960,0
DA:963,0
DA:964,0
LF:230
LH:0
BRDA:7,0,0,0
BRDA:9,1,0,0
BRDA:10,2,0,0
BRDA:14,3,0,0
BRDA:14,3,1,0
BRDA:15,4,0,0
BRDA:15,4,1,0
BRDA:22,5,0,0
BRDA:22,5,1,0
BRDA:22,6,0,0
BRDA:22,6,1,0
BRDA:53,7,0,0
BRDA:53,7,1,0
BRDA:55,8,0,0
BRDA:55,8,1,0
BRDA:57,9,0,0
BRDA:57,9,1,0
BRDA:66,10,0,0
BRDA:66,10,1,0
BRDA:67,11,0,0
BRDA:67,11,1,0
BRDA:68,12,0,0
BRDA:68,12,1,0
BRDA:69,13,0,0
BRDA:69,13,1,0
BRDA:76,14,0,0
BRDA:76,14,1,0
BRDA:77,15,0,0
BRDA:77,15,1,0
BRDA:78,16,0,0
BRDA:78,16,1,0
BRDA:79,17,0,0
BRDA:79,17,1,0
BRDA:82,18,0,0
BRDA:82,18,1,0
BRDA:84,19,0,0
BRDA:84,19,1,0
BRDA:89,20,0,0
BRDA:89,20,1,0
BRDA:90,21,0,0
BRDA:90,21,1,0
BRDA:91,22,0,0
BRDA:91,22,1,0
BRDA:92,23,0,0
BRDA:92,23,1,0
BRDA:95,24,0,0
BRDA:95,24,1,0
BRDA:95,25,0,0
BRDA:95,25,1,0
BRDA:100,26,0,0
BRDA:100,26,1,0
BRDA:100,27,0,0
BRDA:100,27,1,0
BRDA:120,28,0,0
BRDA:120,28,1,0
BRDA:131,29,0,0
BRDA:131,29,1,0
BRDA:134,30,0,0
BRDA:134,30,1,0
BRDA:134,31,0,0
BRDA:134,31,1,0
BRDA:134,31,2,0
BRDA:138,32,0,0
BRDA:138,32,1,0
BRDA:147,33,0,0
BRDA:147,33,1,0
BRDA:158,34,0,0
BRDA:158,34,1,0
BRDA:158,35,0,0
BRDA:158,35,1,0
BRDA:164,36,0,0
BRDA:164,36,1,0
BRDA:183,37,0,0
BRDA:183,37,1,0
BRDA:187,38,0,0
BRDA:187,38,1,0
BRDA:187,38,2,0
BRDA:190,39,0,0
BRDA:190,39,1,0
BRDA:190,39,2,0
BRDA:190,39,3,0
BRDA:192,40,0,0
BRDA:192,40,1,0
BRDA:199,41,0,0
BRDA:199,41,1,0
BRDA:207,42,0,0
BRDA:207,42,1,0
BRDA:222,43,0,0
BRDA:222,43,1,0
BRDA:223,44,0,0
BRDA:223,44,1,0
BRDA:224,45,0,0
BRDA:224,45,1,0
BRDA:225,46,0,0
BRDA:225,46,1,0
BRDA:237,47,0,0
BRDA:237,47,1,0
BRDA:243,48,0,0
BRDA:243,48,1,0
BRDA:257,49,0,0
BRDA:257,49,1,0
BRDA:265,50,0,0
BRDA:265,50,1,0
BRDA:265,51,0,0
BRDA:265,51,1,0
BRDA:277,52,0,0
BRDA:277,52,1,0
BRDA:278,53,0,0
BRDA:278,53,1,0
BRDA:283,54,0,0
BRDA:283,54,1,0
BRDA:284,55,0,0
BRDA:284,55,1,0
BRDA:291,56,0,0
BRDA:291,56,1,0
BRDA:292,57,0,0
BRDA:292,57,1,0
BRDA:302,58,0,0
BRDA:302,58,1,0
BRDA:302,58,2,0
BRDA:305,59,0,0
BRDA:305,59,1,0
BRDA:305,59,2,0
BRDA:308,60,0,0
BRDA:308,60,1,0
BRDA:308,61,0,0
BRDA:308,61,1,0
BRDA:309,62,0,0
BRDA:309,62,1,0
BRDA:309,63,0,0
BRDA:309,63,1,0
BRDA:332,64,0,0
BRDA:332,64,1,0
BRDA:334,65,0,0
BRDA:334,65,1,0
BRDA:337,66,0,0
BRDA:337,66,1,0
BRDA:339,67,0,0
BRDA:339,67,1,0
BRDA:341,68,0,0
BRDA:341,68,1,0
BRDA:342,69,0,0
BRDA:342,69,1,0
BRDA:344,70,0,0
BRDA:344,70,1,0
BRDA:344,71,0,0
BRDA:344,71,1,0
BRDA:346,72,0,0
BRDA:346,72,1,0
BRDA:349,73,0,0
BRDA:349,73,1,0
BRDA:357,74,0,0
BRDA:357,74,1,0
BRDA:368,75,0,0
BRDA:368,75,1,0
BRDA:368,76,0,0
BRDA:368,76,1,0
BRDA:368,76,2,0
BRDA:368,76,3,0
BRDA:381,77,0,0
BRDA:381,77,1,0
BRDA:381,78,0,0
BRDA:381,78,1,0
BRDA:381,78,2,0
BRDA:416,79,0,0
BRDA:416,79,1,0
BRDA:416,80,0,0
BRDA:416,80,1,0
BRDA:419,81,0,0
BRDA:419,81,1,0
BRDA:425,82,0,0
BRDA:425,82,1,0
BRDA:430,83,0,0
BRDA:430,83,1,0
BRDA:452,84,0,0
BRDA:452,84,1,0
BRDA:457,85,0,0
BRDA:457,85,1,0
BRDA:473,86,0,0
BRDA:473,86,1,0
BRDA:479,87,0,0
BRDA:479,87,1,0
BRDA:481,88,0,0
BRDA:481,88,1,0
BRDA:496,89,0,0
BRDA:496,89,1,0
BRDA:509,90,0,0
BRDA:509,90,1,0
BRDA:509,90,2,0
BRDA:531,91,0,0
BRDA:531,91,1,0
BRDA:532,92,0,0
BRDA:532,92,1,0
BRDA:551,93,0,0
BRDA:551,93,1,0
BRDA:560,94,0,0
BRDA:560,94,1,0
BRDA:563,95,0,0
BRDA:563,95,1,0
BRDA:567,96,0,0
BRDA:567,96,1,0
BRDA:584,97,0,0
BRDA:584,97,1,0
BRDA:588,98,0,0
BRDA:588,98,1,0
BRDA:598,99,0,0
BRDA:598,99,1,0
BRDA:620,100,0,0
BRDA:620,100,1,0
BRDA:627,101,0,0
BRDA:627,101,1,0
BRDA:633,102,0,0
BRDA:633,102,1,0
BRDA:674,103,0,0
BRDA:674,103,1,0
BRDA:676,104,0,0
BRDA:676,104,1,0
BRDA:676,104,2,0
BRDA:679,105,0,0
BRDA:679,105,1,0
BRDA:689,106,0,0
BRDA:689,106,1,0
BRDA:714,107,0,0
BRDA:714,107,1,0
BRDA:714,107,2,0
BRDA:740,108,0,0
BRDA:740,108,1,0
BRDA:741,109,0,0
BRDA:741,109,1,0
BRDA:756,110,0,0
BRDA:756,110,1,0
BRDA:756,110,2,0
BRDA:793,111,0,0
BRDA:793,111,1,0
BRDA:798,112,0,0
BRDA:798,112,1,0
BRDA:819,113,0,0
BRDA:819,113,1,0
BRDA:838,114,0,0
BRDA:838,114,1,0
BRDA:862,115,0,0
BRDA:862,115,1,0
BRDA:890,116,0,0
BRDA:890,116,1,0
BRDA:919,117,0,0
BRDA:919,117,1,0
BRDA:928,118,0,0
BRDA:928,118,1,0
BRDA:930,119,0,0
BRDA:930,119,1,0
BRDA:930,120,0,0
BRDA:930,120,1,0
BRDA:931,121,0,0
BRDA:931,121,1,0
BRDA:931,122,0,0
BRDA:931,122,1,0
BRDA:934,123,0,0
BRDA:934,123,1,0
BRDA:935,124,0,0
BRDA:935,124,1,0
BRDA:936,125,0,0
BRDA:936,125,1,0
BRDA:940,126,0,0
BRDA:940,126,1,0
BRF:264
BRH:0
end_of_record
TN:
SF:src/components/TwitterSearchHistory.jsx
FN:4,TwitterSearchHistory
FN:8,(anonymous_1)
FN:12,(anonymous_2)
FN:31,(anonymous_3)
FN:40,(anonymous_4)
FN:51,(anonymous_5)
FN:92,(anonymous_6)
FN:100,(anonymous_7)
FNF:8
FNH:0
FNDA:0,TwitterSearchHistory
FNDA:0,(anonymous_1)
FNDA:0,(anonymous_2)
FNDA:0,(anonymous_3)
FNDA:0,(anonymous_4)
FNDA:0,(anonymous_5)
FNDA:0,(anonymous_6)
FNDA:0,(anonymous_7)
DA:5,0
DA:6,0
DA:8,0
DA:9,0
DA:12,0
DA:13,0
DA:14,0
DA:22,0
DA:23,0
DA:25,0
DA:27,0
DA:31,0
DA:32,0
DA:33,0
DA:40,0
DA:41,0
DA:42,0
DA:43,0
DA:45,0
DA:46,0
DA:48,0
DA:51,0
DA:52,0
DA:65,0
DA:66,0
DA:70,0
DA:71,0
DA:79,0
DA:93,0
DA:100,0
LF:30
LH:0
BRDA:22,0,0,0
BRDA:22,0,1,0
BRDA:23,1,0,0
BRDA:23,1,1,0
BRDA:42,2,0,0
BRDA:42,2,1,0
BRDA:42,3,0,0
BRDA:42,3,1,0
BRDA:45,4,0,0
BRDA:45,4,1,0
BRDA:48,5,0,0
BRDA:48,5,1,0
BRDA:53,6,0,0
BRDA:53,6,1,0
BRDA:54,7,0,0
BRDA:54,7,1,0
BRDA:55,8,0,0
BRDA:55,8,1,0
BRDA:56,9,0,0
BRDA:56,9,1,0
BRDA:57,10,0,0
BRDA:57,10,1,0
BRDA:58,11,0,0
BRDA:58,11,1,0
BRDA:59,12,0,0
BRDA:59,12,1,0
BRDA:60,13,0,0
BRDA:60,13,1,0
BRDA:65,14,0,0
BRDA:65,14,1,0
BRDA:70,15,0,0
BRDA:70,15,1,0
BRDA:82,16,0,0
BRDA:82,16,1,0
BRDA:94,17,0,0
BRDA:94,17,1,0
BRDA:94,17,2,0
BRF:37
BRH:0
end_of_record
TN:
SF:src/components/YouTubeContents.jsx
FN:8,(anonymous_0)
FN:13,YouTubeContents
FN:24,(anonymous_2)
FN:31,(anonymous_3)
FN:37,(anonymous_4)
FN:47,(anonymous_5)
FN:57,(anonymous_6)
FN:73,(anonymous_7)
FN:79,(anonymous_8)
FN:90,(anonymous_9)
FN:102,(anonymous_10)
FN:117,(anonymous_11)
FN:128,(anonymous_12)
FN:138,(anonymous_13)
FN:145,(anonymous_14)
FN:164,(anonymous_15)
FN:182,(anonymous_16)
FN:263,(anonymous_17)
FN:300,(anonymous_18)
FN:302,(anonymous_19)
FN:305,(anonymous_20)
FN:309,(anonymous_21)
FN:331,(anonymous_22)
FN:335,(anonymous_23)
FN:336,(anonymous_24)
FN:347,(anonymous_25)
FN:349,(anonymous_26)
FN:350,(anonymous_27)
FN:406,(anonymous_28)
FN:429,(anonymous_29)
FN:446,(anonymous_30)
FN:461,(anonymous_31)
FN:482,(anonymous_32)
FN:527,(anonymous_33)
FN:695,(anonymous_34)
FN:701,(anonymous_35)
FN:726,(anonymous_36)
FNF:37
FNH:0
FNDA:0,(anonymous_0)
FNDA:0,YouTubeContents
FNDA:0,(anonymous_2)
FNDA:0,(anonymous_3)
FNDA:0,(anonymous_4)
FNDA:0,(anonymous_5)
FNDA:0,(anonymous_6)
FNDA:0,(anonymous_7)
FNDA:0,(anonymous_8)
FNDA:0,(anonymous_9)
FNDA:0,(anonymous_10)
FNDA:0,(anonymous_11)
FNDA:0,(anonymous_12)
FNDA:0,(anonymous_13)
FNDA:0,(anonymous_14)
FNDA:0,(anonymous_15)
FNDA:0,(anonymous_16)
FNDA:0,(anonymous_17)
FNDA:0,(anonymous_18)
FNDA:0,(anonymous_19)
FNDA:0,(anonymous_20)
FNDA:0,(anonymous_21)
FNDA:0,(anonymous_22)
FNDA:0,(anonymous_23)
FNDA:0,(anonymous_24)
FNDA:0,(anonymous_25)
FNDA:0,(anonymous_26)
FNDA:0,(anonymous_27)
FNDA:0,(anonymous_28)
FNDA:0,(anonymous_29)
FNDA:0,(anonymous_30)
FNDA:0,(anonymous_31)
FNDA:0,(anonymous_32)
FNDA:0,(anonymous_33)
FNDA:0,(anonymous_34)
FNDA:0,(anonymous_35)
FNDA:0,(anonymous_36)
DA:8,0
DA:9,0
DA:10,0
DA:14,0
DA:15,0
DA:16,0
DA:17,0
DA:18,0
DA:19,0
DA:20,0
DA:21,0
DA:24,0
DA:25,0
DA:31,0
DA:32,0
DA:37,0
DA:38,0
DA:39,0
DA:40,0
DA:41,0
DA:42,0
DA:43,0
DA:47,0
DA:48,0
DA:49,0
DA:50,0
DA:51,0
DA:52,0
DA:53,0
DA:57,0
DA:58,0
DA:60,0
DA:62,0
DA:64,0
DA:66,0
DA:68,0
DA:73,0
DA:74,0
DA:77,0
DA:79,0
DA:80,0
DA:82,0
DA:83,0
DA:85,0
DA:90,0
DA:91,0
DA:94,0
DA:95,0
DA:99,0
DA:100,0
DA:102,0
DA:103,0
DA:105,0
DA:106,0
DA:112,0
DA:114,0
DA:115,0
DA:117,0
DA:118,0
DA:119,0
DA:123,0
DA:124,0
DA:129,0
DA:135,0
DA:137,0
DA:138,0
DA:140,0
DA:142,0
DA:143,0
DA:145,0
DA:146,0
DA:147,0
DA:148,0
DA:149,0
DA:154,0
DA:155,0
DA:161,0
DA:162,0
DA:165,0
DA:172,0
DA:179,0
DA:182,0
DA:183,0
DA:184,0
DA:185,0
DA:187,0
DA:188,0
DA:189,0
DA:190,0
DA:191,0
DA:192,0
DA:193,0
DA:196,0
DA:197,0
DA:200,0
DA:201,0
DA:204,0
DA:218,0
DA:220,0
DA:221,0
DA:222,0
DA:223,0
DA:226,0
DA:227,0
DA:236,0
DA:237,0
DA:238,0
DA:239,0
DA:241,0
DA:247,0
DA:248,0
DA:249,0
DA:250,0
DA:254,0
DA:255,0
DA:258,0
DA:259,0
DA:262,0
DA:263,0
DA:264,0
DA:271,0
DA:272,0
DA:275,0
DA:285,0
DA:287,0
DA:289,0
DA:290,0
DA:293,0
DA:295,0
DA:300,0
DA:301,0
DA:302,0
DA:303,0
DA:305,0
DA:309,0
DA:310,0
DA:311,0
DA:312,0
DA:313,0
DA:317,0
DA:319,0
DA:321,0
DA:322,0
DA:323,0
DA:324,0
DA:327,0
DA:331,0
DA:332,0
DA:335,0
DA:336,0
DA:337,0
DA:338,0
DA:339,0
DA:341,0
DA:343,0
DA:347,0
DA:348,0
DA:349,0
DA:350,0
DA:353,0
DA:354,0
DA:355,0
DA:371,0
DA:372,0
DA:395,0
DA:406,0
DA:429,0
DA:446,0
DA:461,0
DA:482,0
DA:528,0
DA:530,0
DA:695,0
DA:701,0
DA:727,0
LF:175
LH:0
BRDA:9,0,0,0
BRDA:9,0,1,0
BRDA:13,1,0,0
BRDA:38,2,0,0
BRDA:38,2,1,0
BRDA:38,2,2,0
BRDA:38,2,3,0
BRDA:38,2,4,0
BRDA:48,3,0,0
BRDA:48,3,1,0
BRDA:48,3,2,0
BRDA:48,3,3,0
BRDA:48,3,4,0
BRDA:58,4,0,0
BRDA:58,4,1,0
BRDA:58,4,2,0
BRDA:58,4,3,0
BRDA:58,4,4,0
BRDA:74,5,0,0
BRDA:74,5,1,0
BRDA:80,6,0,0
BRDA:80,6,1,0
BRDA:80,7,0,0
BRDA:80,7,1,0
BRDA:91,8,0,0
BRDA:91,8,1,0
BRDA:94,9,0,0
BRDA:94,9,1,0
BRDA:103,10,0,0
BRDA:103,10,1,0
BRDA:112,11,0,0
BRDA:112,11,1,0
BRDA:118,12,0,0
BRDA:118,12,1,0
BRDA:123,13,0,0
BRDA:123,13,1,0
BRDA:135,14,0,0
BRDA:135,14,1,0
BRDA:140,15,0,0
BRDA:140,15,1,0
BRDA:146,16,0,0
BRDA:146,16,1,0
BRDA:148,17,0,0
BRDA:148,17,1,0
BRDA:154,18,0,0
BRDA:154,18,1,0
BRDA:161,19,0,0
BRDA:161,19,1,0
BRDA:193,20,0,0
BRDA:193,20,1,0
BRDA:196,21,0,0
BRDA:196,21,1,0
BRDA:200,22,0,0
BRDA:200,22,1,0
BRDA:220,23,0,0
BRDA:220,23,1,0
BRDA:223,24,0,0
BRDA:223,24,1,0
BRDA:230,25,0,0
BRDA:230,25,1,0
BRDA:232,26,0,0
BRDA:232,26,1,0
BRDA:236,27,0,0
BRDA:236,27,1,0
BRDA:238,28,0,0
BRDA:238,28,1,0
BRDA:247,29,0,0
BRDA:247,29,1,0
BRDA:247,30,0,0
BRDA:247,30,1,0
BRDA:247,30,2,0
BRDA:248,31,0,0
BRDA:248,31,1,0
BRDA:255,32,0,0
BRDA:255,32,1,0
BRDA:265,33,0,0
BRDA:265,33,1,0
BRDA:287,34,0,0
BRDA:287,34,1,0
BRDA:289,35,0,0
BRDA:289,35,1,0
BRDA:289,36,0,0
BRDA:289,36,1,0
BRDA:301,37,0,0
BRDA:301,37,1,0
BRDA:301,38,0,0
BRDA:301,38,1,0
BRDA:310,39,0,0
BRDA:310,39,1,0
BRDA:319,40,0,0
BRDA:319,40,1,0
BRDA:319,41,0,0
BRDA:319,41,1,0
BRDA:319,41,2,0
BRDA:321,42,0,0
BRDA:321,42,1,0
BRDA:322,43,0,0
BRDA:322,43,1,0
BRDA:323,44,0,0
BRDA:323,44,1,0
BRDA:338,45,0,0
BRDA:338,45,1,0
BRDA:353,46,0,0
BRDA:353,46,1,0
BRDA:359,47,0,0
BRDA:359,47,1,0
BRDA:361,48,0,0
BRDA:361,48,1,0
BRDA:371,49,0,0
BRDA:371,49,1,0
BRDA:379,50,0,0
BRDA:379,50,1,0
BRDA:384,51,0,0
BRDA:384,51,1,0
BRDA:401,52,0,0
BRDA:401,52,1,0
BRDA:407,53,0,0
BRDA:407,53,1,0
BRDA:409,54,0,0
BRDA:409,54,1,0
BRDA:411,55,0,0
BRDA:411,55,1,0
BRDA:421,56,0,0
BRDA:421,56,1,0
BRDA:428,57,0,0
BRDA:428,57,1,0
BRDA:429,58,0,0
BRDA:429,58,1,0
BRDA:508,59,0,0
BRDA:508,59,1,0
BRDA:510,60,0,0
BRDA:510,60,1,0
BRDA:515,61,0,0
BRDA:515,61,1,0
BRDA:518,62,0,0
BRDA:518,62,1,0
BRDA:541,63,0,0
BRDA:541,63,1,0
BRDA:541,63,2,0
BRDA:544,64,0,0
BRDA:544,64,1,0
BRDA:556,65,0,0
BRDA:556,65,1,0
BRDA:556,65,2,0
BRDA:570,66,0,0
BRDA:570,66,1,0
BRDA:584,67,0,0
BRDA:584,67,1,0
BRDA:618,68,0,0
BRDA:618,68,1,0
BRDA:618,68,2,0
BRDA:633,69,0,0
BRDA:633,69,1,0
BRDA:639,70,0,0
BRDA:639,70,1,0
BRDA:660,71,0,0
BRDA:660,71,1,0
BRDA:668,72,0,0
BRDA:668,72,1,0
BRDA:704,73,0,0
BRDA:704,73,1,0
BRDA:709,74,0,0
BRDA:709,74,1,0
BRDA:711,75,0,0
BRDA:711,75,1,0
BRDA:719,76,0,0
BRDA:719,76,1,0
BRDA:721,77,0,0
BRDA:721,77,1,0
BRDA:722,78,0,0
BRDA:722,78,1,0
BRDA:724,79,0,0
BRDA:724,79,1,0
BRDA:724,80,0,0
BRDA:724,80,1,0
BRDA:727,81,0,0
BRDA:727,81,1,0
BRDA:730,82,0,0
BRDA:730,82,1,0
BRDA:739,83,0,0
BRDA:739,83,1,0
BRDA:745,84,0,0
BRDA:745,84,1,0
BRDA:748,85,0,0
BRDA:748,85,1,0
BRDA:756,86,0,0
BRDA:756,86,1,0
BRDA:763,87,0,0
BRDA:763,87,1,0
BRDA:775,88,0,0
BRDA:775,88,1,0
BRDA:775,88,2,0
BRF:192
BRH:0
end_of_record
TN:
SF:src/constants/reddit.js
FNF:0
FNH:0
DA:5,1
DA:6,1
DA:7,1
DA:10,1
DA:15,1
DA:21,1
DA:22,1
DA:25,1
DA:26,1
DA:27,1
DA:28,1
DA:29,1
DA:32,1
DA:33,1
DA:34,1
DA:35,1
DA:36,1
DA:39,1
DA:40,1
DA:41,1
DA:42,1
DA:43,1
DA:44,1
DA:45,1
DA:48,1
DA:55,1
DA:64,1
DA:74,1
DA:81,1
DA:98,1
DA:106,1
DA:113,1
LF:32
LH:32
BRF:0
BRH:0
end_of_record
TN:
SF:src/lib/supabase.js
FNF:0
FNH:0
DA:3,0
DA:4,0
DA:6,0
LF:3
LH:0
BRF:0
BRH:0
end_of_record
TN:
SF:src/pages/AnalyticsModule.jsx
FN:3,AnalyticsModule
FNF:1
FNH:0
FNDA:0,AnalyticsModule
DA:4,0
LF:1
LH:0
BRF:0
BRH:0
end_of_record
TN:
SF:src/pages/GenerativeModule.jsx
FN:3,GenerativeModule
FNF:1
FNH:0
FNDA:0,GenerativeModule
DA:4,0
LF:1
LH:0
BRF:0
BRH:0
end_of_record
TN:
SF:src/pages/NewsModule.jsx
FN:3,NewsModulePage
FNF:1
FNH:0
FNDA:0,NewsModulePage
DA:4,0
LF:1
LH:0
BRF:0
BRH:0
end_of_record
TN:
SF:src/pages/RedditModule.jsx
FN:25,RedditModule
FN:40,(anonymous_1)
FN:56,(anonymous_2)
FN:57,(anonymous_3)
FN:125,(anonymous_4)
FN:127,(anonymous_5)
FN:170,(anonymous_6)
FN:205,(anonymous_7)
FN:215,(anonymous_8)
FN:265,(anonymous_9)
FN:316,(anonymous_10)
FN:331,(anonymous_11)
FN:384,(anonymous_12)
FN:411,(anonymous_13)
FN:439,(anonymous_14)
FN:440,(anonymous_15)
FN:448,(anonymous_16)
FN:449,(anonymous_17)
FN:457,(anonymous_18)
FN:472,(anonymous_19)
FN:481,(anonymous_20)
FN:562,(anonymous_21)
FN:629,(anonymous_22)
FN:631,(anonymous_23)
FN:637,(anonymous_24)
FN:641,(anonymous_25)
FN:646,(anonymous_26)
FN:669,(anonymous_27)
FN:675,(anonymous_28)
FNF:29
FNH:15
FNDA:6,RedditModule
FNDA:1,(anonymous_1)
FNDA:2,(anonymous_2)
FNDA:2,(anonymous_3)
FNDA:1,(anonymous_4)
FNDA:2,(anonymous_5)
FNDA:1,(anonymous_6)
FNDA:0,(anonymous_7)
FNDA:0,(anonymous_8)
FNDA:0,(anonymous_9)
FNDA:3,(anonymous_10)
FNDA:0,(anonymous_11)
FNDA:0,(anonymous_12)
FNDA:0,(anonymous_13)
FNDA:5,(anonymous_14)
FNDA:5,(anonymous_15)
FNDA:5,(anonymous_16)
FNDA:0,(anonymous_17)
FNDA:0,(anonymous_18)
FNDA:5,(anonymous_19)
FNDA:1,(anonymous_20)
FNDA:1,(anonymous_21)
FNDA:3,(anonymous_22)
FNDA:0,(anonymous_23)
FNDA:0,(anonymous_24)
FNDA:0,(anonymous_25)
FNDA:0,(anonymous_26)
FNDA:0,(anonymous_27)
FNDA:0,(anonymous_28)
DA:26,6
DA:27,6
DA:28,6
DA:29,6
DA:30,6
DA:31,6
DA:32,6
DA:33,6
DA:34,6
DA:37,6
DA:40,6
DA:41,1
DA:42,1
DA:43,1
DA:45,1
DA:48,1
DA:51,1
DA:52,1
DA:54,1
DA:55,1
DA:56,2
DA:57,2
DA:59,1
DA:60,1
DA:61,1
DA:66,1
DA:105,1
DA:106,0
DA:107,0
DA:110,1
DA:113,1
DA:114,1
DA:117,1
DA:119,0
DA:120,0
DA:125,6
DA:126,1
DA:127,2
DA:153,1
DA:154,1
DA:158,1
DA:159,0
DA:161,1
DA:165,0
DA:170,6
DA:171,1
DA:173,1
DA:175,1
DA:177,1
DA:179,1
DA:180,1
DA:182,0
DA:183,0
DA:185,0
DA:186,0
DA:188,0
DA:192,1
DA:193,0
DA:197,1
DA:198,0
DA:201,1
DA:205,6
DA:206,0
DA:207,0
DA:208,0
DA:212,0
DA:215,0
DA:216,0
DA:219,0
DA:220,0
DA:222,0
DA:223,0
DA:225,0
DA:226,0
DA:228,0
DA:229,0
DA:232,0
DA:236,0
DA:237,0
DA:238,0
DA:239,0
DA:240,0
DA:241,0
DA:242,0
DA:243,0
DA:244,0
DA:245,0
DA:248,0
DA:253,0
DA:254,0
DA:257,0
DA:259,0
DA:260,0
DA:265,6
DA:266,0
DA:267,0
DA:268,0
DA:272,0
DA:273,0
DA:274,0
DA:275,0
DA:280,0
DA:281,0
DA:285,0
DA:286,0
DA:287,0
DA:291,0
DA:292,0
DA:293,0
DA:294,0
DA:299,0
DA:300,0
DA:301,0
DA:302,0
DA:303,0
DA:304,0
DA:309,0
DA:311,0
DA:316,6
DA:317,3
DA:320,3
DA:321,3
DA:323,0
DA:324,0
DA:325,0
DA:326,0
DA:327,0
DA:328,0
DA:331,0
DA:332,0
DA:336,3
DA:338,3
DA:340,3
DA:341,3
DA:344,3
DA:349,3
DA:350,3
DA:351,3
DA:353,3
DA:357,0
DA:360,0
DA:361,0
DA:363,0
DA:364,0
DA:366,0
DA:368,0
DA:373,3
DA:374,0
DA:375,0
DA:377,3
DA:378,3
DA:382,3
DA:384,0
DA:385,0
DA:386,0
DA:387,0
DA:390,3
DA:391,3
DA:392,3
DA:396,0
DA:398,0
DA:399,0
DA:400,0
DA:401,0
DA:402,0
DA:406,3
DA:411,6
DA:412,0
DA:414,0
DA:416,0
DA:417,0
DA:419,0
DA:420,0
DA:421,0
DA:422,0
DA:423,0
DA:424,0
DA:428,0
DA:429,0
DA:431,0
DA:432,0
DA:433,0
DA:434,0
DA:439,6
DA:440,5
DA:441,5
DA:442,1
DA:448,6
DA:449,5
DA:450,0
DA:451,0
DA:452,0
DA:453,0
DA:457,5
DA:458,0
DA:459,0
DA:460,0
DA:462,0
DA:468,5
DA:469,5
DA:472,5
DA:473,5
DA:474,5
DA:481,6
DA:482,1
DA:485,1
DA:486,0
DA:490,1
DA:491,1
DA:493,1
DA:494,1
DA:495,1
DA:496,1
DA:497,1
DA:499,1
DA:502,1
DA:505,1
DA:506,1
DA:513,1
DA:514,1
DA:515,0
DA:518,1
DA:532,1
DA:533,1
DA:536,1
DA:537,0
DA:538,0
DA:541,1
DA:542,1
DA:545,1
DA:546,1
DA:549,1
DA:552,1
DA:559,1
DA:560,1
DA:561,1
DA:562,1
DA:564,0
DA:568,1
DA:569,0
DA:573,0
DA:576,0
DA:577,0
DA:578,0
DA:579,0
DA:583,0
DA:590,0
DA:594,0
DA:595,0
DA:596,0
DA:597,0
DA:598,0
DA:601,0
DA:602,0
DA:608,0
DA:609,0
DA:612,0
DA:614,0
DA:615,0
DA:616,0
DA:617,0
DA:620,0
DA:621,0
DA:623,1
DA:624,1
DA:629,6
DA:630,3
DA:631,0
DA:632,0
DA:633,0
DA:634,0
DA:635,0
DA:637,0
DA:641,0
DA:646,6
DA:647,0
DA:650,0
DA:651,0
DA:652,0
DA:655,0
DA:656,0
DA:657,0
DA:658,0
DA:659,0
DA:660,0
DA:661,0
DA:663,0
DA:664,0
DA:665,0
DA:669,6
DA:670,0
DA:671,0
DA:675,6
DA:676,0
DA:677,0
DA:678,0
DA:679,0
DA:681,0
DA:682,0
DA:684,0
DA:687,6
LF:301
LH:123
BRDA:48,0,0,1
BRDA:48,0,1,0
BRDA:54,1,0,1
BRDA:54,1,1,0
BRDA:54,2,0,1
BRDA:54,2,1,1
BRDA:59,3,0,1
BRDA:59,3,1,0
BRDA:72,4,0,1
BRDA:72,4,1,1
BRDA:73,5,0,1
BRDA:73,5,1,0
BRDA:74,6,0,1
BRDA:74,6,1,0
BRDA:75,7,0,1
BRDA:75,7,1,1
BRDA:77,8,0,1
BRDA:77,8,1,0
BRDA:78,9,0,1
BRDA:78,9,1,1
BRDA:79,10,0,1
BRDA:79,10,1,0
BRDA:80,11,0,1
BRDA:80,11,1,1
BRDA:81,12,0,1
BRDA:81,12,1,0
BRDA:85,13,0,1
BRDA:85,13,1,0
BRDA:86,14,0,1
BRDA:86,14,1,0
BRDA:87,15,0,1
BRDA:87,15,1,0
BRDA:88,16,0,1
BRDA:88,16,1,0
BRDA:89,17,0,1
BRDA:89,17,1,0
BRDA:90,18,0,1
BRDA:90,18,1,0
BRDA:91,19,0,1
BRDA:91,19,1,0
BRDA:92,20,0,1
BRDA:92,20,1,0
BRDA:93,21,0,1
BRDA:93,21,1,0
BRDA:94,22,0,1
BRDA:94,22,1,1
BRDA:95,23,0,1
BRDA:95,23,1,0
BRDA:96,24,0,1
BRDA:96,24,1,0
BRDA:99,25,0,1
BRDA:99,25,1,0
BRDA:100,26,0,1
BRDA:100,26,1,0
BRDA:105,27,0,0
BRDA:105,27,1,1
BRDA:113,28,0,1
BRDA:113,28,1,0
BRDA:113,29,0,1
BRDA:113,29,1,1
BRDA:131,30,0,2
BRDA:131,30,1,0
BRDA:134,31,0,2
BRDA:134,31,1,0
BRDA:135,32,0,2
BRDA:135,32,1,0
BRDA:136,33,0,2
BRDA:136,33,1,0
BRDA:140,34,0,2
BRDA:140,34,1,2
BRDA:141,35,0,2
BRDA:141,35,1,2
BRDA:142,36,0,2
BRDA:142,36,1,2
BRDA:143,37,0,2
BRDA:143,37,1,2
BRDA:144,38,0,2
BRDA:144,38,1,2
BRDA:145,39,0,2
BRDA:145,39,1,2
BRDA:146,40,0,2
BRDA:146,40,1,2
BRDA:147,41,0,2
BRDA:147,41,1,0
BRDA:148,42,0,2
BRDA:148,42,1,0
BRDA:149,43,0,2
BRDA:149,43,1,2
BRDA:150,44,0,2
BRDA:150,44,1,2
BRDA:153,45,0,1
BRDA:153,45,1,0
BRDA:158,46,0,0
BRDA:158,46,1,1
BRDA:171,47,0,0
BRDA:171,47,1,1
BRDA:177,48,0,1
BRDA:177,48,1,0
BRDA:177,48,2,0
BRDA:177,48,3,0
BRDA:192,49,0,0
BRDA:192,49,1,1
BRDA:192,50,0,1
BRDA:192,50,1,1
BRDA:197,51,0,0
BRDA:197,51,1,1
BRDA:197,52,0,1
BRDA:197,52,1,1
BRDA:207,53,0,0
BRDA:207,53,1,0
BRDA:207,54,0,0
BRDA:207,54,1,0
BRDA:207,54,2,0
BRDA:219,55,0,0
BRDA:219,55,1,0
BRDA:219,56,0,0
BRDA:219,56,1,0
BRDA:222,57,0,0
BRDA:222,57,1,0
BRDA:222,58,0,0
BRDA:222,58,1,0
BRDA:225,59,0,0
BRDA:225,59,1,0
BRDA:225,60,0,0
BRDA:225,60,1,0
BRDA:228,61,0,0
BRDA:228,61,1,0
BRDA:228,62,0,0
BRDA:228,62,1,0
BRDA:236,63,0,0
BRDA:236,63,1,0
BRDA:238,64,0,0
BRDA:238,64,1,0
BRDA:239,65,0,0
BRDA:239,65,1,0
BRDA:240,66,0,0
BRDA:240,66,1,0
BRDA:241,67,0,0
BRDA:241,67,1,0
BRDA:242,68,0,0
BRDA:242,68,1,0
BRDA:243,69,0,0
BRDA:243,69,1,0
BRDA:244,70,0,0
BRDA:244,70,1,0
BRDA:245,71,0,0
BRDA:245,71,1,0
BRDA:248,72,0,0
BRDA:248,72,1,0
BRDA:253,73,0,0
BRDA:253,73,1,0
BRDA:254,74,0,0
BRDA:254,74,1,0
BRDA:267,75,0,0
BRDA:267,75,1,0
BRDA:267,76,0,0
BRDA:267,76,1,0
BRDA:274,77,0,0
BRDA:274,77,1,0
BRDA:280,78,0,0
BRDA:280,78,1,0
BRDA:286,79,0,0
BRDA:286,79,1,0
BRDA:286,80,0,0
BRDA:286,80,1,0
BRDA:293,81,0,0
BRDA:293,81,1,0
BRDA:299,82,0,0
BRDA:299,82,1,0
BRDA:303,83,0,0
BRDA:303,83,1,0
BRDA:317,84,0,3
BRDA:317,84,1,0
BRDA:321,85,0,0
BRDA:321,85,1,3
BRDA:321,86,0,3
BRDA:321,86,1,0
BRDA:344,87,0,3
BRDA:344,87,1,0
BRDA:344,87,2,0
BRDA:353,88,0,0
BRDA:353,88,1,3
BRDA:353,89,0,3
BRDA:353,89,1,0
BRDA:353,89,2,0
BRDA:363,90,0,0
BRDA:363,90,1,0
BRDA:373,91,0,0
BRDA:373,91,1,3
BRDA:375,92,0,0
BRDA:375,92,1,0
BRDA:382,93,0,0
BRDA:382,93,1,3
BRDA:382,94,0,3
BRDA:382,94,1,0
BRDA:382,94,2,0
BRDA:412,95,0,0
BRDA:412,95,1,0
BRDA:417,96,0,0
BRDA:417,96,1,0
BRDA:417,97,0,0
BRDA:417,97,1,0
BRDA:441,98,0,1
BRDA:441,98,1,4
BRDA:450,99,0,0
BRDA:450,99,1,0
BRDA:450,100,0,0
BRDA:450,100,1,0
BRDA:458,101,0,0
BRDA:458,101,1,0
BRDA:458,102,0,0
BRDA:458,102,1,0
BRDA:460,103,0,0
BRDA:460,103,1,0
BRDA:481,104,0,1
BRDA:482,105,0,1
BRDA:482,105,1,0
BRDA:485,106,0,0
BRDA:485,106,1,1
BRDA:495,107,0,1
BRDA:495,107,1,0
BRDA:514,108,0,0
BRDA:514,108,1,1
BRDA:515,109,0,0
BRDA:515,109,1,0
BRDA:521,110,0,1
BRDA:521,110,1,1
BRDA:522,111,0,1
BRDA:522,111,1,0
BRDA:523,112,0,1
BRDA:523,112,1,1
BRDA:524,113,0,1
BRDA:524,113,1,0
BRDA:525,114,0,1
BRDA:525,114,1,1
BRDA:526,115,0,1
BRDA:526,115,1,0
BRDA:527,116,0,1
BRDA:527,116,1,1
BRDA:528,117,0,1
BRDA:528,117,1,0
BRDA:536,118,0,0
BRDA:536,118,1,1
BRDA:555,119,0,1
BRDA:555,119,1,0
BRDA:559,120,0,1
BRDA:559,120,1,0
BRDA:568,121,0,0
BRDA:568,121,1,1
BRDA:576,122,0,0
BRDA:576,122,1,0
BRDA:576,123,0,0
BRDA:576,123,1,0
BRDA:590,124,0,0
BRDA:590,124,1,0
BRDA:590,124,2,0
BRDA:594,125,0,0
BRDA:594,125,1,0
BRDA:597,126,0,0
BRDA:597,126,1,0
BRDA:614,127,0,0
BRDA:614,127,1,0
BRDA:616,128,0,0
BRDA:616,128,1,0
BRDA:630,129,0,0
BRDA:630,129,1,3
BRDA:630,130,0,3
BRDA:630,130,1,0
BRDA:633,131,0,0
BRDA:633,131,1,0
BRDA:647,132,0,0
BRDA:647,132,1,0
BRDA:650,133,0,0
BRDA:650,133,1,0
BRDA:682,134,0,0
BRDA:682,134,1,0
BRDA:715,135,0,6
BRDA:715,135,1,3
BRDA:720,136,0,6
BRDA:720,136,1,0
BRDA:720,136,2,0
BRDA:744,137,0,6
BRDA:744,137,1,0
BRDA:744,137,2,0
BRDA:751,138,0,6
BRDA:751,138,1,2
BRDA:754,139,0,0
BRDA:754,139,1,2
BRDA:766,140,0,6
BRDA:766,140,1,0
BRDA:766,140,2,0
BRDA:783,141,0,0
BRDA:783,141,1,0
BRDA:784,142,0,0
BRDA:784,142,1,0
BRDA:785,143,0,0
BRDA:785,143,1,0
BRDA:795,144,0,6
BRDA:795,144,1,6
BRDA:807,145,0,6
BRDA:807,145,1,1
BRDA:807,145,2,1
BRF:302
BRH:118
end_of_record
TN:
SF:src/pages/SEOModule.jsx
FN:3,SEOModule
FNF:1
FNH:0
FNDA:0,SEOModule
DA:4,0
LF:1
LH:0
BRF:0
BRH:0
end_of_record
TN:
SF:src/pages/SocialListeningModule.jsx
FN:1,SocialListeningModule
FNF:1
FNH:0
FNDA:0,SocialListeningModule
DA:2,0
LF:1
LH:0
BRF:0
BRH:0
end_of_record
TN:
SF:src/pages/TwitterAnalyticsModule.jsx
FN:12,(anonymous_0)
FN:30,(anonymous_1)
FN:88,TwitterAnalyticsModule
FN:99,(anonymous_3)
FN:141,(anonymous_4)
FN:141,(anonymous_5)
FN:209,(anonymous_6)
FN:270,(anonymous_7)
FN:342,(anonymous_8)
FN:392,(anonymous_9)
FN:418,(anonymous_10)
FN:432,(anonymous_11)
FN:542,(anonymous_12)
FN:612,(anonymous_13)
FN:614,(anonymous_14)
FN:620,(anonymous_15)
FN:624,(anonymous_16)
FN:629,(anonymous_17)
FN:640,(anonymous_18)
FN:646,(anonymous_19)
FNF:20
FNH:0
FNDA:0,(anonymous_0)
FNDA:0,(anonymous_1)
FNDA:0,TwitterAnalyticsModule
FNDA:0,(anonymous_3)
FNDA:0,(anonymous_4)
FNDA:0,(anonymous_5)
FNDA:0,(anonymous_6)
FNDA:0,(anonymous_7)
FNDA:0,(anonymous_8)
FNDA:0,(anonymous_9)
FNDA:0,(anonymous_10)
FNDA:0,(anonymous_11)
FNDA:0,(anonymous_12)
FNDA:0,(anonymous_13)
FNDA:0,(anonymous_14)
FNDA:0,(anonymous_15)
FNDA:0,(anonymous_16)
FNDA:0,(anonymous_17)
FNDA:0,(anonymous_18)
FNDA:0,(anonymous_19)
DA:12,0
DA:13,0
DA:23,0
DA:24,0
DA:25,0
DA:26,0
DA:27,0
DA:30,0
DA:31,0
DA:32,0
DA:33,0
DA:36,0
DA:39,0
DA:40,0
DA:41,0
DA:45,0
DA:46,0
DA:47,0
DA:48,0
DA:52,0
DA:53,0
DA:54,0
DA:55,0
DA:56,0
DA:58,0
DA:59,0
DA:64,0
DA:65,0
DA:69,0
DA:70,0
DA:76,0
DA:77,0
DA:80,0
DA:81,0
DA:82,0
DA:85,0
DA:89,0
DA:90,0
DA:91,0
DA:92,0
DA:93,0
DA:94,0
DA:95,0
DA:96,0
DA:99,0
DA:100,0
DA:102,0
DA:105,0
DA:108,0
DA:111,0
DA:112,0
DA:122,0
DA:123,0
DA:126,0
DA:127,0
DA:131,0
DA:132,0
DA:134,0
DA:135,0
DA:136,0
DA:137,0
DA:138,0
DA:140,0
DA:141,0
DA:142,0
DA:143,0
DA:144,0
DA:150,0
DA:190,0
DA:191,0
DA:192,0
DA:195,0
DA:199,0
DA:201,0
DA:203,0
DA:204,0
DA:209,0
DA:210,0
DA:211,0
DA:214,0
DA:220,0
DA:221,0
DA:222,0
DA:223,0
DA:253,0
DA:254,0
DA:258,0
DA:259,0
DA:261,0
DA:265,0
DA:270,0
DA:271,0
DA:272,0
DA:281,0
DA:282,0
DA:283,0
DA:286,0
DA:288,0
DA:289,0
DA:290,0
DA:294,0
DA:310,0
DA:313,0
DA:318,0
DA:319,0
DA:322,0
DA:324,0
DA:333,0
DA:336,0
DA:337,0
DA:342,0
DA:343,0
DA:345,0
DA:347,0
DA:350,0
DA:351,0
DA:352,0
DA:353,0
DA:358,0
DA:359,0
DA:360,0
DA:361,0
DA:362,0
DA:363,0
DA:364,0
DA:366,0
DA:370,0
DA:371,0
DA:372,0
DA:373,0
DA:377,0
DA:378,0
DA:380,0
DA:384,0
DA:385,0
DA:388,0
DA:392,0
DA:394,0
DA:395,0
DA:396,0
DA:397,0
DA:400,0
DA:401,0
DA:402,0
DA:407,0
DA:408,0
DA:409,0
DA:410,0
DA:412,0
DA:418,0
DA:419,0
DA:427,0
DA:428,0
DA:432,0
DA:433,0
DA:434,0
DA:435,0
DA:436,0
DA:438,0
DA:439,0
DA:440,0
DA:443,0
DA:456,0
DA:457,0
DA:458,0
DA:460,0
DA:461,0
DA:464,0
DA:465,0
DA:466,0
DA:469,0
DA:470,0
DA:471,0
DA:474,0
DA:490,0
DA:491,0
DA:493,0
DA:495,0
DA:497,0
DA:498,0
DA:504,0
DA:506,0
DA:508,0
DA:510,0
DA:525,0
DA:527,0
DA:528,0
DA:534,0
DA:537,0
DA:542,0
DA:544,0
DA:548,0
DA:549,0
DA:553,0
DA:556,0
DA:557,0
DA:559,0
DA:560,0
DA:567,0
DA:572,0
DA:574,0
DA:576,0
DA:577,0
DA:579,0
DA:580,0
DA:581,0
DA:585,0
DA:586,0
DA:592,0
DA:593,0
DA:597,0
DA:599,0
DA:600,0
DA:601,0
DA:602,0
DA:605,0
DA:607,0
DA:612,0
DA:613,0
DA:614,0
DA:615,0
DA:616,0
DA:617,0
DA:618,0
DA:620,0
DA:624,0
DA:629,0
DA:630,0
DA:631,0
DA:632,0
DA:633,0
DA:634,0
DA:635,0
DA:636,0
DA:640,0
DA:641,0
DA:642,0
DA:646,0
DA:648,0
DA:649,0
DA:650,0
DA:651,0
DA:654,0
DA:657,0
DA:660,0
DA:663,0
LF:246
LH:0
BRDA:32,0,0,0
BRDA:32,0,1,0
BRDA:32,1,0,0
BRDA:32,1,1,0
BRDA:36,2,0,0
BRDA:36,2,1,0
BRDA:39,3,0,0
BRDA:39,3,1,0
BRDA:39,4,0,0
BRDA:39,4,1,0
BRDA:45,5,0,0
BRDA:45,5,1,0
BRDA:46,6,0,0
BRDA:46,6,1,0
BRDA:47,7,0,0
BRDA:47,7,1,0
BRDA:48,8,0,0
BRDA:48,8,1,0
BRDA:52,9,0,0
BRDA:52,9,1,0
BRDA:53,10,0,0
BRDA:53,10,1,0
BRDA:54,11,0,0
BRDA:54,11,1,0
BRDA:54,12,0,0
BRDA:54,12,1,0
BRDA:58,13,0,0
BRDA:58,13,1,0
BRDA:58,14,0,0
BRDA:58,14,1,0
BRDA:64,15,0,0
BRDA:64,15,1,0
BRDA:69,16,0,0
BRDA:69,16,1,0
BRDA:76,17,0,0
BRDA:76,17,1,0
BRDA:80,18,0,0
BRDA:80,18,1,0
BRDA:111,19,0,0
BRDA:111,19,1,0
BRDA:122,20,0,0
BRDA:122,20,1,0
BRDA:123,21,0,0
BRDA:123,21,1,0
BRDA:126,22,0,0
BRDA:126,22,1,0
BRDA:126,23,0,0
BRDA:126,23,1,0
BRDA:134,24,0,0
BRDA:134,24,1,0
BRDA:136,25,0,0
BRDA:136,25,1,0
BRDA:137,26,0,0
BRDA:137,26,1,0
BRDA:138,27,0,0
BRDA:138,27,1,0
BRDA:140,28,0,0
BRDA:140,28,1,0
BRDA:142,29,0,0
BRDA:142,29,1,0
BRDA:156,30,0,0
BRDA:156,30,1,0
BRDA:157,31,0,0
BRDA:157,31,1,0
BRDA:158,32,0,0
BRDA:158,32,1,0
BRDA:160,33,0,0
BRDA:160,33,1,0
BRDA:161,34,0,0
BRDA:161,34,1,0
BRDA:161,35,0,0
BRDA:161,35,1,0
BRDA:162,36,0,0
BRDA:162,36,1,0
BRDA:163,37,0,0
BRDA:163,37,1,0
BRDA:164,38,0,0
BRDA:164,38,1,0
BRDA:165,39,0,0
BRDA:165,39,1,0
BRDA:166,40,0,0
BRDA:166,40,1,0
BRDA:167,41,0,0
BRDA:167,41,1,0
BRDA:169,42,0,0
BRDA:169,42,1,0
BRDA:172,43,0,0
BRDA:172,43,1,0
BRDA:172,43,2,0
BRDA:173,44,0,0
BRDA:173,44,1,0
BRDA:173,44,2,0
BRDA:174,45,0,0
BRDA:174,45,1,0
BRDA:175,46,0,0
BRDA:175,46,1,0
BRDA:175,46,2,0
BRDA:176,47,0,0
BRDA:176,47,1,0
BRDA:177,48,0,0
BRDA:177,48,1,0
BRDA:177,48,2,0
BRDA:178,49,0,0
BRDA:178,49,1,0
BRDA:179,50,0,0
BRDA:179,50,1,0
BRDA:180,51,0,0
BRDA:180,51,1,0
BRDA:181,52,0,0
BRDA:181,52,1,0
BRDA:184,53,0,0
BRDA:184,53,1,0
BRDA:185,54,0,0
BRDA:185,54,1,0
BRDA:190,55,0,0
BRDA:190,55,1,0
BRDA:221,56,0,0
BRDA:221,56,1,0
BRDA:221,57,0,0
BRDA:221,57,1,0
BRDA:230,58,0,0
BRDA:230,58,1,0
BRDA:231,59,0,0
BRDA:231,59,1,0
BRDA:233,60,0,0
BRDA:233,60,1,0
BRDA:234,61,0,0
BRDA:234,61,1,0
BRDA:235,62,0,0
BRDA:235,62,1,0
BRDA:236,63,0,0
BRDA:236,63,1,0
BRDA:237,64,0,0
BRDA:237,64,1,0
BRDA:241,65,0,0
BRDA:241,65,1,0
BRDA:242,66,0,0
BRDA:242,66,1,0
BRDA:243,67,0,0
BRDA:243,67,1,0
BRDA:244,68,0,0
BRDA:244,68,1,0
BRDA:247,69,0,0
BRDA:247,69,1,0
BRDA:253,70,0,0
BRDA:253,70,1,0
BRDA:258,71,0,0
BRDA:258,71,1,0
BRDA:277,72,0,0
BRDA:277,72,1,0
BRDA:281,73,0,0
BRDA:281,73,1,0
BRDA:281,74,0,0
BRDA:281,74,1,0
BRDA:288,75,0,0
BRDA:288,75,1,0
BRDA:288,76,0,0
BRDA:288,76,1,0
BRDA:301,77,0,0
BRDA:301,77,1,0
BRDA:303,78,0,0
BRDA:303,78,1,0
BRDA:304,79,0,0
BRDA:304,79,1,0
BRDA:305,80,0,0
BRDA:305,80,1,0
BRDA:306,81,0,0
BRDA:306,81,1,0
BRDA:318,82,0,0
BRDA:318,82,1,0
BRDA:343,83,0,0
BRDA:343,83,1,0
BRDA:350,84,0,0
BRDA:350,84,1,0
BRDA:352,85,0,0
BRDA:352,85,1,0
BRDA:352,86,0,0
BRDA:352,86,1,0
BRDA:358,87,0,0
BRDA:358,87,1,0
BRDA:358,88,0,0
BRDA:358,88,1,0
BRDA:360,89,0,0
BRDA:360,89,1,0
BRDA:362,90,0,0
BRDA:362,90,1,0
BRDA:364,91,0,0
BRDA:364,91,1,0
BRDA:370,92,0,0
BRDA:370,92,1,0
BRDA:370,93,0,0
BRDA:370,93,1,0
BRDA:370,93,2,0
BRDA:372,94,0,0
BRDA:372,94,1,0
BRDA:377,95,0,0
BRDA:377,95,1,0
BRDA:384,96,0,0
BRDA:384,96,1,0
BRDA:394,97,0,0
BRDA:394,97,1,0
BRDA:395,98,0,0
BRDA:395,98,1,0
BRDA:400,99,0,0
BRDA:400,99,1,0
BRDA:401,100,0,0
BRDA:401,100,1,0
BRDA:408,101,0,0
BRDA:408,101,1,0
BRDA:439,102,0,0
BRDA:439,102,1,0
BRDA:445,103,0,0
BRDA:445,103,1,0
BRDA:446,104,0,0
BRDA:446,104,1,0
BRDA:447,105,0,0
BRDA:447,105,1,0
BRDA:448,106,0,0
BRDA:448,106,1,0
BRDA:449,107,0,0
BRDA:449,107,1,0
BRDA:450,108,0,0
BRDA:450,108,1,0
BRDA:451,109,0,0
BRDA:451,109,1,0
BRDA:452,110,0,0
BRDA:452,110,1,0
BRDA:453,111,0,0
BRDA:453,111,1,0
BRDA:464,112,0,0
BRDA:464,112,1,0
BRDA:465,113,0,0
BRDA:465,113,1,0
BRDA:469,114,0,0
BRDA:469,114,1,0
BRDA:479,115,0,0
BRDA:479,115,1,0
BRDA:484,116,0,0
BRDA:484,116,1,0
BRDA:485,117,0,0
BRDA:485,117,1,0
BRDA:490,118,0,0
BRDA:490,118,1,0
BRDA:490,119,0,0
BRDA:490,119,1,0
BRDA:491,120,0,0
BRDA:491,120,1,0
BRDA:497,121,0,0
BRDA:497,121,1,0
BRDA:506,122,0,0
BRDA:506,122,1,0
BRDA:527,123,0,0
BRDA:527,123,1,0
BRDA:548,124,0,0
BRDA:548,124,1,0
BRDA:559,125,0,0
BRDA:559,125,1,0
BRDA:567,126,0,0
BRDA:567,126,1,0
BRDA:567,126,2,0
BRDA:567,126,3,0
BRDA:572,127,0,0
BRDA:572,127,1,0
BRDA:576,128,0,0
BRDA:576,128,1,0
BRDA:580,129,0,0
BRDA:580,129,1,0
BRDA:599,130,0,0
BRDA:599,130,1,0
BRDA:601,131,0,0
BRDA:601,131,1,0
BRDA:613,132,0,0
BRDA:613,132,1,0
BRDA:613,133,0,0
BRDA:613,133,1,0
BRDA:616,134,0,0
BRDA:616,134,1,0
BRDA:635,135,0,0
BRDA:635,135,1,0
BRDA:636,136,0,0
BRDA:636,136,1,0
BRDA:657,137,0,0
BRDA:657,137,1,0
BRDA:700,138,0,0
BRDA:700,138,1,0
BRDA:705,139,0,0
BRDA:705,139,1,0
BRDA:705,139,2,0
BRDA:729,140,0,0
BRDA:729,140,1,0
BRDA:729,140,2,0
BRDA:736,141,0,0
BRDA:736,141,1,0
BRDA:745,142,0,0
BRDA:745,142,1,0
BRDA:756,143,0,0
BRDA:756,143,1,0
BRDA:756,143,2,0
BRDA:759,144,0,0
BRDA:759,144,1,0
BRF:300
BRH:0
end_of_record
TN:
SF:src/pages/YouTubeModule.jsx
FN:8,YouTubeModule
FN:36,(anonymous_1)
FN:48,(anonymous_2)
FN:58,(anonymous_3)
FN:78,(anonymous_4)
FN:127,(anonymous_5)
FN:134,(anonymous_6)
FN:151,(anonymous_7)
FN:172,(anonymous_8)
FN:192,(anonymous_9)
FN:209,(anonymous_10)
FN:224,(anonymous_11)
FN:245,(anonymous_12)
FNF:13
FNH:0
FNDA:0,YouTubeModule
FNDA:0,(anonymous_1)
FNDA:0,(anonymous_2)
FNDA:0,(anonymous_3)
FNDA:0,(anonymous_4)
FNDA:0,(anonymous_5)
FNDA:0,(anonymous_6)
FNDA:0,(anonymous_7)
FNDA:0,(anonymous_8)
FNDA:0,(anonymous_9)
FNDA:0,(anonymous_10)
FNDA:0,(anonymous_11)
FNDA:0,(anonymous_12)
DA:9,0
DA:10,0
DA:11,0
DA:14,0
DA:15,0
DA:16,0
DA:18,0
DA:23,0
DA:24,0
DA:25,0
DA:28,0
DA:36,0
DA:37,0
DA:38,0
DA:39,0
DA:40,0
DA:43,0
DA:48,0
DA:49,0
DA:50,0
DA:51,0
DA:52,0
DA:54,0
DA:58,0
DA:59,0
DA:61,0
DA:63,0
DA:64,0
DA:66,0
DA:68,0
DA:69,0
DA:73,0
DA:78,0
DA:80,0
DA:82,0
DA:87,0
DA:88,0
DA:91,0
DA:127,0
DA:134,0
DA:151,0
DA:172,0
DA:192,0
DA:209,0
DA:224,0
DA:245,0
LF:46
LH:0
BRDA:14,0,0,0
BRDA:14,0,1,0
BRDA:14,0,2,0
BRDA:14,0,3,0
BRDA:15,1,0,0
BRDA:15,1,1,0
BRDA:15,1,2,0
BRDA:15,1,3,0
BRDA:16,2,0,0
BRDA:16,2,1,0
BRDA:16,2,2,0
BRDA:16,2,3,0
BRDA:39,3,0,0
BRDA:39,3,1,0
BRDA:61,4,0,0
BRDA:61,4,1,0
BRDA:63,5,0,0
BRDA:63,5,1,0
BRDA:66,6,0,0
BRDA:66,6,1,0
BRDA:68,7,0,0
BRDA:68,7,1,0
BRDA:118,8,0,0
BRDA:118,8,1,0
BRDA:126,9,0,0
BRDA:126,9,1,0
BRDA:133,10,0,0
BRDA:133,10,1,0
BRDA:141,11,0,0
BRDA:141,11,1,0
BRDA:162,12,0,0
BRDA:162,12,1,0
BRDA:191,13,0,0
BRDA:191,13,1,0
BRDA:192,14,0,0
BRDA:192,14,1,0
BRDA:259,15,0,0
BRDA:259,15,1,0
BRF:38
BRH:0
end_of_record
TN:
SF:src/utils/apiConfig.js
FN:3,(anonymous_0)
FN:22,(anonymous_1)
FN:27,(anonymous_2)
FN:32,(anonymous_3)
FN:37,(anonymous_4)
FN:43,(anonymous_5)
FN:44,(anonymous_6)
FN:47,(anonymous_7)
FN:107,(anonymous_8)
FN:121,(anonymous_9)
FN:135,(anonymous_10)
FN:150,(anonymous_11)
FNF:12
FNH:0
FNDA:0,(anonymous_0)
FNDA:0,(anonymous_1)
FNDA:0,(anonymous_2)
FNDA:0,(anonymous_3)
FNDA:0,(anonymous_4)
FNDA:0,(anonymous_5)
FNDA:0,(anonymous_6)
FNDA:0,(anonymous_7)
FNDA:0,(anonymous_8)
FNDA:0,(anonymous_9)
FNDA:0,(anonymous_10)
FNDA:0,(anonymous_11)
DA:3,0
DA:4,0
DA:5,0
DA:8,0
DA:19,0
DA:22,0
DA:23,0
DA:24,0
DA:27,0
DA:28,0
DA:29,0
DA:32,0
DA:33,0
DA:34,0
DA:37,0
DA:38,0
DA:39,0
DA:43,0
DA:44,0
DA:47,0
DA:48,0
DA:50,0
DA:51,0
DA:59,0
DA:61,0
DA:62,0
DA:65,0
DA:68,0
DA:69,0
DA:70,0
DA:72,0
DA:76,0
DA:77,0
DA:89,0
DA:90,0
DA:91,0
DA:97,0
DA:98,0
DA:99,0
DA:100,0
DA:102,0
DA:107,0
DA:108,0
DA:110,0
DA:111,0
DA:114,0
DA:121,0
DA:122,0
DA:124,0
DA:125,0
DA:128,0
DA:135,0
DA:136,0
DA:138,0
DA:139,0
DA:142,0
DA:150,0
DA:151,0
DA:153,0
DA:154,0
DA:157,0
LF:61
LH:0
BRDA:19,0,0,0
BRDA:19,0,1,0
BRDA:47,1,0,0
BRDA:61,2,0,0
BRDA:61,2,1,0
BRDA:62,3,0,0
BRDA:62,3,1,0
BRDA:68,4,0,0
BRDA:68,4,1,0
BRDA:69,5,0,0
BRDA:69,5,1,0
BRDA:76,6,0,0
BRDA:76,6,1,0
BRDA:82,7,0,0
BRDA:82,7,1,0
BRDA:90,8,0,0
BRDA:90,8,1,0
BRDA:91,9,0,0
BRDA:91,9,1,0
BRDA:100,10,0,0
BRDA:100,10,1,0
BRDA:110,11,0,0
BRDA:110,11,1,0
BRDA:124,12,0,0
BRDA:124,12,1,0
BRDA:135,13,0,0
BRDA:138,14,0,0
BRDA:138,14,1,0
BRDA:153,15,0,0
BRDA:153,15,1,0
BRF:30
BRH:0
end_of_record
TN:
SF:src/utils/dataForSEO.js
FN:9,(anonymous_0)
FN:20,(anonymous_1)
FN:62,(anonymous_2)
FN:121,(anonymous_3)
FN:144,(anonymous_4)
FN:155,(anonymous_5)
FN:192,(anonymous_6)
FN:218,(anonymous_7)
FN:245,(anonymous_8)
FN:271,(anonymous_9)
FN:297,(anonymous_10)
FN:323,(anonymous_11)
FN:347,(anonymous_12)
FN:369,(anonymous_13)
FN:395,(anonymous_14)
FN:423,(anonymous_15)
FN:446,(anonymous_16)
FN:459,(anonymous_17)
FN:502,(anonymous_18)
FN:513,(anonymous_19)
FN:561,(anonymous_20)
FN:572,(anonymous_21)
FN:611,(anonymous_22)
FN:672,(anonymous_23)
FN:691,(anonymous_24)
FNF:25
FNH:0
FNDA:0,(anonymous_0)
FNDA:0,(anonymous_1)
FNDA:0,(anonymous_2)
FNDA:0,(anonymous_3)
FNDA:0,(anonymous_4)
FNDA:0,(anonymous_5)
FNDA:0,(anonymous_6)
FNDA:0,(anonymous_7)
FNDA:0,(anonymous_8)
FNDA:0,(anonymous_9)
FNDA:0,(anonymous_10)
FNDA:0,(anonymous_11)
FNDA:0,(anonymous_12)
FNDA:0,(anonymous_13)
FNDA:0,(anonymous_14)
FNDA:0,(anonymous_15)
FNDA:0,(anonymous_16)
FNDA:0,(anonymous_17)
FNDA:0,(anonymous_18)
FNDA:0,(anonymous_19)
FNDA:0,(anonymous_20)
FNDA:0,(anonymous_21)
FNDA:0,(anonymous_22)
FNDA:0,(anonymous_23)
FNDA:0,(anonymous_24)
DA:2,0
DA:3,0
DA:4,0
DA:9,0
DA:10,0
DA:11,0
DA:20,0
DA:21,0
DA:22,0
DA:25,0
DA:28,0
DA:31,0
DA:32,0
DA:35,0
DA:38,0
DA:39,0
DA:40,0
DA:43,0
DA:46,0
DA:47,0
DA:50,0
DA:62,0
DA:68,0
DA:70,0
DA:72,0
DA:74,0
DA:75,0
DA:76,0
DA:81,0
DA:83,0
DA:88,0
DA:90,0
DA:95,0
DA:97,0
DA:100,0
DA:103,0
DA:111,0
DA:120,0
DA:121,0
DA:122,0
DA:125,0
DA:128,0
DA:129,0
DA:132,0
DA:134,0
DA:135,0
DA:144,0
DA:145,0
DA:146,0
DA:149,0
DA:151,0
DA:152,0
DA:155,0
DA:192,0
DA:197,0
DA:198,0
DA:207,0
DA:217,0
DA:218,0
DA:219,0
DA:222,0
DA:225,0
DA:226,0
DA:229,0
DA:231,0
DA:232,0
DA:245,0
DA:251,0
DA:252,0
DA:261,0
DA:270,0
DA:271,0
DA:272,0
DA:275,0
DA:277,0
DA:278,0
DA:281,0
DA:283,0
DA:284,0
DA:297,0
DA:303,0
DA:304,0
DA:313,0
DA:322,0
DA:323,0
DA:324,0
DA:327,0
DA:329,0
DA:330,0
DA:333,0
DA:335,0
DA:336,0
DA:347,0
DA:351,0
DA:352,0
DA:359,0
DA:368,0
DA:369,0
DA:370,0
DA:373,0
DA:375,0
DA:376,0
DA:379,0
DA:381,0
DA:382,0
DA:395,0
DA:401,0
DA:402,0
DA:412,0
DA:422,0
DA:423,0
DA:424,0
DA:427,0
DA:430,0
DA:431,0
DA:434,0
DA:436,0
DA:437,0
DA:446,0
DA:448,0
DA:449,0
DA:452,0
DA:454,0
DA:455,0
DA:459,0
DA:462,0
DA:463,0
DA:466,0
DA:493,0
DA:502,0
DA:503,0
DA:504,0
DA:507,0
DA:509,0
DA:510,0
DA:513,0
DA:561,0
DA:562,0
DA:563,0
DA:566,0
DA:568,0
DA:569,0
DA:572,0
DA:611,0
DA:612,0
DA:613,0
DA:616,0
DA:618,0
DA:619,0
DA:622,0
DA:672,0
DA:673,0
DA:675,0
DA:676,0
DA:677,0
DA:680,0
DA:681,0
DA:683,0
DA:684,0
DA:685,0
DA:688,0
DA:689,0
DA:691,0
DA:692,0
DA:695,0
DA:696,0
DA:697,0
DA:699,0
DA:727,0
DA:728,0
DA:733,0
LF:171
LH:0
BRDA:3,0,0,0
BRDA:3,0,1,0
BRDA:4,1,0,0
BRDA:4,1,1,0
BRDA:21,2,0,0
BRDA:21,2,1,0
BRDA:21,3,0,0
BRDA:21,3,1,0
BRDA:46,4,0,0
BRDA:46,4,1,0
BRDA:46,5,0,0
BRDA:46,5,1,0
BRDA:64,6,0,0
BRDA:65,7,0,0
BRDA:66,8,0,0
BRDA:72,9,0,0
BRDA:72,9,1,0
BRDA:81,10,0,0
BRDA:81,10,1,0
BRDA:88,11,0,0
BRDA:88,11,1,0
BRDA:95,12,0,0
BRDA:95,12,1,0
BRDA:95,13,0,0
BRDA:95,13,1,0
BRDA:120,14,0,0
BRDA:120,14,1,0
BRDA:122,15,0,0
BRDA:122,15,1,0
BRDA:128,16,0,0
BRDA:128,16,1,0
BRDA:129,17,0,0
BRDA:129,17,1,0
BRDA:145,18,0,0
BRDA:145,18,1,0
BRDA:145,19,0,0
BRDA:145,19,1,0
BRDA:145,19,2,0
BRDA:151,20,0,0
BRDA:151,20,1,0
BRDA:151,21,0,0
BRDA:151,21,1,0
BRDA:162,22,0,0
BRDA:162,22,1,0
BRDA:163,23,0,0
BRDA:163,23,1,0
BRDA:164,24,0,0
BRDA:164,24,1,0
BRDA:167,25,0,0
BRDA:167,25,1,0
BRDA:168,26,0,0
BRDA:168,26,1,0
BRDA:169,27,0,0
BRDA:169,27,1,0
BRDA:170,28,0,0
BRDA:170,28,1,0
BRDA:171,29,0,0
BRDA:171,29,1,0
BRDA:172,30,0,0
BRDA:172,30,1,0
BRDA:175,31,0,0
BRDA:175,31,1,0
BRDA:176,32,0,0
BRDA:176,32,1,0
BRDA:177,33,0,0
BRDA:177,33,1,0
BRDA:178,34,0,0
BRDA:178,34,1,0
BRDA:179,35,0,0
BRDA:179,35,1,0
BRDA:194,36,0,0
BRDA:195,37,0,0
BRDA:217,38,0,0
BRDA:217,38,1,0
BRDA:219,39,0,0
BRDA:219,39,1,0
BRDA:225,40,0,0
BRDA:225,40,1,0
BRDA:226,41,0,0
BRDA:226,41,1,0
BRDA:247,42,0,0
BRDA:248,43,0,0
BRDA:249,44,0,0
BRDA:270,45,0,0
BRDA:270,45,1,0
BRDA:272,46,0,0
BRDA:272,46,1,0
BRDA:277,47,0,0
BRDA:277,47,1,0
BRDA:278,48,0,0
BRDA:278,48,1,0
BRDA:299,49,0,0
BRDA:300,50,0,0
BRDA:301,51,0,0
BRDA:322,52,0,0
BRDA:322,52,1,0
BRDA:324,53,0,0
BRDA:324,53,1,0
BRDA:329,54,0,0
BRDA:329,54,1,0
BRDA:330,55,0,0
BRDA:330,55,1,0
BRDA:349,56,0,0
BRDA:355,57,0,0
BRDA:355,57,1,0
BRDA:368,58,0,0
BRDA:368,58,1,0
BRDA:370,59,0,0
BRDA:370,59,1,0
BRDA:375,60,0,0
BRDA:375,60,1,0
BRDA:376,61,0,0
BRDA:376,61,1,0
BRDA:397,62,0,0
BRDA:398,63,0,0
BRDA:399,64,0,0
BRDA:422,65,0,0
BRDA:422,65,1,0
BRDA:424,66,0,0
BRDA:424,66,1,0
BRDA:430,67,0,0
BRDA:430,67,1,0
BRDA:431,68,0,0
BRDA:431,68,1,0
BRDA:448,69,0,0
BRDA:448,69,1,0
BRDA:448,70,0,0
BRDA:448,70,1,0
BRDA:448,70,2,0
BRDA:448,70,3,0
BRDA:454,71,0,0
BRDA:454,71,1,0
BRDA:454,72,0,0
BRDA:454,72,1,0
BRDA:462,73,0,0
BRDA:462,73,1,0
BRDA:463,74,0,0
BRDA:463,74,1,0
BRDA:470,75,0,0
BRDA:470,75,1,0
BRDA:471,76,0,0
BRDA:471,76,1,0
BRDA:473,77,0,0
BRDA:473,77,1,0
BRDA:474,78,0,0
BRDA:474,78,1,0
BRDA:503,79,0,0
BRDA:503,79,1,0
BRDA:503,80,0,0
BRDA:503,80,1,0
BRDA:503,80,2,0
BRDA:503,80,3,0
BRDA:509,81,0,0
BRDA:509,81,1,0
BRDA:509,82,0,0
BRDA:509,82,1,0
BRDA:519,83,0,0
BRDA:519,83,1,0
BRDA:520,84,0,0
BRDA:520,84,1,0
BRDA:521,85,0,0
BRDA:521,85,1,0
BRDA:522,86,0,0
BRDA:522,86,1,0
BRDA:525,87,0,0
BRDA:525,87,1,0
BRDA:526,88,0,0
BRDA:526,88,1,0
BRDA:527,89,0,0
BRDA:527,89,1,0
BRDA:528,90,0,0
BRDA:528,90,1,0
BRDA:529,91,0,0
BRDA:529,91,1,0
BRDA:530,92,0,0
BRDA:530,92,1,0
BRDA:531,93,0,0
BRDA:531,93,1,0
BRDA:532,94,0,0
BRDA:532,94,1,0
BRDA:533,95,0,0
BRDA:533,95,1,0
BRDA:534,96,0,0
BRDA:534,96,1,0
BRDA:538,97,0,0
BRDA:538,97,1,0
BRDA:539,98,0,0
BRDA:539,98,1,0
BRDA:540,99,0,0
BRDA:540,99,1,0
BRDA:541,100,0,0
BRDA:541,100,1,0
BRDA:542,101,0,0
BRDA:542,101,1,0
BRDA:543,102,0,0
BRDA:543,102,1,0
BRDA:544,103,0,0
BRDA:544,103,1,0
BRDA:545,104,0,0
BRDA:545,104,1,0
BRDA:546,105,0,0
BRDA:546,105,1,0
BRDA:547,106,0,0
BRDA:547,106,1,0
BRDA:562,107,0,0
BRDA:562,107,1,0
BRDA:562,108,0,0
BRDA:562,108,1,0
BRDA:562,108,2,0
BRDA:562,108,3,0
BRDA:568,109,0,0
BRDA:568,109,1,0
BRDA:568,110,0,0
BRDA:568,110,1,0
BRDA:574,111,0,0
BRDA:574,111,1,0
BRDA:580,112,0,0
BRDA:580,112,1,0
BRDA:581,113,0,0
BRDA:581,113,1,0
BRDA:582,114,0,0
BRDA:582,114,1,0
BRDA:583,115,0,0
BRDA:583,115,1,0
BRDA:584,116,0,0
BRDA:584,116,1,0
BRDA:585,117,0,0
BRDA:585,117,1,0
BRDA:586,118,0,0
BRDA:586,118,1,0
BRDA:587,119,0,0
BRDA:587,119,1,0
BRDA:588,120,0,0
BRDA:588,120,1,0
BRDA:589,121,0,0
BRDA:589,121,1,0
BRDA:592,122,0,0
BRDA:592,122,1,0
BRDA:593,123,0,0
BRDA:593,123,1,0
BRDA:594,124,0,0
BRDA:594,124,1,0
BRDA:612,125,0,0
BRDA:612,125,1,0
BRDA:612,126,0,0
BRDA:612,126,1,0
BRDA:612,126,2,0
BRDA:612,126,3,0
BRDA:618,127,0,0
BRDA:618,127,1,0
BRDA:625,128,0,0
BRDA:625,128,1,0
BRDA:626,129,0,0
BRDA:626,129,1,0
BRDA:627,130,0,0
BRDA:627,130,1,0
BRDA:628,131,0,0
BRDA:628,131,1,0
BRDA:630,132,0,0
BRDA:630,132,1,0
BRDA:630,132,2,0
BRDA:631,133,0,0
BRDA:631,133,1,0
BRDA:631,133,2,0
BRDA:632,134,0,0
BRDA:632,134,1,0
BRDA:632,134,2,0
BRDA:633,135,0,0
BRDA:633,135,1,0
BRDA:634,136,0,0
BRDA:634,136,1,0
BRDA:637,137,0,0
BRDA:637,137,1,0
BRDA:638,138,0,0
BRDA:638,138,1,0
BRDA:639,139,0,0
BRDA:639,139,1,0
BRDA:640,140,0,0
BRDA:640,140,1,0
BRDA:643,141,0,0
BRDA:643,141,1,0
BRDA:644,142,0,0
BRDA:644,142,1,0
BRDA:645,143,0,0
BRDA:645,143,1,0
BRDA:648,144,0,0
BRDA:648,144,1,0
BRDA:649,145,0,0
BRDA:649,145,1,0
BRDA:650,146,0,0
BRDA:650,146,1,0
BRDA:651,147,0,0
BRDA:651,147,1,0
BRDA:652,148,0,0
BRDA:652,148,1,0
BRDA:655,149,0,0
BRDA:655,149,1,0
BRDA:656,150,0,0
BRDA:656,150,1,0
BRDA:657,151,0,0
BRDA:657,151,1,0
BRDA:658,152,0,0
BRDA:658,152,1,0
BRDA:675,153,0,0
BRDA:675,153,1,0
BRDA:675,154,0,0
BRDA:675,154,1,0
BRDA:675,154,2,0
BRDA:675,154,3,0
BRDA:683,155,0,0
BRDA:683,155,1,0
BRDA:683,156,0,0
BRDA:683,156,1,0
BRDA:695,157,0,0
BRDA:695,157,1,0
BRDA:696,158,0,0
BRDA:696,158,1,0
BRDA:697,159,0,0
BRDA:697,159,1,0
BRDA:703,160,0,0
BRDA:703,160,1,0
BRDA:704,161,0,0
BRDA:704,161,1,0
BRDA:705,162,0,0
BRDA:705,162,1,0
BRDA:706,163,0,0
BRDA:706,163,1,0
BRDA:717,164,0,0
BRDA:717,164,1,0
BRDA:718,165,0,0
BRDA:718,165,1,0
BRDA:719,166,0,0
BRDA:719,166,1,0
BRDA:720,167,0,0
BRDA:720,167,1,0
BRDA:721,168,0,0
BRDA:721,168,1,0
BRDA:722,169,0,0
BRDA:722,169,1,0
BRDA:723,170,0,0
BRDA:723,170,1,0
BRF:341
BRH:0
end_of_record
TN:
SF:src/utils/emailService.js
FN:11,(anonymous_0)
FN:26,(anonymous_1)
FN:45,(anonymous_2)
FN:160,(anonymous_3)
FNF:4
FNH:0
FNDA:0,(anonymous_0)
FNDA:0,(anonymous_1)
FNDA:0,(anonymous_2)
FNDA:0,(anonymous_3)
DA:4,0
DA:5,0
DA:6,0
DA:11,0
DA:12,0
DA:13,0
DA:18,0
DA:26,0
DA:28,0
DA:30,0
DA:31,0
DA:34,0
DA:45,0
DA:46,0
DA:141,0
DA:148,0
DA:160,0
DA:166,0
DA:167,0
DA:168,0
DA:171,0
DA:173,0
DA:185,0
DA:191,0
DA:197,0
DA:198,0
LF:26
LH:0
BRDA:4,0,0,0
BRDA:4,0,1,0
BRDA:5,1,0,0
BRDA:5,1,1,0
BRDA:6,2,0,0
BRDA:6,2,1,0
BRDA:12,3,0,0
BRDA:12,3,1,0
BRDA:28,4,0,0
BRDA:28,4,1,0
BRDA:30,5,0,0
BRDA:30,5,1,0
BRDA:30,6,0,0
BRDA:30,6,1,0
BRDA:55,7,0,0
BRDA:55,7,1,0
BRDA:59,8,0,0
BRDA:59,8,1,0
BRDA:63,9,0,0
BRDA:63,9,1,0
BRDA:162,10,0,0
BRDA:167,11,0,0
BRDA:167,11,1,0
BRDA:167,12,0,0
BRDA:167,12,1,0
BRDA:167,12,2,0
BRDA:200,13,0,0
BRDA:200,13,1,0
BRF:28
BRH:0
end_of_record
TN:
SF:src/utils/exportToExcel.js
FN:4,(anonymous_0)
FN:50,(anonymous_1)
FN:68,(anonymous_2)
FN:83,(anonymous_3)
FN:100,(anonymous_4)
FN:117,(anonymous_5)
FN:134,(anonymous_6)
FN:152,(anonymous_7)
FN:164,(anonymous_8)
FN:175,(anonymous_9)
FN:186,(anonymous_10)
FNF:11
FNH:0
FNDA:0,(anonymous_0)
FNDA:0,(anonymous_1)
FNDA:0,(anonymous_2)
FNDA:0,(anonymous_3)
FNDA:0,(anonymous_4)
FNDA:0,(anonymous_5)
FNDA:0,(anonymous_6)
FNDA:0,(anonymous_7)
FNDA:0,(anonymous_8)
FNDA:0,(anonymous_9)
FNDA:0,(anonymous_10)
DA:4,0
DA:5,0
DA:6,0
DA:20,0
DA:34,0
DA:35,0
DA:36,0
DA:37,0
DA:38,0
DA:39,0
DA:40,0
DA:41,0
DA:42,0
DA:45,0
DA:49,0
DA:50,0
DA:61,0
DA:62,0
DA:67,0
DA:68,0
DA:76,0
DA:77,0
DA:82,0
DA:83,0
DA:93,0
DA:94,0
DA:99,0
DA:100,0
DA:110,0
DA:111,0
DA:116,0
DA:117,0
DA:127,0
DA:128,0
DA:133,0
DA:134,0
DA:145,0
DA:146,0
DA:151,0
DA:152,0
DA:157,0
DA:158,0
DA:163,0
DA:164,0
DA:169,0
DA:170,0
DA:174,0
DA:175,0
DA:180,0
DA:181,0
DA:185,0
DA:186,0
DA:191,0
DA:192,0
DA:196,0
DA:197,0
DA:198,0
DA:203,0
DA:204,0
DA:207,0
DA:208,0
DA:211,0
DA:213,0
DA:217,0
DA:220,0
DA:222,0
DA:224,0
DA:225,0
LF:68
LH:0
BRDA:35,0,0,0
BRDA:35,0,1,0
BRDA:36,1,0,0
BRDA:36,1,1,0
BRDA:37,2,0,0
BRDA:37,2,1,0
BRDA:38,3,0,0
BRDA:38,3,1,0
BRDA:39,4,0,0
BRDA:39,4,1,0
BRDA:40,5,0,0
BRDA:40,5,1,0
BRDA:41,6,0,0
BRDA:41,6,1,0
BRDA:42,7,0,0
BRDA:42,7,1,0
BRDA:49,8,0,0
BRDA:49,8,1,0
BRDA:49,9,0,0
BRDA:49,9,1,0
BRDA:51,10,0,0
BRDA:51,10,1,0
BRDA:52,11,0,0
BRDA:52,11,1,0
BRDA:53,12,0,0
BRDA:53,12,1,0
BRDA:54,13,0,0
BRDA:54,13,1,0
BRDA:55,14,0,0
BRDA:55,14,1,0
BRDA:56,15,0,0
BRDA:56,15,1,0
BRDA:57,16,0,0
BRDA:57,16,1,0
BRDA:58,17,0,0
BRDA:58,17,1,0
BRDA:59,18,0,0
BRDA:59,18,1,0
BRDA:67,19,0,0
BRDA:67,19,1,0
BRDA:67,20,0,0
BRDA:67,20,1,0
BRDA:69,21,0,0
BRDA:69,21,1,0
BRDA:70,22,0,0
BRDA:70,22,1,0
BRDA:71,23,0,0
BRDA:71,23,1,0
BRDA:72,24,0,0
BRDA:72,24,1,0
BRDA:73,25,0,0
BRDA:73,25,1,0
BRDA:74,26,0,0
BRDA:74,26,1,0
BRDA:82,27,0,0
BRDA:82,27,1,0
BRDA:82,28,0,0
BRDA:82,28,1,0
BRDA:84,29,0,0
BRDA:84,29,1,0
BRDA:85,30,0,0
BRDA:85,30,1,0
BRDA:86,31,0,0
BRDA:86,31,1,0
BRDA:87,32,0,0
BRDA:87,32,1,0
BRDA:88,33,0,0
BRDA:88,33,1,0
BRDA:89,34,0,0
BRDA:89,34,1,0
BRDA:90,35,0,0
BRDA:90,35,1,0
BRDA:91,36,0,0
BRDA:91,36,1,0
BRDA:99,37,0,0
BRDA:99,37,1,0
BRDA:99,38,0,0
BRDA:99,38,1,0
BRDA:101,39,0,0
BRDA:101,39,1,0
BRDA:102,40,0,0
BRDA:102,40,1,0
BRDA:103,41,0,0
BRDA:103,41,1,0
BRDA:104,42,0,0
BRDA:104,42,1,0
BRDA:105,43,0,0
BRDA:105,43,1,0
BRDA:106,44,0,0
BRDA:106,44,1,0
BRDA:107,45,0,0
BRDA:107,45,1,0
BRDA:108,46,0,0
BRDA:108,46,1,0
BRDA:116,47,0,0
BRDA:116,47,1,0
BRDA:116,48,0,0
BRDA:116,48,1,0
BRDA:118,49,0,0
BRDA:118,49,1,0
BRDA:119,50,0,0
BRDA:119,50,1,0
BRDA:120,51,0,0
BRDA:120,51,1,0
BRDA:121,52,0,0
BRDA:121,52,1,0
BRDA:122,53,0,0
BRDA:122,53,1,0
BRDA:123,54,0,0
BRDA:123,54,1,0
BRDA:124,55,0,0
BRDA:124,55,1,0
BRDA:125,56,0,0
BRDA:125,56,1,0
BRDA:133,57,0,0
BRDA:133,57,1,0
BRDA:133,58,0,0
BRDA:133,58,1,0
BRDA:135,59,0,0
BRDA:135,59,1,0
BRDA:136,60,0,0
BRDA:136,60,1,0
BRDA:137,61,0,0
BRDA:137,61,1,0
BRDA:138,62,0,0
BRDA:138,62,1,0
BRDA:139,63,0,0
BRDA:139,63,1,0
BRDA:140,64,0,0
BRDA:140,64,1,0
BRDA:141,65,0,0
BRDA:141,65,1,0
BRDA:142,66,0,0
BRDA:142,66,1,0
BRDA:143,67,0,0
BRDA:143,67,1,0
BRDA:151,68,0,0
BRDA:151,68,1,0
BRDA:151,69,0,0
BRDA:151,69,1,0
BRDA:153,70,0,0
BRDA:153,70,1,0
BRDA:154,71,0,0
BRDA:154,71,1,0
BRDA:155,72,0,0
BRDA:155,72,1,0
BRDA:163,73,0,0
BRDA:163,73,1,0
BRDA:163,74,0,0
BRDA:163,74,1,0
BRDA:165,75,0,0
BRDA:165,75,1,0
BRDA:166,76,0,0
BRDA:166,76,1,0
BRDA:167,77,0,0
BRDA:167,77,1,0
BRDA:174,78,0,0
BRDA:174,78,1,0
BRDA:174,79,0,0
BRDA:174,79,1,0
BRDA:176,80,0,0
BRDA:176,80,1,0
BRDA:177,81,0,0
BRDA:177,81,1,0
BRDA:178,82,0,0
BRDA:178,82,1,0
BRDA:185,83,0,0
BRDA:185,83,1,0
BRDA:185,84,0,0
BRDA:185,84,1,0
BRDA:187,85,0,0
BRDA:187,85,1,0
BRDA:188,86,0,0
BRDA:188,86,1,0
BRDA:189,87,0,0
BRDA:189,87,1,0
BRDA:196,88,0,0
BRDA:196,88,1,0
BRF:178
BRH:0
end_of_record
TN:
SF:src/utils/searchCache.js
FN:10,(anonymous_0)
FN:17,(anonymous_1)
FN:25,(anonymous_2)
FN:42,(anonymous_3)
FN:65,(anonymous_4)
FN:78,(anonymous_5)
FN:86,(anonymous_6)
FN:93,(anonymous_7)
FN:110,(anonymous_8)
FN:133,(anonymous_9)
FN:146,(anonymous_10)
FN:153,(anonymous_11)
FN:170,(anonymous_12)
FN:193,(anonymous_13)
FN:206,(anonymous_14)
FN:213,(anonymous_15)
FN:230,(anonymous_16)
FN:253,(anonymous_17)
FN:266,(anonymous_18)
FN:273,(anonymous_19)
FN:290,(anonymous_20)
FN:312,(anonymous_21)
FN:325,(anonymous_22)
FN:332,(anonymous_23)
FN:349,(anonymous_24)
FN:371,(anonymous_25)
FN:384,(anonymous_26)
FN:402,(anonymous_27)
FN:420,(anonymous_28)
FN:444,(anonymous_29)
FN:465,(anonymous_30)
FN:478,(anonymous_31)
FN:486,(anonymous_32)
FNF:33
FNH:0
FNDA:0,(anonymous_0)
FNDA:0,(anonymous_1)
FNDA:0,(anonymous_2)
FNDA:0,(anonymous_3)
FNDA:0,(anonymous_4)
FNDA:0,(anonymous_5)
FNDA:0,(anonymous_6)
FNDA:0,(anonymous_7)
FNDA:0,(anonymous_8)
FNDA:0,(anonymous_9)
FNDA:0,(anonymous_10)
FNDA:0,(anonymous_11)
FNDA:0,(anonymous_12)
FNDA:0,(anonymous_13)
FNDA:0,(anonymous_14)
FNDA:0,(anonymous_15)
FNDA:0,(anonymous_16)
FNDA:0,(anonymous_17)
FNDA:0,(anonymous_18)
FNDA:0,(anonymous_19)
FNDA:0,(anonymous_20)
FNDA:0,(anonymous_21)
FNDA:0,(anonymous_22)
FNDA:0,(anonymous_23)
FNDA:0,(anonymous_24)
FNDA:0,(anonymous_25)
FNDA:0,(anonymous_26)
FNDA:0,(anonymous_27)
FNDA:0,(anonymous_28)
FNDA:0,(anonymous_29)
FNDA:0,(anonymous_30)
FNDA:0,(anonymous_31)
FNDA:0,(anonymous_32)
DA:4,0
DA:5,0
DA:10,0
DA:11,0
DA:17,0
DA:18,0
DA:19,0
DA:25,0
DA:26,0
DA:27,0
DA:31,0
DA:32,0
DA:34,0
DA:35,0
DA:42,0
DA:43,0
DA:44,0
DA:45,0
DA:47,0
DA:50,0
DA:51,0
DA:52,0
DA:55,0
DA:57,0
DA:58,0
DA:65,0
DA:66,0
DA:67,0
DA:68,0
DA:70,0
DA:71,0
DA:78,0
DA:79,0
DA:80,0
DA:84,0
DA:86,0
DA:87,0
DA:93,0
DA:94,0
DA:95,0
DA:99,0
DA:100,0
DA:102,0
DA:103,0
DA:110,0
DA:111,0
DA:112,0
DA:113,0
DA:115,0
DA:118,0
DA:119,0
DA:120,0
DA:123,0
DA:125,0
DA:126,0
DA:133,0
DA:134,0
DA:135,0
DA:136,0
DA:138,0
DA:139,0
DA:144,0
DA:146,0
DA:147,0
DA:153,0
DA:154,0
DA:155,0
DA:159,0
DA:160,0
DA:162,0
DA:163,0
DA:170,0
DA:171,0
DA:172,0
DA:173,0
DA:175,0
DA:178,0
DA:179,0
DA:180,0
DA:183,0
DA:185,0
DA:186,0
DA:193,0
DA:194,0
DA:195,0
DA:196,0
DA:198,0
DA:199,0
DA:204,0
DA:206,0
DA:207,0
DA:213,0
DA:214,0
DA:215,0
DA:219,0
DA:220,0
DA:222,0
DA:223,0
DA:230,0
DA:231,0
DA:232,0
DA:233,0
DA:235,0
DA:238,0
DA:239,0
DA:240,0
DA:243,0
DA:245,0
DA:246,0
DA:253,0
DA:254,0
DA:255,0
DA:256,0
DA:258,0
DA:259,0
DA:264,0
DA:266,0
DA:267,0
DA:273,0
DA:274,0
DA:275,0
DA:279,0
DA:280,0
DA:282,0
DA:283,0
DA:290,0
DA:291,0
DA:292,0
DA:293,0
DA:295,0
DA:297,0
DA:298,0
DA:299,0
DA:302,0
DA:304,0
DA:305,0
DA:312,0
DA:313,0
DA:314,0
DA:315,0
DA:317,0
DA:318,0
DA:323,0
DA:325,0
DA:326,0
DA:332,0
DA:333,0
DA:334,0
DA:338,0
DA:339,0
DA:341,0
DA:342,0
DA:349,0
DA:350,0
DA:351,0
DA:352,0
DA:354,0
DA:356,0
DA:357,0
DA:358,0
DA:361,0
DA:363,0
DA:364,0
DA:371,0
DA:372,0
DA:373,0
DA:374,0
DA:376,0
DA:377,0
DA:382,0
DA:384,0
DA:385,0
DA:391,0
DA:402,0
DA:403,0
DA:404,0
DA:409,0
DA:410,0
DA:412,0
DA:413,0
DA:420,0
DA:421,0
DA:422,0
DA:423,0
DA:425,0
DA:428,0
DA:429,0
DA:430,0
DA:431,0
DA:434,0
DA:436,0
DA:437,0
DA:444,0
DA:445,0
DA:446,0
DA:447,0
DA:449,0
DA:455,0
DA:457,0
DA:458,0
DA:465,0
DA:466,0
DA:467,0
DA:468,0
DA:470,0
DA:471,0
DA:478,0
DA:479,0
DA:480,0
DA:486,0
DA:487,0
DA:488,0
LF:212
LH:0
BRDA:18,0,0,0
BRDA:18,0,1,0
BRDA:18,1,0,0
BRDA:18,1,1,0
BRDA:45,2,0,0
BRDA:45,2,1,0
BRDA:50,3,0,0
BRDA:50,3,1,0
BRDA:113,4,0,0
BRDA:113,4,1,0
BRDA:118,5,0,0
BRDA:118,5,1,0
BRDA:173,6,0,0
BRDA:173,6,1,0
BRDA:178,7,0,0
BRDA:178,7,1,0
BRDA:233,8,0,0
BRDA:233,8,1,0
BRDA:238,9,0,0
BRDA:238,9,1,0
BRDA:293,10,0,0
BRDA:293,10,1,0
BRDA:297,11,0,0
BRDA:297,11,1,0
BRDA:352,12,0,0
BRDA:352,12,1,0
BRDA:356,13,0,0
BRDA:356,13,1,0
BRDA:423,14,0,0
BRDA:423,14,1,0
BRDA:429,15,0,0
BRDA:429,15,1,0
BRDA:447,16,0,0
BRDA:447,16,1,0
BRDA:480,17,0,0
BRDA:480,17,1,0
BRDA:488,18,0,0
BRDA:488,18,1,0
BRF:38
BRH:0
end_of_record
TN:
SF:src/utils/twitterAccountEvolution.js
FN:12,(anonymous_0)
FN:33,(anonymous_1)
FN:57,(anonymous_2)
FN:90,(anonymous_3)
FN:145,(anonymous_4)
FN:147,(anonymous_5)
FN:157,(anonymous_6)
FN:170,(anonymous_7)
FN:220,(anonymous_8)
FN:288,(anonymous_9)
FN:311,(anonymous_10)
FN:337,(anonymous_11)
FN:374,(anonymous_12)
FN:376,(anonymous_13)
FN:393,(anonymous_14)
FN:399,(anonymous_15)
FN:400,(anonymous_16)
FNF:17
FNH:0
FNDA:0,(anonymous_0)
FNDA:0,(anonymous_1)
FNDA:0,(anonymous_2)
FNDA:0,(anonymous_3)
FNDA:0,(anonymous_4)
FNDA:0,(anonymous_5)
FNDA:0,(anonymous_6)
FNDA:0,(anonymous_7)
FNDA:0,(anonymous_8)
FNDA:0,(anonymous_9)
FNDA:0,(anonymous_10)
FNDA:0,(anonymous_11)
FNDA:0,(anonymous_12)
FNDA:0,(anonymous_13)
FNDA:0,(anonymous_14)
FNDA:0,(anonymous_15)
FNDA:0,(anonymous_16)
DA:12,0
DA:13,0
DA:14,0
DA:20,0
DA:21,0
DA:23,0
DA:24,0
DA:33,0
DA:34,0
DA:35,0
DA:54,0
DA:57,0
DA:58,0
DA:59,0
DA:60,0
DA:63,0
DA:77,0
DA:79,0
DA:80,0
DA:90,0
DA:91,0
DA:92,0
DA:93,0
DA:96,0
DA:102,0
DA:105,0
DA:123,0
DA:125,0
DA:126,0
DA:144,0
DA:145,0
DA:146,0
DA:147,0
DA:148,0
DA:151,0
DA:152,0
DA:153,0
DA:157,0
DA:158,0
DA:159,0
DA:160,0
DA:164,0
DA:167,0
DA:170,0
DA:171,0
DA:172,0
DA:173,0
DA:176,0
DA:208,0
DA:209,0
DA:220,0
DA:221,0
DA:223,0
DA:224,0
DA:225,0
DA:228,0
DA:229,0
DA:230,0
DA:232,0
DA:237,0
DA:238,0
DA:241,0
DA:242,0
DA:245,0
DA:258,0
DA:279,0
DA:280,0
DA:288,0
DA:289,0
DA:290,0
DA:307,0
DA:310,0
DA:312,0
DA:318,0
DA:328,0
DA:331,0
DA:332,0
DA:337,0
DA:338,0
DA:344,0
DA:346,0
DA:360,0
DA:362,0
DA:363,0
DA:364,0
DA:374,0
DA:375,0
DA:376,0
DA:377,0
DA:379,0
DA:380,0
DA:382,0
DA:393,0
DA:394,0
DA:395,0
DA:399,0
DA:400,0
DA:401,0
DA:403,0
DA:404,0
DA:405,0
DA:406,0
LF:102
LH:0
BRDA:12,0,0,0
BRDA:20,1,0,0
BRDA:20,1,1,0
BRDA:54,2,0,0
BRDA:54,2,1,0
BRDA:60,3,0,0
BRDA:60,3,1,0
BRDA:67,4,0,0
BRDA:67,4,1,0
BRDA:69,5,0,0
BRDA:69,5,1,0
BRDA:70,6,0,0
BRDA:70,6,1,0
BRDA:71,7,0,0
BRDA:71,7,1,0
BRDA:72,8,0,0
BRDA:72,8,1,0
BRDA:73,9,0,0
BRDA:73,9,1,0
BRDA:90,10,0,0
BRDA:102,11,0,0
BRDA:102,11,1,0
BRDA:123,12,0,0
BRDA:123,12,1,0
BRDA:125,13,0,0
BRDA:125,13,1,0
BRDA:148,14,0,0
BRDA:148,14,1,0
BRDA:160,15,0,0
BRDA:160,15,1,0
BRDA:171,16,0,0
BRDA:171,16,1,0
BRDA:172,17,0,0
BRDA:172,17,1,0
BRDA:190,18,0,0
BRDA:190,18,1,0
BRDA:199,19,0,0
BRDA:199,19,1,0
BRDA:200,20,0,0
BRDA:200,20,1,0
BRDA:201,21,0,0
BRDA:201,21,1,0
BRDA:220,22,0,0
BRDA:220,23,0,0
BRDA:237,24,0,0
BRDA:237,24,1,0
BRDA:237,25,0,0
BRDA:237,25,1,0
BRDA:271,26,0,0
BRDA:271,26,1,0
BRDA:271,27,0,0
BRDA:271,27,1,0
BRDA:272,28,0,0
BRDA:272,28,1,0
BRDA:272,29,0,0
BRDA:272,29,1,0
BRDA:307,30,0,0
BRDA:307,30,1,0
BRDA:320,31,0,0
BRDA:320,31,1,0
BRDA:344,32,0,0
BRDA:344,32,1,0
BRDA:360,33,0,0
BRDA:360,33,1,0
BRDA:363,34,0,0
BRDA:363,34,1,0
BRDA:377,35,0,0
BRDA:377,35,1,0
BRDA:394,36,0,0
BRDA:394,36,1,0
BRDA:394,37,0,0
BRDA:394,37,1,0
BRDA:403,38,0,0
BRDA:403,38,1,0
BRDA:404,39,0,0
BRDA:404,39,1,0
BRDA:405,40,0,0
BRDA:405,40,1,0
BRF:78
BRH:0
end_of_record
TN:
SF:src/utils/youtubeHelper.js
FN:8,(anonymous_0)
FN:52,(anonymous_1)
FN:75,(anonymous_2)
FN:87,(anonymous_3)
FN:125,(anonymous_4)
FN:134,(anonymous_5)
FN:188,(anonymous_6)
FN:201,(anonymous_7)
FNF:8
FNH:0
FNDA:0,(anonymous_0)
FNDA:0,(anonymous_1)
FNDA:0,(anonymous_2)
FNDA:0,(anonymous_3)
FNDA:0,(anonymous_4)
FNDA:0,(anonymous_5)
FNDA:0,(anonymous_6)
FNDA:0,(anonymous_7)
DA:8,0
DA:9,0
DA:11,0
DA:13,0
DA:16,0
DA:17,0
DA:18,0
DA:21,0
DA:22,0
DA:23,0
DA:26,0
DA:27,0
DA:28,0
DA:31,0
DA:32,0
DA:33,0
DA:36,0
DA:37,0
DA:38,0
DA:40,0
DA:42,0
DA:43,0
DA:52,0
DA:53,0
DA:56,0
DA:57,0
DA:61,0
DA:62,0
DA:66,0
DA:67,0
DA:75,0
DA:76,0
DA:77,0
DA:79,0
DA:87,0
DA:88,0
DA:91,0
DA:92,0
DA:94,0
DA:96,0
DA:99,0
DA:102,0
DA:103,0
DA:106,0
DA:107,0
DA:110,0
DA:117,0
DA:125,0
DA:126,0
DA:134,0
DA:135,0
DA:137,0
DA:138,0
DA:141,0
DA:142,0
DA:146,0
DA:147,0
DA:148,0
DA:152,0
DA:153,0
DA:154,0
DA:157,0
DA:158,0
DA:159,0
DA:162,0
DA:163,0
DA:164,0
DA:167,0
DA:168,0
DA:169,0
DA:172,0
DA:173,0
DA:174,0
DA:176,0
DA:178,0
DA:179,0
DA:188,0
DA:189,0
DA:192,0
DA:193,0
DA:201,0
DA:202,0
DA:203,0
LF:83
LH:0
BRDA:9,0,0,0
BRDA:9,0,1,0
BRDA:9,1,0,0
BRDA:9,1,1,0
BRDA:18,2,0,0
BRDA:18,2,1,0
BRDA:23,3,0,0
BRDA:23,3,1,0
BRDA:28,4,0,0
BRDA:28,4,1,0
BRDA:33,5,0,0
BRDA:33,5,1,0
BRDA:38,6,0,0
BRDA:38,6,1,0
BRDA:53,7,0,0
BRDA:53,7,1,0
BRDA:53,8,0,0
BRDA:53,8,1,0
BRDA:56,9,0,0
BRDA:56,9,1,0
BRDA:56,10,0,0
BRDA:56,10,1,0
BRDA:56,10,2,0
BRDA:61,11,0,0
BRDA:61,11,1,0
BRDA:61,12,0,0
BRDA:61,12,1,0
BRDA:67,13,0,0
BRDA:67,13,1,0
BRDA:77,14,0,0
BRDA:77,14,1,0
BRDA:88,15,0,0
BRDA:88,15,1,0
BRDA:96,16,0,0
BRDA:96,16,1,0
BRDA:96,17,0,0
BRDA:96,17,1,0
BRDA:99,18,0,0
BRDA:99,18,1,0
BRDA:103,19,0,0
BRDA:103,19,1,0
BRDA:106,20,0,0
BRDA:106,20,1,0
BRDA:135,21,0,0
BRDA:135,21,1,0
BRDA:135,22,0,0
BRDA:135,22,1,0
BRDA:141,23,0,0
BRDA:141,23,1,0
BRDA:147,24,0,0
BRDA:147,24,1,0
BRDA:154,25,0,0
BRDA:154,25,1,0
BRDA:159,26,0,0
BRDA:159,26,1,0
BRDA:164,27,0,0
BRDA:164,27,1,0
BRDA:169,28,0,0
BRDA:169,28,1,0
BRDA:174,29,0,0
BRDA:174,29,1,0
BRDA:189,30,0,0
BRDA:189,30,1,0
BRDA:189,31,0,0
BRDA:189,31,1,0
BRDA:203,32,0,0
BRDA:203,32,1,0
BRF:67
BRH:0
end_of_record
